command:  bin/test_ada_lib -gegG -AA -l -L /Users/wayne/bin/dbdaemon    -p 2300
test_ada_lib
main_task_00007FB417008800: [00:00:00] aunit-test_cases.adb:116 AUnit.Test_Cases.Routine_Name (2) routine name not set
main_task_00007FB417008800: [00:00:00] aunit-test_suites.adb:64 AUnit.Test_Suites.Add_Test (3) in TC_elt suite: 'Curl' no routine name
main_task_00007FB417008800: [00:00:00] aunit-test_suites.adb:73 AUnit.Test_Suites.Add_Test (3) out
main_task_00007FB417008800: [00:00:00] aunit-test_suites.adb:47 AUnit.Test_Suites.Add_Test (3) in TS_Elt
main_task_00007FB417008800: [00:00:00] aunit-test_suites.adb:52 AUnit.Test_Suites.Add_Test (3) out
main_task_00007FB417008800: [00:00:00] aunit-test_cases.adb:116 AUnit.Test_Cases.Routine_Name (3) routine name not set
main_task_00007FB417008800: [00:00:00] aunit-test_suites.adb:64 AUnit.Test_Suites.Add_Test (4) in TC_elt suite: 'Directory' no routine name
main_task_00007FB417008800: [00:00:00] aunit-test_suites.adb:73 AUnit.Test_Suites.Add_Test (4) out
main_task_00007FB417008800: [00:00:00] aunit-test_suites.adb:47 AUnit.Test_Suites.Add_Test (3) in TS_Elt
main_task_00007FB417008800: [00:00:00] aunit-test_suites.adb:52 AUnit.Test_Suites.Add_Test (3) out
main_task_00007FB417008800: [00:00:00] aunit-test_cases.adb:116 AUnit.Test_Cases.Routine_Name (2) routine name not set
main_task_00007FB417008800: [00:00:00] aunit-test_suites.adb:64 AUnit.Test_Suites.Add_Test (3) in TC_elt suite: 'Timer' no routine name
main_task_00007FB417008800: [00:00:00] aunit-test_suites.adb:73 AUnit.Test_Suites.Add_Test (3) out
main_task_00007FB417008800: [00:00:00] aunit-test_suites.adb:47 AUnit.Test_Suites.Add_Test (3) in TS_Elt
main_task_00007FB417008800: [00:00:00] aunit-test_suites.adb:52 AUnit.Test_Suites.Add_Test (3) out
main_task_00007FB417008800: [00:00:00] aunit-test_cases.adb:116 AUnit.Test_Cases.Routine_Name (2) routine name not set
main_task_00007FB417008800: [00:00:00] aunit-test_suites.adb:64 AUnit.Test_Suites.Add_Test (3) in TC_elt suite: 'Trace' no routine name
main_task_00007FB417008800: [00:00:00] aunit-test_suites.adb:73 AUnit.Test_Suites.Add_Test (3) out
main_task_00007FB417008800: [00:00:00] aunit-test_suites.adb:47 AUnit.Test_Suites.Add_Test (3) in TS_Elt
main_task_00007FB417008800: [00:00:00] aunit-test_suites.adb:52 AUnit.Test_Suites.Add_Test (3) out
main_task_00007FB417008800: [00:00:00] aunit-test_cases.adb:116 AUnit.Test_Cases.Routine_Name (2) routine name not set
main_task_00007FB417008800: [00:00:00] aunit-test_suites.adb:64 AUnit.Test_Suites.Add_Test (3) in TC_elt suite: 'Lock' no routine name
main_task_00007FB417008800: [00:00:00] aunit-test_suites.adb:73 AUnit.Test_Suites.Add_Test (3) out
main_task_00007FB417008800: [00:00:00] aunit-test_suites.adb:47 AUnit.Test_Suites.Add_Test (3) in TS_Elt
main_task_00007FB417008800: [00:00:00] aunit-test_suites.adb:52 AUnit.Test_Suites.Add_Test (3) out
main_task_00007FB417008800: [00:00:00] aunit-test_cases.adb:116 AUnit.Test_Cases.Routine_Name (2) routine name not set
main_task_00007FB417008800: [00:00:00] aunit-test_suites.adb:64 AUnit.Test_Suites.Add_Test (3) in TC_elt suite: 'Event' no routine name
main_task_00007FB417008800: [00:00:00] aunit-test_suites.adb:73 AUnit.Test_Suites.Add_Test (3) out
main_task_00007FB417008800: [00:00:00] aunit-test_suites.adb:47 AUnit.Test_Suites.Add_Test (3) in TS_Elt
main_task_00007FB417008800: [00:00:00] aunit-test_suites.adb:52 AUnit.Test_Suites.Add_Test (3) out
main_task_00007FB417008800: [00:00:00] aunit-test_cases.adb:116 AUnit.Test_Cases.Routine_Name (2) routine name not set
main_task_00007FB417008800: [00:00:00] aunit-test_suites.adb:64 AUnit.Test_Suites.Add_Test (3) in TC_elt suite: 'AUnit_Events' no routine name
main_task_00007FB417008800: [00:00:00] aunit-test_suites.adb:73 AUnit.Test_Suites.Add_Test (3) out
main_task_00007FB417008800: [00:00:00] aunit-test_suites.adb:47 AUnit.Test_Suites.Add_Test (3) in TS_Elt
main_task_00007FB417008800: [00:00:00] aunit-test_suites.adb:52 AUnit.Test_Suites.Add_Test (3) out
main_task_00007FB417008800: [00:00:00] aunit-test_cases.adb:116 AUnit.Test_Cases.Routine_Name (2) routine name not set
main_task_00007FB417008800: [00:00:00] aunit-test_suites.adb:64 AUnit.Test_Suites.Add_Test (3) in TC_elt suite: 'GNOGA_Window_Events' no routine name
main_task_00007FB417008800: [00:00:00] aunit-test_suites.adb:73 AUnit.Test_Suites.Add_Test (3) out
main_task_00007FB417008800: [00:00:00] aunit-test_suites.adb:47 AUnit.Test_Suites.Add_Test (3) in TS_Elt
main_task_00007FB417008800: [00:00:00] aunit-test_suites.adb:52 AUnit.Test_Suites.Add_Test (3) out
main_task_00007FB417008800: [00:00:00] aunit-test_cases.adb:116 AUnit.Test_Cases.Routine_Name (2) routine name not set
main_task_00007FB417008800: [00:00:00] aunit-test_suites.adb:64 AUnit.Test_Suites.Add_Test (3) in TC_elt suite: 'Client_Socket_IO' no routine name
main_task_00007FB417008800: [00:00:00] aunit-test_suites.adb:73 AUnit.Test_Suites.Add_Test (3) out
main_task_00007FB417008800: [00:00:00] aunit-test_suites.adb:47 AUnit.Test_Suites.Add_Test (3) in TS_Elt
main_task_00007FB417008800: [00:00:00] aunit-test_suites.adb:52 AUnit.Test_Suites.Add_Test (3) out
main_task_00007FB417008800: [00:00:00] aunit-test_cases.adb:116 AUnit.Test_Cases.Routine_Name (2) routine name not set
main_task_00007FB417008800: [00:00:00] aunit-test_suites.adb:64 AUnit.Test_Suites.Add_Test (3) in TC_elt suite: 'Socket_Stream' no routine name
main_task_00007FB417008800: [00:00:00] aunit-test_suites.adb:73 AUnit.Test_Suites.Add_Test (3) out
main_task_00007FB417008800: [00:00:00] aunit-test_suites.adb:47 AUnit.Test_Suites.Add_Test (3) in TS_Elt
main_task_00007FB417008800: [00:00:00] aunit-test_suites.adb:52 AUnit.Test_Suites.Add_Test (3) out
main_task_00007FB417008800: [00:00:00] aunit-test_cases.adb:116 AUnit.Test_Cases.Routine_Name (2) routine name not set
main_task_00007FB417008800: [00:00:00] aunit-test_suites.adb:64 AUnit.Test_Suites.Add_Test (3) in TC_elt suite: 'Configuration' no routine name
main_task_00007FB417008800: [00:00:00] aunit-test_suites.adb:73 AUnit.Test_Suites.Add_Test (3) out
main_task_00007FB417008800: [00:00:00] aunit-test_suites.adb:47 AUnit.Test_Suites.Add_Test (3) in TS_Elt
main_task_00007FB417008800: [00:00:00] aunit-test_suites.adb:52 AUnit.Test_Suites.Add_Test (3) out
main_task_00007FB417008800: [00:00:00] aunit-test_cases.adb:116 AUnit.Test_Cases.Routine_Name (2) routine name not set
main_task_00007FB417008800: [00:00:00] aunit-test_suites.adb:64 AUnit.Test_Suites.Add_Test (3) in TC_elt suite: 'Ask' no routine name
main_task_00007FB417008800: [00:00:00] aunit-test_suites.adb:73 AUnit.Test_Suites.Add_Test (3) out
main_task_00007FB417008800: [00:00:00] aunit-test_suites.adb:47 AUnit.Test_Suites.Add_Test (3) in TS_Elt
main_task_00007FB417008800: [00:00:00] aunit-test_suites.adb:52 AUnit.Test_Suites.Add_Test (3) out
main_task_00007FB417008800: [00:00:00] aunit-test_cases.adb:116 AUnit.Test_Cases.Routine_Name (2) routine name not set
main_task_00007FB417008800: [00:00:00] aunit-test_suites.adb:64 AUnit.Test_Suites.Add_Test (3) in TC_elt suite: 'Parser' no routine name
main_task_00007FB417008800: [00:00:00] aunit-test_suites.adb:73 AUnit.Test_Suites.Add_Test (3) out
main_task_00007FB417008800: [00:00:00] aunit-test_suites.adb:47 AUnit.Test_Suites.Add_Test (3) in TS_Elt
main_task_00007FB417008800: [00:00:00] aunit-test_suites.adb:52 AUnit.Test_Suites.Add_Test (3) out
main_task_00007FB417008800: [00:00:00] aunit-test_cases.adb:116 AUnit.Test_Cases.Routine_Name (2) routine name not set
main_task_00007FB417008800: [00:00:00] aunit-test_suites.adb:64 AUnit.Test_Suites.Add_Test (3) in TC_elt suite: 'Help' no routine name
main_task_00007FB417008800: [00:00:00] aunit-test_suites.adb:73 AUnit.Test_Suites.Add_Test (3) out
main_task_00007FB417008800: [00:00:00] aunit-test_suites.adb:47 AUnit.Test_Suites.Add_Test (3) in TS_Elt
main_task_00007FB417008800: [00:00:00] aunit-test_suites.adb:52 AUnit.Test_Suites.Add_Test (3) out
main_task_00007FB417008800: [00:00:00] ada_lib-gnoga-unit_test-base.adb:253 Ada_Lib.GNOGA.Unit_Test.Base.Suite (3) in
main_task_00007FB417008800: [00:00:00] aunit-test_cases.adb:116 AUnit.Test_Cases.Routine_Name (3) routine name not set
main_task_00007FB417008800: [00:00:00] aunit-test_suites.adb:64 AUnit.Test_Suites.Add_Test (4) in TC_elt suite: 'Main' no routine name
main_task_00007FB417008800: [00:00:00] aunit-test_suites.adb:73 AUnit.Test_Suites.Add_Test (4) out
main_task_00007FB417008800: [00:00:00] ada_lib-gnoga-unit_test-base.adb:256 Ada_Lib.GNOGA.Unit_Test.Base.Suite (3) out
main_task_00007FB417008800: [00:00:00] aunit-test_suites.adb:47 AUnit.Test_Suites.Add_Test (3) in TS_Elt
main_task_00007FB417008800: [00:00:00] aunit-test_suites.adb:52 AUnit.Test_Suites.Add_Test (3) out
main_task_00007FB417008800: [00:00:00] aunit-test_cases.adb:116 AUnit.Test_Cases.Routine_Name (2) routine name not set
main_task_00007FB417008800: [00:00:00] aunit-test_suites.adb:64 AUnit.Test_Suites.Add_Test (3) in TC_elt suite: 'Command_Line_Iterator' no routine name
main_task_00007FB417008800: [00:00:00] aunit-test_suites.adb:73 AUnit.Test_Suites.Add_Test (3) out
main_task_00007FB417008800: [00:00:00] aunit-test_suites.adb:47 AUnit.Test_Suites.Add_Test (3) in TS_Elt
main_task_00007FB417008800: [00:00:00] aunit-test_suites.adb:52 AUnit.Test_Suites.Add_Test (3) out
main_task_00007FB417008800: [00:00:00] aunit-test_cases.adb:116 AUnit.Test_Cases.Routine_Name (2) routine name not set
main_task_00007FB417008800: [00:00:00] aunit-test_suites.adb:64 AUnit.Test_Suites.Add_Test (3) in TC_elt suite: 'Get_Put' no routine name
main_task_00007FB417008800: [00:00:00] aunit-test_suites.adb:73 AUnit.Test_Suites.Add_Test (3) out
main_task_00007FB417008800: [00:00:00] aunit-test_suites.adb:47 AUnit.Test_Suites.Add_Test (3) in TS_Elt
main_task_00007FB417008800: [00:00:00] aunit-test_suites.adb:52 AUnit.Test_Suites.Add_Test (3) out
main_task_00007FB417008800: [00:00:00] aunit-test_cases.adb:116 AUnit.Test_Cases.Routine_Name (2) routine name not set
main_task_00007FB417008800: [00:00:00] aunit-test_suites.adb:64 AUnit.Test_Suites.Add_Test (3) in TC_elt suite: 'Send_Mail' no routine name
main_task_00007FB417008800: [00:00:00] aunit-test_suites.adb:73 AUnit.Test_Suites.Add_Test (3) out
main_task_00007FB417008800: [00:00:00] aunit-test_cases.adb:116 AUnit.Test_Cases.Routine_Name (2) routine name not set
main_task_00007FB417008800: [00:00:00] aunit-test_suites.adb:64 AUnit.Test_Suites.Add_Test (3) in TC_elt suite: 'Send_Mail' no routine name
main_task_00007FB417008800: [00:00:00] aunit-test_suites.adb:73 AUnit.Test_Suites.Add_Test (3) out
main_task_00007FB417008800: [00:00:00] aunit-test_suites.adb:47 AUnit.Test_Suites.Add_Test (3) in TS_Elt
main_task_00007FB417008800: [00:00:00] aunit-test_suites.adb:52 AUnit.Test_Suites.Add_Test (3) out
main_task_00007FB417008800: [00:00:00] aunit-test_cases.adb:116 AUnit.Test_Cases.Routine_Name (2) routine name not set
main_task_00007FB417008800: [00:00:00] aunit-test_suites.adb:64 AUnit.Test_Suites.Add_Test (3) in TC_elt suite: 'Textbelt' no routine name
main_task_00007FB417008800: [00:00:00] aunit-test_suites.adb:73 AUnit.Test_Suites.Add_Test (3) out
main_task_00007FB417008800: [00:00:00] aunit-test_suites.adb:47 AUnit.Test_Suites.Add_Test (3) in TS_Elt
main_task_00007FB417008800: [00:00:00] aunit-test_suites.adb:52 AUnit.Test_Suites.Add_Test (3) out
main_task_00007FB417008800: [00:00:00] aunit-test_cases.adb:116 AUnit.Test_Cases.Routine_Name (2) routine name not set
main_task_00007FB417008800: [00:00:00] aunit-test_suites.adb:64 AUnit.Test_Suites.Add_Test (3) in TC_elt suite: 'OS' no routine name
main_task_00007FB417008800: [00:00:00] aunit-test_suites.adb:73 AUnit.Test_Suites.Add_Test (3) out
main_task_00007FB417008800: [00:00:00] aunit-test_suites.adb:47 AUnit.Test_Suites.Add_Test (3) in TS_Elt
main_task_00007FB417008800: [00:00:00] aunit-test_suites.adb:52 AUnit.Test_Suites.Add_Test (3) out
main_task_00007FB417008800: [00:00:00] aunit-test_cases.adb:116 AUnit.Test_Cases.Routine_Name (2) routine name not set
main_task_00007FB417008800: [00:00:00] aunit-test_suites.adb:64 AUnit.Test_Suites.Add_Test (3) in TC_elt suite: 'Template' no routine name
main_task_00007FB417008800: [00:00:00] aunit-test_suites.adb:73 AUnit.Test_Suites.Add_Test (3) out
main_task_00007FB417008800: [00:00:00] aunit-test_suites.adb:47 AUnit.Test_Suites.Add_Test (3) in TS_Elt
main_task_00007FB417008800: [00:00:00] aunit-test_suites.adb:52 AUnit.Test_Suites.Add_Test (3) out
main_task_00007FB417008800: [00:00:00] aunit-test_suites.adb:47 AUnit.Test_Suites.Add_Test (3) in TS_Elt
main_task_00007FB417008800: [00:00:00] aunit-test_suites.adb:52 AUnit.Test_Suites.Add_Test (3) out
main_task_00007FB417008800: [00:00:00] aunit-test_cases.adb:116 AUnit.Test_Cases.Routine_Name (2) routine name not set
main_task_00007FB417008800: [00:00:00] aunit-test_suites.adb:64 AUnit.Test_Suites.Add_Test (3) in TC_elt suite: 'Subscribe' no routine name
main_task_00007FB417008800: [00:00:00] aunit-test_suites.adb:73 AUnit.Test_Suites.Add_Test (3) out
main_task_00007FB417008800: [00:00:00] aunit-test_cases.adb:116 AUnit.Test_Cases.Routine_Name (2) routine name not set
main_task_00007FB417008800: [00:00:00] aunit-test_suites.adb:64 AUnit.Test_Suites.Add_Test (3) in TC_elt suite: 'Subscription' no routine name
main_task_00007FB417008800: [00:00:00] aunit-test_suites.adb:73 AUnit.Test_Suites.Add_Test (3) out
main_task_00007FB417008800: [00:00:00] aunit-test_cases.adb:116 AUnit.Test_Cases.Routine_Name (2) routine name not set
main_task_00007FB417008800: [00:00:00] aunit-test_suites.adb:64 AUnit.Test_Suites.Add_Test (3) in TC_elt suite: 'Get_Put' no routine name
main_task_00007FB417008800: [00:00:00] aunit-test_suites.adb:73 AUnit.Test_Suites.Add_Test (3) out
main_task_00007FB417008800: [00:00:00] aunit-test_suites.adb:47 AUnit.Test_Suites.Add_Test (3) in TS_Elt
main_task_00007FB417008800: [00:00:00] aunit-test_suites.adb:52 AUnit.Test_Suites.Add_Test (3) out
main_task_00007FB417008800: [00:00:00] aunit-test_cases.adb:116 AUnit.Test_Cases.Routine_Name (2) routine name not set
main_task_00007FB417008800: [00:00:00] aunit-test_suites.adb:64 AUnit.Test_Suites.Add_Test (3) in TC_elt suite: 'Database_Server' no routine name
main_task_00007FB417008800: [00:00:00] aunit-test_suites.adb:73 AUnit.Test_Suites.Add_Test (3) out
main_task_00007FB417008800: [00:00:00] aunit-test_suites.adb:47 AUnit.Test_Suites.Add_Test (3) in TS_Elt
main_task_00007FB417008800: [00:00:00] aunit-test_suites.adb:52 AUnit.Test_Suites.Add_Test (3) out
main_task_00007FB417008800: [00:00:00] aunit-test_suites.adb:47 AUnit.Test_Suites.Add_Test (3) in TS_Elt
main_task_00007FB417008800: [00:00:00] aunit-test_suites.adb:52 AUnit.Test_Suites.Add_Test (3) out
main_task_00007FB417008800: [00:00:00] aunit-test_suites.adb:47 AUnit.Test_Suites.Add_Test (3) in TS_Elt
main_task_00007FB417008800: [00:00:00] aunit-test_suites.adb:52 AUnit.Test_Suites.Add_Test (3) out
main_task_00007FB417008800: [00:00:00] aunit-test_suites.adb:47 AUnit.Test_Suites.Add_Test (3) in TS_Elt
main_task_00007FB417008800: [00:00:00] aunit-test_suites.adb:52 AUnit.Test_Suites.Add_Test (3) out
main_task_00007FB417008800: [00:00:00] aunit-test_suites.adb:89 AUnit.Test_Suites.Run (3) in AUnit_Options 000000030CEE0E10
main_task_00007FB417008800: [00:00:00] aunit-test_suites.adb:92 AUnit.Test_Suites.Run (3) Element find TS_ELT
main_task_00007FB417008800: [00:00:00] aunit-test_suites.adb:89 AUnit.Test_Suites.Run (4) in AUnit_Options 000000030CEE0D60
main_task_00007FB417008800: [00:00:00] aunit-test_suites.adb:92 AUnit.Test_Suites.Run (4) Element find TS_ELT
main_task_00007FB417008800: [00:00:00] aunit-test_suites.adb:89 AUnit.Test_Suites.Run (5) in AUnit_Options 000000030CEE0CB0
main_task_00007FB417008800: [00:00:00] aunit-test_suites.adb:92 AUnit.Test_Suites.Run (5) Element find TC_ELT
main_task_00007FB417008800: [00:00:00] aunit-test_cases.adb:78 AUnit.Test_Cases.Run (6) in run options 000000030CEE0C00 have filter 0000000104754E10 test tag ADA_LIB.CURL.TESTS.TEST_TYPE
main_task_00007FB417008800: [00:00:00] aunit-test_cases.adb:48 AUnit.Test_Cases.Add_Routine (8) in routine name: 'Expand_Template'
main_task_00007FB417008800: [00:00:00] aunit-test_cases.adb:50 AUnit.Test_Cases.Add_Routine (8) out
main_task_00007FB417008800: [00:00:00] aunit-test_filters.adb:71 AUnit.Test_Filters.Is_Active (7) in Filter 0000000104754E10 no filter name tag ADA_LIB.CURL.TESTS.TEST_TYPE test address 046B51E0
main_task_00007FB417008800: [00:00:00] aunit-test_filters.adb:79 AUnit.Test_Filters.Is_Active (7) out  no fiter its active
main_task_00007FB417008800: [00:00:00] aunit-test_cases.adb:93 AUnit.Test_Cases.Run (6)
main_task_00007FB417008800: [00:00:00] aunit-test_cases.adb:116 AUnit.Test_Cases.Routine_Name (6) Expand_Template
main_task_00007FB417008800: [00:00:00] aunit-simple_test_cases.adb:101 AUnit.Simple_Test_Cases.Run (7) in  suite: 'Curl' routine: 'Expand_Template'
main_task_00007FB417008800: [00:00:00] aunit-test_cases.adb:116 AUnit.Test_Cases.Routine_Name (7) Expand_Template
main_task_00007FB417008800: [00:00:00] aunit-simple_test_cases.adb:105 AUnit.Simple_Test_Cases.Run (7) check running suite: 'Curl' routine: 'Expand_Template'
main_task_00007FB417008800: [00:00:00] aunit-test_filters.adb:71 AUnit.Test_Filters.Is_Active (8) in Filter 0000000104754E10 no filter name tag ADA_LIB.CURL.TESTS.TEST_TYPE test address 046B51E0
main_task_00007FB417008800: [00:00:00] aunit-test_filters.adb:79 AUnit.Test_Filters.Is_Active (8) out  no fiter its active
main_task_00007FB417008800: [00:00:00] aunit-test_cases.adb:116 AUnit.Test_Cases.Routine_Name (7) Expand_Template
running suite: 'Curl' routine: 'Expand_Template'
main_task_00007FB417008800: [00:00:00] aunit-simple_test_cases.adb:113 AUnit.Simple_Test_Cases.Run (7)
main_task_00007FB417008800: [00:00:00] aunit-test_results.adb:298 AUnit.Test_Results.Start_Test (8) in Tests_Run 0 Subtest_Count 1
main_task_00007FB417008800: [00:00:00] aunit-test_results.adb:301 AUnit.Test_Results.Start_Test (8) out
main_task_00007FB417008800: [00:00:00] aunit-simple_test_cases.adb:120 AUnit.Simple_Test_Cases.Run (7)
main_task_00007FB417008800: [00:00:00] aunit-simple_test_cases.adb:134 AUnit.Simple_Test_Cases.Run (7)
main_task_00007FB417008800: [00:00:00] aunit-simple_test_cases-run_routine.adb:55 AUnit.Simple_Test_Cases.Run_Routine (8) in
main_task_00007FB417008800: [00:00:00] aunit-test_cases.adb:59 AUnit.Test_Cases.Run_Test (9) in
main_task_00007FB417008800: [00:00:00] aunit-test_cases.adb:61 AUnit.Test_Cases.Run_Test (9) out
main_task_00007FB417008800: [00:00:00] aunit-test_cases.adb:116 AUnit.Test_Cases.Routine_Name (8) Expand_Template
main_task_00007FB417008800: [00:00:00] aunit-test_results.adb:221 AUnit.Test_Results.Add_Success (9) in Test_Name: 'Curl' Routine_Name: 'Expand_Template'
main_task_00007FB417008800: [00:00:00] aunit-test_results.adb:224 AUnit.Test_Results.Add_Success (9) out
main_task_00007FB417008800: [00:00:00] aunit-simple_test_cases-run_routine.adb:110 AUnit.Simple_Test_Cases.Run_Routine (8) out
main_task_00007FB417008800: [00:00:00] aunit-simple_test_cases.adb:136 AUnit.Simple_Test_Cases.Run (7)
main_task_00007FB417008800: [00:00:00] aunit-simple_test_cases.adb:138 AUnit.Simple_Test_Cases.Run (7)
main_task_00007FB417008800: [00:00:00] aunit-simple_test_cases.adb:144 AUnit.Simple_Test_Cases.Run (7) out  outcome SUCCESS
main_task_00007FB417008800: [00:00:00] aunit-test_cases.adb:107 AUnit.Test_Cases.Run (6) out
main_task_00007FB417008800: [00:00:00] aunit-test_suites.adb:108 AUnit.Test_Suites.Run (5) out
main_task_00007FB417008800: [00:00:00] aunit-test_suites.adb:92 AUnit.Test_Suites.Run (4) Element find TS_ELT
main_task_00007FB417008800: [00:00:00] aunit-test_suites.adb:89 AUnit.Test_Suites.Run (5) in AUnit_Options 000000030CEE0CB0
main_task_00007FB417008800: [00:00:00] aunit-test_suites.adb:92 AUnit.Test_Suites.Run (5) Element find TC_ELT
main_task_00007FB417008800: [00:00:00] aunit-test_cases.adb:78 AUnit.Test_Cases.Run (6) in run options 000000030CEE0C00 have filter 0000000104754E10 test tag ADA_LIB.DIRECTORY.TEST.TEST_TYPE
main_task_00007FB417008800: [00:00:00] aunit-test_cases.adb:48 AUnit.Test_Cases.Add_Routine (9) in routine name: 'Test_File_Compare'
main_task_00007FB417008800: [00:00:00] aunit-test_cases.adb:50 AUnit.Test_Cases.Add_Routine (9) out
main_task_00007FB417008800: [00:00:00] aunit-test_cases.adb:48 AUnit.Test_Cases.Add_Routine (9) in routine name: 'Test_File_Copy'
main_task_00007FB417008800: [00:00:00] aunit-test_cases.adb:50 AUnit.Test_Cases.Add_Routine (9) out
main_task_00007FB417008800: [00:00:00] aunit-test_filters.adb:71 AUnit.Test_Filters.Is_Active (7) in Filter 0000000104754E10 no filter name tag ADA_LIB.DIRECTORY.TEST.TEST_TYPE test address 046BBF80
main_task_00007FB417008800: [00:00:00] aunit-test_filters.adb:79 AUnit.Test_Filters.Is_Active (7) out  no fiter its active
main_task_00007FB417008800: [00:00:00] aunit-test_cases.adb:93 AUnit.Test_Cases.Run (6)
main_task_00007FB417008800: [00:00:00] aunit-test_cases.adb:116 AUnit.Test_Cases.Routine_Name (6) Test_File_Compare
main_task_00007FB417008800: [00:00:00] aunit-simple_test_cases.adb:101 AUnit.Simple_Test_Cases.Run (7) in  suite: 'Directory' routine: 'Test_File_Compare'
main_task_00007FB417008800: [00:00:00] aunit-test_cases.adb:116 AUnit.Test_Cases.Routine_Name (7) Test_File_Compare
main_task_00007FB417008800: [00:00:00] aunit-simple_test_cases.adb:105 AUnit.Simple_Test_Cases.Run (7) check running suite: 'Directory' routine: 'Test_File_Compare'
main_task_00007FB417008800: [00:00:00] aunit-test_filters.adb:71 AUnit.Test_Filters.Is_Active (8) in Filter 0000000104754E10 no filter name tag ADA_LIB.DIRECTORY.TEST.TEST_TYPE test address 046BBF80
main_task_00007FB417008800: [00:00:00] aunit-test_filters.adb:79 AUnit.Test_Filters.Is_Active (8) out  no fiter its active
main_task_00007FB417008800: [00:00:00] aunit-test_cases.adb:116 AUnit.Test_Cases.Routine_Name (7) Test_File_Compare
running suite: 'Directory' routine: 'Test_File_Compare'
main_task_00007FB417008800: [00:00:00] aunit-simple_test_cases.adb:113 AUnit.Simple_Test_Cases.Run (7)
main_task_00007FB417008800: [00:00:00] aunit-test_results.adb:298 AUnit.Test_Results.Start_Test (8) in Tests_Run 1 Subtest_Count 1
main_task_00007FB417008800: [00:00:00] aunit-test_results.adb:301 AUnit.Test_Results.Start_Test (8) out
main_task_00007FB417008800: [00:00:00] aunit-simple_test_cases.adb:120 AUnit.Simple_Test_Cases.Run (7)
main_task_00007FB417008800: [00:00:00] aunit-simple_test_cases.adb:134 AUnit.Simple_Test_Cases.Run (7)
main_task_00007FB417008800: [00:00:00] aunit-simple_test_cases-run_routine.adb:55 AUnit.Simple_Test_Cases.Run_Routine (8) in
main_task_00007FB417008800: [00:00:00] aunit-test_cases.adb:59 AUnit.Test_Cases.Run_Test (9) in
test file compare
main_task_00007FB417008800: [00:00:00] aunit-test_cases.adb:61 AUnit.Test_Cases.Run_Test (10) out
main_task_00007FB417008800: [00:00:00] aunit-test_cases.adb:116 AUnit.Test_Cases.Routine_Name (9) Test_File_Compare
main_task_00007FB417008800: [00:00:00] aunit-test_results.adb:221 AUnit.Test_Results.Add_Success (10) in Test_Name: 'Directory' Routine_Name: 'Test_File_Compare'
main_task_00007FB417008800: [00:00:00] aunit-test_results.adb:224 AUnit.Test_Results.Add_Success (10) out
main_task_00007FB417008800: [00:00:00] aunit-simple_test_cases-run_routine.adb:110 AUnit.Simple_Test_Cases.Run_Routine (9) out
main_task_00007FB417008800: [00:00:00] aunit-simple_test_cases.adb:136 AUnit.Simple_Test_Cases.Run (8)
main_task_00007FB417008800: [00:00:00] aunit-simple_test_cases.adb:138 AUnit.Simple_Test_Cases.Run (8)
main_task_00007FB417008800: [00:00:00] aunit-simple_test_cases.adb:144 AUnit.Simple_Test_Cases.Run (8) out  outcome SUCCESS
main_task_00007FB417008800: [00:00:00] aunit-test_filters.adb:71 AUnit.Test_Filters.Is_Active (8) in Filter 0000000104754E10 no filter name tag ADA_LIB.DIRECTORY.TEST.TEST_TYPE test address 046BBF80
main_task_00007FB417008800: [00:00:00] aunit-test_filters.adb:79 AUnit.Test_Filters.Is_Active (8) out  no fiter its active
main_task_00007FB417008800: [00:00:00] aunit-test_cases.adb:93 AUnit.Test_Cases.Run (7)
main_task_00007FB417008800: [00:00:00] aunit-test_cases.adb:116 AUnit.Test_Cases.Routine_Name (7) Test_File_Copy
main_task_00007FB417008800: [00:00:00] aunit-simple_test_cases.adb:101 AUnit.Simple_Test_Cases.Run (8) in  suite: 'Directory' routine: 'Test_File_Copy'
main_task_00007FB417008800: [00:00:00] aunit-test_cases.adb:116 AUnit.Test_Cases.Routine_Name (8) Test_File_Copy
main_task_00007FB417008800: [00:00:00] aunit-simple_test_cases.adb:105 AUnit.Simple_Test_Cases.Run (8) check running suite: 'Directory' routine: 'Test_File_Copy'
main_task_00007FB417008800: [00:00:00] aunit-test_filters.adb:71 AUnit.Test_Filters.Is_Active (9) in Filter 0000000104754E10 no filter name tag ADA_LIB.DIRECTORY.TEST.TEST_TYPE test address 046BBF80
main_task_00007FB417008800: [00:00:00] aunit-test_filters.adb:79 AUnit.Test_Filters.Is_Active (9) out  no fiter its active
main_task_00007FB417008800: [00:00:00] aunit-test_cases.adb:116 AUnit.Test_Cases.Routine_Name (8) Test_File_Copy
running suite: 'Directory' routine: 'Test_File_Copy'
main_task_00007FB417008800: [00:00:00] aunit-simple_test_cases.adb:113 AUnit.Simple_Test_Cases.Run (8)
main_task_00007FB417008800: [00:00:00] aunit-test_results.adb:298 AUnit.Test_Results.Start_Test (9) in Tests_Run 2 Subtest_Count 1
main_task_00007FB417008800: [00:00:00] aunit-test_results.adb:301 AUnit.Test_Results.Start_Test (9) out
main_task_00007FB417008800: [00:00:00] aunit-simple_test_cases.adb:120 AUnit.Simple_Test_Cases.Run (8)
main_task_00007FB417008800: [00:00:00] aunit-simple_test_cases.adb:134 AUnit.Simple_Test_Cases.Run (8)
main_task_00007FB417008800: [00:00:00] aunit-simple_test_cases-run_routine.adb:55 AUnit.Simple_Test_Cases.Run_Routine (9) in
main_task_00007FB417008800: [00:00:00] aunit-test_cases.adb:59 AUnit.Test_Cases.Run_Test (10) in
test file copy
main_task_00007FB417008800: [00:00:00] aunit-test_cases.adb:116 AUnit.Test_Cases.Routine_Name (12) Test_File_Copy
main_task_00007FB417008800: [00:00:00] aunit-simple_test_cases-run_routine.adb:110 AUnit.Simple_Test_Cases.Run_Routine (12) out
main_task_00007FB417008800: [00:00:00] aunit-simple_test_cases.adb:136 AUnit.Simple_Test_Cases.Run (11)
main_task_00007FB417008800: [00:00:00] aunit-simple_test_cases.adb:138 AUnit.Simple_Test_Cases.Run (11)
main_task_00007FB417008800: [00:00:00] aunit-simple_test_cases.adb:144 AUnit.Simple_Test_Cases.Run (11) out  outcome FAILURE
main_task_00007FB417008800: [00:00:00] aunit-test_cases.adb:107 AUnit.Test_Cases.Run (10) out
main_task_00007FB417008800: [00:00:00] aunit-test_suites.adb:102 AUnit.Test_Suites.Run (9) failed
main_task_00007FB417008800: [00:00:00] aunit-test_suites.adb:108 AUnit.Test_Suites.Run (9) out
main_task_00007FB417008800: [00:00:00] aunit-test_suites.adb:102 AUnit.Test_Suites.Run (8) failed
main_task_00007FB417008800: [00:00:00] aunit-test_suites.adb:92 AUnit.Test_Suites.Run (8) Element find TS_ELT
main_task_00007FB417008800: [00:00:00] aunit-test_suites.adb:89 AUnit.Test_Suites.Run (9) in AUnit_Options 000000030CEE0CB0
main_task_00007FB417008800: [00:00:00] aunit-test_suites.adb:92 AUnit.Test_Suites.Run (9) Element find TC_ELT
main_task_00007FB417008800: [00:00:00] aunit-test_cases.adb:78 AUnit.Test_Cases.Run (10) in run options 000000030CEE0C00 have filter 0000000104754E10 test tag ADA_LIB.TIMER.TESTS.TEST_TYPE
main_task_00007FB417008800: [00:00:00] aunit-test_cases.adb:48 AUnit.Test_Cases.Add_Routine (13) in routine name: 'Single_Event'
main_task_00007FB417008800: [00:00:00] aunit-test_cases.adb:50 AUnit.Test_Cases.Add_Routine (13) out
main_task_00007FB417008800: [00:00:00] aunit-test_cases.adb:48 AUnit.Test_Cases.Add_Routine (13) in routine name: 'Multiple_Events'
main_task_00007FB417008800: [00:00:00] aunit-test_cases.adb:50 AUnit.Test_Cases.Add_Routine (13) out
main_task_00007FB417008800: [00:00:00] aunit-test_cases.adb:48 AUnit.Test_Cases.Add_Routine (13) in routine name: 'Cancel_Event'
main_task_00007FB417008800: [00:00:00] aunit-test_cases.adb:50 AUnit.Test_Cases.Add_Routine (13) out
main_task_00007FB417008800: [00:00:00] aunit-test_filters.adb:71 AUnit.Test_Filters.Is_Active (11) in Filter 0000000104754E10 no filter name tag ADA_LIB.TIMER.TESTS.TEST_TYPE test address 046B7AE0
main_task_00007FB417008800: [00:00:00] aunit-test_filters.adb:79 AUnit.Test_Filters.Is_Active (11) out  no fiter its active
main_task_00007FB417008800: [00:00:00] aunit-test_cases.adb:93 AUnit.Test_Cases.Run (10)
main_task_00007FB417008800: [00:00:00] aunit-test_cases.adb:116 AUnit.Test_Cases.Routine_Name (10) Single_Event
main_task_00007FB417008800: [00:00:00] aunit-simple_test_cases.adb:101 AUnit.Simple_Test_Cases.Run (11) in  suite: 'Timer' routine: 'Single_Event'
main_task_00007FB417008800: [00:00:00] aunit-test_cases.adb:116 AUnit.Test_Cases.Routine_Name (11) Single_Event
main_task_00007FB417008800: [00:00:00] aunit-simple_test_cases.adb:105 AUnit.Simple_Test_Cases.Run (11) check running suite: 'Timer' routine: 'Single_Event'
main_task_00007FB417008800: [00:00:00] aunit-test_filters.adb:71 AUnit.Test_Filters.Is_Active (12) in Filter 0000000104754E10 no filter name tag ADA_LIB.TIMER.TESTS.TEST_TYPE test address 046B7AE0
main_task_00007FB417008800: [00:00:00] aunit-test_filters.adb:79 AUnit.Test_Filters.Is_Active (12) out  no fiter its active
main_task_00007FB417008800: [00:00:00] aunit-test_cases.adb:116 AUnit.Test_Cases.Routine_Name (11) Single_Event
running suite: 'Timer' routine: 'Single_Event'
main_task_00007FB417008800: [00:00:00] aunit-simple_test_cases.adb:113 AUnit.Simple_Test_Cases.Run (11)
main_task_00007FB417008800: [00:00:00] aunit-test_results.adb:298 AUnit.Test_Results.Start_Test (12) in Tests_Run 3 Subtest_Count 1
main_task_00007FB417008800: [00:00:00] aunit-test_results.adb:301 AUnit.Test_Results.Start_Test (12) out
main_task_00007FB417008800: [00:00:00] aunit-simple_test_cases.adb:120 AUnit.Simple_Test_Cases.Run (11)
main_task_00007FB417008800: [00:00:00] aunit-simple_test_cases.adb:134 AUnit.Simple_Test_Cases.Run (11)
main_task_00007FB417008800: [00:00:00] aunit-simple_test_cases-run_routine.adb:55 AUnit.Simple_Test_Cases.Run_Routine (12) in
main_task_00007FB417008800: [00:00:00] aunit-test_cases.adb:59 AUnit.Test_Cases.Run_Test (13) in
main_task_00007FB417008800: [00:00:01] aunit-test_cases.adb:61 AUnit.Test_Cases.Run_Test (13) out
main_task_00007FB417008800: [00:00:01] aunit-test_cases.adb:116 AUnit.Test_Cases.Routine_Name (12) Single_Event
main_task_00007FB417008800: [00:00:01] aunit-test_results.adb:221 AUnit.Test_Results.Add_Success (13) in Test_Name: 'Timer' Routine_Name: 'Single_Event'
main_task_00007FB417008800: [00:00:01] aunit-test_results.adb:224 AUnit.Test_Results.Add_Success (13) out
main_task_00007FB417008800: [00:00:01] aunit-simple_test_cases-run_routine.adb:110 AUnit.Simple_Test_Cases.Run_Routine (12) out
main_task_00007FB417008800: [00:00:01] aunit-simple_test_cases.adb:136 AUnit.Simple_Test_Cases.Run (11)
main_task_00007FB417008800: [00:00:01] aunit-simple_test_cases.adb:138 AUnit.Simple_Test_Cases.Run (11)
main_task_00007FB417008800: [00:00:01] aunit-simple_test_cases.adb:144 AUnit.Simple_Test_Cases.Run (11) out  outcome SUCCESS
main_task_00007FB417008800: [00:00:01] aunit-test_filters.adb:71 AUnit.Test_Filters.Is_Active (11) in Filter 0000000104754E10 no filter name tag ADA_LIB.TIMER.TESTS.TEST_TYPE test address 046B7AE0
main_task_00007FB417008800: [00:00:01] aunit-test_filters.adb:79 AUnit.Test_Filters.Is_Active (11) out  no fiter its active
main_task_00007FB417008800: [00:00:01] aunit-test_cases.adb:93 AUnit.Test_Cases.Run (10)
main_task_00007FB417008800: [00:00:01] aunit-test_cases.adb:116 AUnit.Test_Cases.Routine_Name (10) Multiple_Events
main_task_00007FB417008800: [00:00:01] aunit-simple_test_cases.adb:101 AUnit.Simple_Test_Cases.Run (11) in  suite: 'Timer' routine: 'Multiple_Events'
main_task_00007FB417008800: [00:00:01] aunit-test_cases.adb:116 AUnit.Test_Cases.Routine_Name (11) Multiple_Events
main_task_00007FB417008800: [00:00:01] aunit-simple_test_cases.adb:105 AUnit.Simple_Test_Cases.Run (11) check running suite: 'Timer' routine: 'Multiple_Events'
main_task_00007FB417008800: [00:00:01] aunit-test_filters.adb:71 AUnit.Test_Filters.Is_Active (12) in Filter 0000000104754E10 no filter name tag ADA_LIB.TIMER.TESTS.TEST_TYPE test address 046B7AE0
main_task_00007FB417008800: [00:00:01] aunit-test_filters.adb:79 AUnit.Test_Filters.Is_Active (12) out  no fiter its active
main_task_00007FB417008800: [00:00:01] aunit-test_cases.adb:116 AUnit.Test_Cases.Routine_Name (11) Multiple_Events
running suite: 'Timer' routine: 'Multiple_Events'
main_task_00007FB417008800: [00:00:01] aunit-simple_test_cases.adb:113 AUnit.Simple_Test_Cases.Run (11)
main_task_00007FB417008800: [00:00:01] aunit-test_results.adb:298 AUnit.Test_Results.Start_Test (12) in Tests_Run 4 Subtest_Count 1
main_task_00007FB417008800: [00:00:01] aunit-test_results.adb:301 AUnit.Test_Results.Start_Test (12) out
main_task_00007FB417008800: [00:00:01] aunit-simple_test_cases.adb:120 AUnit.Simple_Test_Cases.Run (11)
main_task_00007FB417008800: [00:00:01] aunit-simple_test_cases.adb:134 AUnit.Simple_Test_Cases.Run (11)
main_task_00007FB417008800: [00:00:01] aunit-simple_test_cases-run_routine.adb:55 AUnit.Simple_Test_Cases.Run_Routine (12) in
main_task_00007FB417008800: [00:00:01] aunit-test_cases.adb:59 AUnit.Test_Cases.Run_Test (13) in
main_task_00007FB417008800: [00:00:02] aunit-test_cases.adb:61 AUnit.Test_Cases.Run_Test (13) out
main_task_00007FB417008800: [00:00:02] aunit-test_cases.adb:116 AUnit.Test_Cases.Routine_Name (12) Multiple_Events
main_task_00007FB417008800: [00:00:02] aunit-test_results.adb:221 AUnit.Test_Results.Add_Success (13) in Test_Name: 'Timer' Routine_Name: 'Multiple_Events'
main_task_00007FB417008800: [00:00:02] aunit-test_results.adb:224 AUnit.Test_Results.Add_Success (13) out
main_task_00007FB417008800: [00:00:02] aunit-simple_test_cases-run_routine.adb:110 AUnit.Simple_Test_Cases.Run_Routine (12) out
main_task_00007FB417008800: [00:00:02] aunit-simple_test_cases.adb:136 AUnit.Simple_Test_Cases.Run (11)
main_task_00007FB417008800: [00:00:02] aunit-simple_test_cases.adb:138 AUnit.Simple_Test_Cases.Run (11)
main_task_00007FB417008800: [00:00:02] aunit-simple_test_cases.adb:144 AUnit.Simple_Test_Cases.Run (11) out  outcome SUCCESS
main_task_00007FB417008800: [00:00:02] aunit-test_filters.adb:71 AUnit.Test_Filters.Is_Active (11) in Filter 0000000104754E10 no filter name tag ADA_LIB.TIMER.TESTS.TEST_TYPE test address 046B7AE0
main_task_00007FB417008800: [00:00:02] aunit-test_filters.adb:79 AUnit.Test_Filters.Is_Active (11) out  no fiter its active
main_task_00007FB417008800: [00:00:02] aunit-test_cases.adb:93 AUnit.Test_Cases.Run (10)
main_task_00007FB417008800: [00:00:02] aunit-test_cases.adb:116 AUnit.Test_Cases.Routine_Name (10) Cancel_Event
main_task_00007FB417008800: [00:00:02] aunit-simple_test_cases.adb:101 AUnit.Simple_Test_Cases.Run (11) in  suite: 'Timer' routine: 'Cancel_Event'
main_task_00007FB417008800: [00:00:02] aunit-test_cases.adb:116 AUnit.Test_Cases.Routine_Name (11) Cancel_Event
main_task_00007FB417008800: [00:00:02] aunit-simple_test_cases.adb:105 AUnit.Simple_Test_Cases.Run (11) check running suite: 'Timer' routine: 'Cancel_Event'
main_task_00007FB417008800: [00:00:02] aunit-test_filters.adb:71 AUnit.Test_Filters.Is_Active (12) in Filter 0000000104754E10 no filter name tag ADA_LIB.TIMER.TESTS.TEST_TYPE test address 046B7AE0
main_task_00007FB417008800: [00:00:02] aunit-test_filters.adb:79 AUnit.Test_Filters.Is_Active (12) out  no fiter its active
main_task_00007FB417008800: [00:00:02] aunit-test_cases.adb:116 AUnit.Test_Cases.Routine_Name (11) Cancel_Event
running suite: 'Timer' routine: 'Cancel_Event'
main_task_00007FB417008800: [00:00:02] aunit-simple_test_cases.adb:113 AUnit.Simple_Test_Cases.Run (11)
main_task_00007FB417008800: [00:00:02] aunit-test_results.adb:298 AUnit.Test_Results.Start_Test (12) in Tests_Run 5 Subtest_Count 1
main_task_00007FB417008800: [00:00:02] aunit-test_results.adb:301 AUnit.Test_Results.Start_Test (12) out
main_task_00007FB417008800: [00:00:02] aunit-simple_test_cases.adb:120 AUnit.Simple_Test_Cases.Run (11)
main_task_00007FB417008800: [00:00:02] aunit-simple_test_cases.adb:134 AUnit.Simple_Test_Cases.Run (11)
main_task_00007FB417008800: [00:00:02] aunit-simple_test_cases-run_routine.adb:55 AUnit.Simple_Test_Cases.Run_Routine (12) in
main_task_00007FB417008800: [00:00:02] aunit-test_cases.adb:59 AUnit.Test_Cases.Run_Test (13) in
main_task_00007FB417008800: [00:00:04] aunit-test_cases.adb:61 AUnit.Test_Cases.Run_Test (13) out
main_task_00007FB417008800: [00:00:04] aunit-test_cases.adb:116 AUnit.Test_Cases.Routine_Name (12) Cancel_Event
main_task_00007FB417008800: [00:00:04] aunit-test_results.adb:221 AUnit.Test_Results.Add_Success (13) in Test_Name: 'Timer' Routine_Name: 'Cancel_Event'
main_task_00007FB417008800: [00:00:04] aunit-test_results.adb:224 AUnit.Test_Results.Add_Success (13) out
main_task_00007FB417008800: [00:00:04] aunit-simple_test_cases-run_routine.adb:110 AUnit.Simple_Test_Cases.Run_Routine (12) out
main_task_00007FB417008800: [00:00:04] aunit-simple_test_cases.adb:136 AUnit.Simple_Test_Cases.Run (11)
main_task_00007FB417008800: [00:00:04] aunit-simple_test_cases.adb:138 AUnit.Simple_Test_Cases.Run (11)
main_task_00007FB417008800: [00:00:04] aunit-simple_test_cases.adb:144 AUnit.Simple_Test_Cases.Run (11) out  outcome SUCCESS
main_task_00007FB417008800: [00:00:04] aunit-test_cases.adb:107 AUnit.Test_Cases.Run (10) out
main_task_00007FB417008800: [00:00:04] aunit-test_suites.adb:108 AUnit.Test_Suites.Run (9) out
main_task_00007FB417008800: [00:00:04] aunit-test_suites.adb:92 AUnit.Test_Suites.Run (8) Element find TS_ELT
main_task_00007FB417008800: [00:00:04] aunit-test_suites.adb:89 AUnit.Test_Suites.Run (9) in AUnit_Options 000000030CEE0CB0
main_task_00007FB417008800: [00:00:04] aunit-test_suites.adb:92 AUnit.Test_Suites.Run (9) Element find TC_ELT
main_task_00007FB417008800: [00:00:04] aunit-test_cases.adb:78 AUnit.Test_Cases.Run (10) in run options 000000030CEE0C00 have filter 0000000104754E10 test tag ADA_LIB.TRACE.TESTS.TEST_TYPE
main_task_00007FB417008800: [00:00:04] aunit-test_cases.adb:48 AUnit.Test_Cases.Add_Routine (12) in routine name: 'Simple'
main_task_00007FB417008800: [00:00:04] aunit-test_cases.adb:50 AUnit.Test_Cases.Add_Routine (12) out
main_task_00007FB417008800: [00:00:04] aunit-test_cases.adb:48 AUnit.Test_Cases.Add_Routine (12) in routine name: 'Exception_Test'
main_task_00007FB417008800: [00:00:04] aunit-test_cases.adb:50 AUnit.Test_Cases.Add_Routine (12) out
main_task_00007FB417008800: [00:00:04] aunit-test_cases.adb:48 AUnit.Test_Cases.Add_Routine (12) in routine name: 'Multi_Thread'
main_task_00007FB417008800: [00:00:04] aunit-test_cases.adb:50 AUnit.Test_Cases.Add_Routine (12) out
main_task_00007FB417008800: [00:00:04] aunit-test_filters.adb:71 AUnit.Test_Filters.Is_Active (11) in Filter 0000000104754E10 no filter name tag ADA_LIB.TRACE.TESTS.TEST_TYPE test address 046B7E00
main_task_00007FB417008800: [00:00:04] aunit-test_filters.adb:79 AUnit.Test_Filters.Is_Active (11) out  no fiter its active
main_task_00007FB417008800: [00:00:04] aunit-test_cases.adb:93 AUnit.Test_Cases.Run (10)
main_task_00007FB417008800: [00:00:04] aunit-test_cases.adb:116 AUnit.Test_Cases.Routine_Name (10) Simple
main_task_00007FB417008800: [00:00:04] aunit-simple_test_cases.adb:101 AUnit.Simple_Test_Cases.Run (11) in  suite: 'Trace' routine: 'Simple'
main_task_00007FB417008800: [00:00:04] aunit-test_cases.adb:116 AUnit.Test_Cases.Routine_Name (11) Simple
main_task_00007FB417008800: [00:00:04] aunit-simple_test_cases.adb:105 AUnit.Simple_Test_Cases.Run (11) check running suite: 'Trace' routine: 'Simple'
main_task_00007FB417008800: [00:00:04] aunit-test_filters.adb:71 AUnit.Test_Filters.Is_Active (12) in Filter 0000000104754E10 no filter name tag ADA_LIB.TRACE.TESTS.TEST_TYPE test address 046B7E00
main_task_00007FB417008800: [00:00:04] aunit-test_filters.adb:79 AUnit.Test_Filters.Is_Active (12) out  no fiter its active
main_task_00007FB417008800: [00:00:04] aunit-test_cases.adb:116 AUnit.Test_Cases.Routine_Name (11) Simple
running suite: 'Trace' routine: 'Simple'
main_task_00007FB417008800: [00:00:04] aunit-simple_test_cases.adb:113 AUnit.Simple_Test_Cases.Run (11)
main_task_00007FB417008800: [00:00:04] aunit-test_results.adb:298 AUnit.Test_Results.Start_Test (12) in Tests_Run 6 Subtest_Count 1
main_task_00007FB417008800: [00:00:04] aunit-test_results.adb:301 AUnit.Test_Results.Start_Test (12) out
main_task_00007FB417008800: [00:00:04] aunit-simple_test_cases.adb:120 AUnit.Simple_Test_Cases.Run (11)
=======[main_task_00007FB417008800: [00:00:04] aunit-simple_test_cases.adb:134 AUnit.Simple_Test_Cases.Run (11)
]=======
=======[main_task_00007FB417008800: [00:00:04] aunit-simple_test_cases-run_routine.adb:55 AUnit.Simple_Test_Cases.Run_Routine (12) in
]=======
=======[main_task_00007FB417008800: [00:00:04] aunit-test_cases.adb:59 AUnit.Test_Cases.Run_Test (13) in
]=======
=======[main_task_00007FB417008800: [00:00:04] ada_lib-trace-tests.adb:312 Ada_Lib.Trace.Tests.Simple (13) ->log here 1<-
]=======
=======[main_task_00007FB417008800: [00:00:04] ada_lib-trace-tests.adb:313 Ada_Lib.Trace.Tests.Simple (14) in ->log in 2<-
]=======
=======[main_task_00007FB417008800: [00:00:04] ada_lib-trace-tests.adb:314 Ada_Lib.Trace.Tests.Simple (14) ->log here 3<-
]=======
=======[main_task_00007FB417008800: [00:00:04] ada_lib-trace-tests.adb:315 Ada_Lib.Trace.Tests.Simple (15) in ->log in 4<-
]=======
=======[main_task_00007FB417008800: [00:00:04] ada_lib-trace-tests.adb:316 Ada_Lib.Trace.Tests.Simple (15) ->log here 5<-
]=======
=======[main_task_00007FB417008800: [00:00:04] ada_lib-trace-tests.adb:317 Ada_Lib.Trace.Tests.Simple (15) out ->log out 6<-
]=======
=======[main_task_00007FB417008800: [00:00:04] ada_lib-trace-tests.adb:318 Ada_Lib.Trace.Tests.Simple (14) out ->log out 7<-
]=======
=======[main_task_00007FB417008800: [00:00:04] ada_lib-trace-tests.adb:319 Ada_Lib.Trace.Tests.Simple (13) ->log here 8<-
]=======
-------------------- exception ----------------
main_task_00007FB417008800: [00:00:04] caught at ada_lib-trace-tests.adb:327  (13) exception: AUNIT.ASSERTIONS.ASSERTION_ERROR
exception message: bad start pattern 0 from ada_lib-trace-tests.adb: 71
message: 'error in library'
-----------------------------------------------
main_task_00007FB417008800: [00:00:04] aunit-test_cases.adb:116 AUnit.Test_Cases.Routine_Name (13) Simple
main_task_00007FB417008800: [00:00:04] aunit-test_cases.adb:116 AUnit.Test_Cases.Routine_Name (13) Simple
main_task_00007FB417008800: [00:00:04] aunit-simple_test_cases-run_routine.adb:110 AUnit.Simple_Test_Cases.Run_Routine (13) out
main_task_00007FB417008800: [00:00:04] aunit-simple_test_cases.adb:136 AUnit.Simple_Test_Cases.Run (12)
main_task_00007FB417008800: [00:00:04] aunit-simple_test_cases.adb:138 AUnit.Simple_Test_Cases.Run (12)
main_task_00007FB417008800: [00:00:04] aunit-simple_test_cases.adb:144 AUnit.Simple_Test_Cases.Run (12) out  outcome FAILURE
main_task_00007FB417008800: [00:00:04] aunit-test_filters.adb:71 AUnit.Test_Filters.Is_Active (12) in Filter 0000000104754E10 no filter name tag ADA_LIB.TRACE.TESTS.TEST_TYPE test address 046B7E00
main_task_00007FB417008800: [00:00:04] aunit-test_filters.adb:79 AUnit.Test_Filters.Is_Active (12) out  no fiter its active
main_task_00007FB417008800: [00:00:04] aunit-test_cases.adb:93 AUnit.Test_Cases.Run (11)
main_task_00007FB417008800: [00:00:04] aunit-test_cases.adb:116 AUnit.Test_Cases.Routine_Name (11) Exception_Test
main_task_00007FB417008800: [00:00:04] aunit-simple_test_cases.adb:101 AUnit.Simple_Test_Cases.Run (12) in  suite: 'Trace' routine: 'Exception_Test'
main_task_00007FB417008800: [00:00:04] aunit-test_cases.adb:116 AUnit.Test_Cases.Routine_Name (12) Exception_Test
main_task_00007FB417008800: [00:00:04] aunit-simple_test_cases.adb:105 AUnit.Simple_Test_Cases.Run (12) check running suite: 'Trace' routine: 'Exception_Test'
main_task_00007FB417008800: [00:00:04] aunit-test_filters.adb:71 AUnit.Test_Filters.Is_Active (13) in Filter 0000000104754E10 no filter name tag ADA_LIB.TRACE.TESTS.TEST_TYPE test address 046B7E00
main_task_00007FB417008800: [00:00:04] aunit-test_filters.adb:79 AUnit.Test_Filters.Is_Active (13) out  no fiter its active
main_task_00007FB417008800: [00:00:04] aunit-test_cases.adb:116 AUnit.Test_Cases.Routine_Name (12) Exception_Test
running suite: 'Trace' routine: 'Exception_Test'
main_task_00007FB417008800: [00:00:04] aunit-simple_test_cases.adb:113 AUnit.Simple_Test_Cases.Run (12)
main_task_00007FB417008800: [00:00:04] aunit-test_results.adb:298 AUnit.Test_Results.Start_Test (13) in Tests_Run 7 Subtest_Count 1
main_task_00007FB417008800: [00:00:04] aunit-test_results.adb:301 AUnit.Test_Results.Start_Test (13) out
main_task_00007FB417008800: [00:00:04] aunit-simple_test_cases.adb:120 AUnit.Simple_Test_Cases.Run (12)
=======[main_task_00007FB417008800: [00:00:04] aunit-simple_test_cases.adb:134 AUnit.Simple_Test_Cases.Run (12)
]=======
=======[main_task_00007FB417008800: [00:00:04] aunit-simple_test_cases-run_routine.adb:55 AUnit.Simple_Test_Cases.Run_Routine (13) in
]=======
=======[main_task_00007FB417008800: [00:00:04] aunit-test_cases.adb:59 AUnit.Test_Cases.Run_Test (14) in
]=======
-------------------- exception ----------------
=======[main_task_00007FB417008800: [00:00:04] caught at ada_lib-trace-tests.adb:128  (14) exception: ADA_LIB.TRACE.TESTS.TEST_EXCEPTION
exception message: ada_lib-trace-tests.adb:123
message: '->caught test exception<-'
]=======
-----------------------------------------------
-------------------- exception ----------------
main_task_00007FB417008800: [00:00:04] caught at ada_lib-trace-tests.adb:138  (14) exception: AUNIT.ASSERTIONS.ASSERTION_ERROR
exception message: bad start pattern 0 from ada_lib-trace-tests.adb: 71
message: 'error in library'
-----------------------------------------------
main_task_00007FB417008800: [00:00:04] aunit-test_cases.adb:116 AUnit.Test_Cases.Routine_Name (14) Exception_Test
main_task_00007FB417008800: [00:00:04] aunit-test_cases.adb:116 AUnit.Test_Cases.Routine_Name (14) Exception_Test
main_task_00007FB417008800: [00:00:04] aunit-simple_test_cases-run_routine.adb:110 AUnit.Simple_Test_Cases.Run_Routine (14) out
main_task_00007FB417008800: [00:00:04] aunit-simple_test_cases.adb:136 AUnit.Simple_Test_Cases.Run (13)
main_task_00007FB417008800: [00:00:04] aunit-simple_test_cases.adb:138 AUnit.Simple_Test_Cases.Run (13)
main_task_00007FB417008800: [00:00:04] aunit-simple_test_cases.adb:144 AUnit.Simple_Test_Cases.Run (13) out  outcome FAILURE
main_task_00007FB417008800: [00:00:04] aunit-test_filters.adb:71 AUnit.Test_Filters.Is_Active (13) in Filter 0000000104754E10 no filter name tag ADA_LIB.TRACE.TESTS.TEST_TYPE test address 046B7E00
main_task_00007FB417008800: [00:00:04] aunit-test_filters.adb:79 AUnit.Test_Filters.Is_Active (13) out  no fiter its active
main_task_00007FB417008800: [00:00:04] aunit-test_cases.adb:93 AUnit.Test_Cases.Run (12)
main_task_00007FB417008800: [00:00:04] aunit-test_cases.adb:116 AUnit.Test_Cases.Routine_Name (12) Multi_Thread
main_task_00007FB417008800: [00:00:04] aunit-simple_test_cases.adb:101 AUnit.Simple_Test_Cases.Run (13) in  suite: 'Trace' routine: 'Multi_Thread'
main_task_00007FB417008800: [00:00:04] aunit-test_cases.adb:116 AUnit.Test_Cases.Routine_Name (13) Multi_Thread
main_task_00007FB417008800: [00:00:04] aunit-simple_test_cases.adb:105 AUnit.Simple_Test_Cases.Run (13) check running suite: 'Trace' routine: 'Multi_Thread'
main_task_00007FB417008800: [00:00:04] aunit-test_filters.adb:71 AUnit.Test_Filters.Is_Active (14) in Filter 0000000104754E10 no filter name tag ADA_LIB.TRACE.TESTS.TEST_TYPE test address 046B7E00
main_task_00007FB417008800: [00:00:04] aunit-test_filters.adb:79 AUnit.Test_Filters.Is_Active (14) out  no fiter its active
main_task_00007FB417008800: [00:00:04] aunit-test_cases.adb:116 AUnit.Test_Cases.Routine_Name (13) Multi_Thread
running suite: 'Trace' routine: 'Multi_Thread'
main_task_00007FB417008800: [00:00:04] aunit-simple_test_cases.adb:113 AUnit.Simple_Test_Cases.Run (13)
main_task_00007FB417008800: [00:00:04] aunit-test_results.adb:298 AUnit.Test_Results.Start_Test (14) in Tests_Run 8 Subtest_Count 1
main_task_00007FB417008800: [00:00:04] aunit-test_results.adb:301 AUnit.Test_Results.Start_Test (14) out
main_task_00007FB417008800: [00:00:04] aunit-simple_test_cases.adb:120 AUnit.Simple_Test_Cases.Run (13)
=======[main_task_00007FB417008800: [00:00:04] aunit-simple_test_cases.adb:134 AUnit.Simple_Test_Cases.Run (13)
]=======
=======[main_task_00007FB417008800: [00:00:04] aunit-simple_test_cases-run_routine.adb:55 AUnit.Simple_Test_Cases.Run_Routine (14) in
]=======
=======[main_task_00007FB417008800: [00:00:04] aunit-test_cases.adb:59 AUnit.Test_Cases.Run_Test (15) in
]=======
=======[main_task_00007FB417008800: [00:00:04] ada_lib-trace-tests.adb:218 Ada_Lib.Trace.Tests.Multi_Thread (16) in
]=======
=======[tasks(1)_00007FB421009000: [00:00:04] ada_lib-trace-tests.adb:207 Ada_Lib.Trace.Tests.Multi_Thread.Task_Type (1) in
]=======
=======[tasks(2)_00007FB42100C800: [00:00:04] ada_lib-trace-tests.adb:207 Ada_Lib.Trace.Tests.Multi_Thread.Task_Type (1) in
]=======
=======[tasks(3)_00007FB421010000: [00:00:04] ada_lib-trace-tests.adb:207 Ada_Lib.Trace.Tests.Multi_Thread.Task_Type (1) in
]=======
=======[main_task_00007FB417008800: [00:00:04] ada_lib-trace-tests.adb:224 Ada_Lib.Trace.Tests.Multi_Thread (16)
]=======
=======[main_task_00007FB417008800: [00:00:04] ada_lib-trace-tests.adb:226 Ada_Lib.Trace.Tests.Multi_Thread (16)
]=======
=======[main_task_00007FB417008800: [00:00:04] ada_lib-trace-tests.adb:228 Ada_Lib.Trace.Tests.Multi_Thread (16)
]=======
=======[main_task_00007FB417008800: [00:00:04] ada_lib-trace-tests.adb:226 Ada_Lib.Trace.Tests.Multi_Thread (16)
]=======
=======[tasks(1)_00007FB421009000: [00:00:04] ada_lib-trace-tests.adb:185 Ada_Lib.Trace.Tests.Multi_Thread.Thread_Body (2) thread 1 delay  4.53681E-01 count 1
]=======
=======[main_task_00007FB417008800: [00:00:04] ada_lib-trace-tests.adb:228 Ada_Lib.Trace.Tests.Multi_Thread (16)
]=======
=======[main_task_00007FB417008800: [00:00:04] ada_lib-trace-tests.adb:226 Ada_Lib.Trace.Tests.Multi_Thread (16)
]=======
=======[tasks(2)_00007FB42100C800: [00:00:04] ada_lib-trace-tests.adb:185 Ada_Lib.Trace.Tests.Multi_Thread.Thread_Body (2) thread 2 delay  3.54837E-02 count 1
]=======
=======[tasks(3)_00007FB421010000: [00:00:04] ada_lib-trace-tests.adb:185 Ada_Lib.Trace.Tests.Multi_Thread.Thread_Body (2) thread 3 delay  4.76448E-01 count 1
]=======
=======[main_task_00007FB417008800: [00:00:04] ada_lib-trace-tests.adb:228 Ada_Lib.Trace.Tests.Multi_Thread (16)
]=======
=======[main_task_00007FB417008800: [00:00:04] ada_lib-trace-tests.adb:185 Ada_Lib.Trace.Tests.Multi_Thread.Thread_Body (17) main delay  5.73440E-02 count 1
]=======
=======[tasks(2)_00007FB42100C800: [00:00:04] ada_lib-trace-tests.adb:185 Ada_Lib.Trace.Tests.Multi_Thread.Thread_Body (2) thread 2 delay  5.63493E-01 count 2
]=======
=======[main_task_00007FB417008800: [00:00:04] ada_lib-trace-tests.adb:185 Ada_Lib.Trace.Tests.Multi_Thread.Thread_Body (17) main delay  2.46108E-01 count 2
]=======
=======[main_task_00007FB417008800: [00:00:04] ada_lib-trace-tests.adb:185 Ada_Lib.Trace.Tests.Multi_Thread.Thread_Body (17) main delay  9.56688E-01 count 3
]=======
=======[tasks(1)_00007FB421009000: [00:00:04] ada_lib-trace-tests.adb:185 Ada_Lib.Trace.Tests.Multi_Thread.Thread_Body (2) thread 1 delay  7.63146E-02 count 2
]=======
=======[tasks(3)_00007FB421010000: [00:00:04] ada_lib-trace-tests.adb:185 Ada_Lib.Trace.Tests.Multi_Thread.Thread_Body (2) thread 3 delay  4.08090E-01 count 2
]=======
=======[tasks(1)_00007FB421009000: [00:00:04] ada_lib-trace-tests.adb:185 Ada_Lib.Trace.Tests.Multi_Thread.Thread_Body (2) thread 1 delay  6.54083E-01 count 3
]=======
=======[tasks(2)_00007FB42100C800: [00:00:04] ada_lib-trace-tests.adb:185 Ada_Lib.Trace.Tests.Multi_Thread.Thread_Body (2) thread 2 delay  5.48770E-01 count 3
]=======
=======[tasks(3)_00007FB421010000: [00:00:05] ada_lib-trace-tests.adb:185 Ada_Lib.Trace.Tests.Multi_Thread.Thread_Body (2) thread 3 delay  1.93403E-01 count 3
]=======
=======[tasks(3)_00007FB421010000: [00:00:05] ada_lib-trace-tests.adb:185 Ada_Lib.Trace.Tests.Multi_Thread.Thread_Body (2) thread 3 delay  6.39249E-01 count 4
]=======
=======[tasks(2)_00007FB42100C800: [00:00:05] ada_lib-trace-tests.adb:185 Ada_Lib.Trace.Tests.Multi_Thread.Thread_Body (2) thread 2 delay  5.94191E-01 count 4
]=======
=======[tasks(1)_00007FB421009000: [00:00:05] ada_lib-trace-tests.adb:185 Ada_Lib.Trace.Tests.Multi_Thread.Thread_Body (2) thread 1 delay  7.73441E-01 count 4
]=======
=======[main_task_00007FB417008800: [00:00:05] ada_lib-trace-tests.adb:185 Ada_Lib.Trace.Tests.Multi_Thread.Thread_Body (17) main delay  9.96441E-01 count 4
]=======
=======[tasks(3)_00007FB421010000: [00:00:05] ada_lib-trace-tests.adb:185 Ada_Lib.Trace.Tests.Multi_Thread.Thread_Body (2) thread 3 delay  4.89377E-01 count 5
]=======
=======[tasks(2)_00007FB42100C800: [00:00:05] ada_lib-trace-tests.adb:185 Ada_Lib.Trace.Tests.Multi_Thread.Thread_Body (2) thread 2 delay  2.49558E-01 count 5
]=======
=======[tasks(1)_00007FB421009000: [00:00:06] ada_lib-trace-tests.adb:185 Ada_Lib.Trace.Tests.Multi_Thread.Thread_Body (2) thread 1 delay  1.22806E-01 count 5
]=======
=======[tasks(2)_00007FB42100C800: [00:00:06] ada_lib-trace-tests.adb:185 Ada_Lib.Trace.Tests.Multi_Thread.Thread_Body (2) thread 2 delay  4.91924E-01 count 6
]=======
=======[tasks(1)_00007FB421009000: [00:00:06] ada_lib-trace-tests.adb:185 Ada_Lib.Trace.Tests.Multi_Thread.Thread_Body (2) thread 1 delay  5.78807E-01 count 6
]=======
=======[tasks(3)_00007FB421010000: [00:00:06] ada_lib-trace-tests.adb:185 Ada_Lib.Trace.Tests.Multi_Thread.Thread_Body (2) thread 3 delay  8.62919E-01 count 6
]=======
=======[main_task_00007FB417008800: [00:00:06] ada_lib-trace-tests.adb:185 Ada_Lib.Trace.Tests.Multi_Thread.Thread_Body (17) main delay  9.85296E-01 count 5
]=======
=======[tasks(2)_00007FB42100C800: [00:00:06] ada_lib-trace-tests.adb:185 Ada_Lib.Trace.Tests.Multi_Thread.Thread_Body (2) thread 2 delay  9.90555E-01 count 7
]=======
=======[tasks(1)_00007FB421009000: [00:00:06] ada_lib-trace-tests.adb:185 Ada_Lib.Trace.Tests.Multi_Thread.Thread_Body (2) thread 1 delay  9.78583E-01 count 7
]=======
=======[tasks(3)_00007FB421010000: [00:00:07] ada_lib-trace-tests.adb:185 Ada_Lib.Trace.Tests.Multi_Thread.Thread_Body (2) thread 3 delay  1.38733E-01 count 7
]=======
=======[tasks(3)_00007FB421010000: [00:00:07] ada_lib-trace-tests.adb:185 Ada_Lib.Trace.Tests.Multi_Thread.Thread_Body (2) thread 3 delay  7.42688E-01 count 8
]=======
=======[main_task_00007FB417008800: [00:00:07] ada_lib-trace-tests.adb:185 Ada_Lib.Trace.Tests.Multi_Thread.Thread_Body (17) main delay  4.49526E-01 count 6
]=======
=======[tasks(2)_00007FB42100C800: [00:00:07] ada_lib-trace-tests.adb:185 Ada_Lib.Trace.Tests.Multi_Thread.Thread_Body (2) thread 2 delay  1.12518E-01 count 8
]=======
=======[tasks(2)_00007FB42100C800: [00:00:07] ada_lib-trace-tests.adb:185 Ada_Lib.Trace.Tests.Multi_Thread.Thread_Body (2) thread 2 delay  4.05322E-02 count 9
]=======
=======[tasks(2)_00007FB42100C800: [00:00:07] ada_lib-trace-tests.adb:185 Ada_Lib.Trace.Tests.Multi_Thread.Thread_Body (2) thread 2 delay  5.70943E-01 count 10
]=======
=======[tasks(1)_00007FB421009000: [00:00:07] ada_lib-trace-tests.adb:185 Ada_Lib.Trace.Tests.Multi_Thread.Thread_Body (2) thread 1 delay  5.02392E-01 count 8
]=======
=======[main_task_00007FB417008800: [00:00:07] ada_lib-trace-tests.adb:185 Ada_Lib.Trace.Tests.Multi_Thread.Thread_Body (17) main delay  7.10881E-01 count 7
]=======
=======[tasks(3)_00007FB421010000: [00:00:08] ada_lib-trace-tests.adb:185 Ada_Lib.Trace.Tests.Multi_Thread.Thread_Body (2) thread 3 delay  5.56232E-01 count 9
]=======
=======[tasks(1)_00007FB421009000: [00:00:08] ada_lib-trace-tests.adb:185 Ada_Lib.Trace.Tests.Multi_Thread.Thread_Body (2) thread 1 delay  9.57868E-01 count 9
]=======
=======[tasks(2)_00007FB42100C800: [00:00:08] ada_lib-trace-tests.adb:214 Ada_Lib.Trace.Tests.Multi_Thread.Task_Type (1) out
]=======
=======[main_task_00007FB417008800: [00:00:08] ada_lib-trace-tests.adb:185 Ada_Lib.Trace.Tests.Multi_Thread.Thread_Body (17) main delay  8.19882E-01 count 8
]=======
=======[tasks(3)_00007FB421010000: [00:00:08] ada_lib-trace-tests.adb:185 Ada_Lib.Trace.Tests.Multi_Thread.Thread_Body (2) thread 3 delay  8.96104E-01 count 10
]=======
=======[tasks(1)_00007FB421009000: [00:00:09] ada_lib-trace-tests.adb:185 Ada_Lib.Trace.Tests.Multi_Thread.Thread_Body (2) thread 1 delay  9.39215E-01 count 10
]=======
=======[main_task_00007FB417008800: [00:00:09] ada_lib-trace-tests.adb:185 Ada_Lib.Trace.Tests.Multi_Thread.Thread_Body (17) main delay  4.89873E-01 count 9
]=======
=======[tasks(3)_00007FB421010000: [00:00:09] ada_lib-trace-tests.adb:214 Ada_Lib.Trace.Tests.Multi_Thread.Task_Type (1) out
]=======
=======[main_task_00007FB417008800: [00:00:09] ada_lib-trace-tests.adb:185 Ada_Lib.Trace.Tests.Multi_Thread.Thread_Body (17) main delay  7.51831E-01 count 10
]=======
=======[tasks(1)_00007FB421009000: [00:00:10] ada_lib-trace-tests.adb:214 Ada_Lib.Trace.Tests.Multi_Thread.Task_Type (1) out
]=======
=======[main_task_00007FB417008800: [00:00:10] ada_lib-trace-tests.adb:231 Ada_Lib.Trace.Tests.Multi_Thread (16) out
]=======
main_task_00007FB417008800: [00:00:10] aunit-test_cases.adb:61 AUnit.Test_Cases.Run_Test (15) out
main_task_00007FB417008800: [00:00:10] aunit-test_cases.adb:116 AUnit.Test_Cases.Routine_Name (14) Multi_Thread
main_task_00007FB417008800: [00:00:10] aunit-test_results.adb:221 AUnit.Test_Results.Add_Success (15) in Test_Name: 'Trace' Routine_Name: 'Multi_Thread'
main_task_00007FB417008800: [00:00:10] aunit-test_results.adb:224 AUnit.Test_Results.Add_Success (15) out
main_task_00007FB417008800: [00:00:10] aunit-simple_test_cases-run_routine.adb:110 AUnit.Simple_Test_Cases.Run_Routine (14) out
main_task_00007FB417008800: [00:00:10] aunit-simple_test_cases.adb:136 AUnit.Simple_Test_Cases.Run (13)
main_task_00007FB417008800: [00:00:10] aunit-simple_test_cases.adb:138 AUnit.Simple_Test_Cases.Run (13)
main_task_00007FB417008800: [00:00:10] aunit-simple_test_cases.adb:144 AUnit.Simple_Test_Cases.Run (13) out  outcome SUCCESS
main_task_00007FB417008800: [00:00:10] aunit-test_cases.adb:107 AUnit.Test_Cases.Run (12) out
main_task_00007FB417008800: [00:00:10] aunit-test_suites.adb:102 AUnit.Test_Suites.Run (11) failed
main_task_00007FB417008800: [00:00:10] aunit-test_suites.adb:108 AUnit.Test_Suites.Run (11) out
main_task_00007FB417008800: [00:00:10] aunit-test_suites.adb:102 AUnit.Test_Suites.Run (10) failed
main_task_00007FB417008800: [00:00:10] aunit-test_suites.adb:92 AUnit.Test_Suites.Run (10) Element find TS_ELT
main_task_00007FB417008800: [00:00:10] aunit-test_suites.adb:89 AUnit.Test_Suites.Run (11) in AUnit_Options 000000030CEE0CB0
main_task_00007FB417008800: [00:00:10] aunit-test_suites.adb:92 AUnit.Test_Suites.Run (11) Element find TC_ELT
main_task_00007FB417008800: [00:00:10] aunit-test_cases.adb:78 AUnit.Test_Cases.Run (12) in run options 000000030CEE0C00 have filter 0000000104754E10 test tag ADA_LIB.LOCK.TESTS.TEST_TYPE
main_task_00007FB417008800: [00:00:10] aunit-test_cases.adb:48 AUnit.Test_Cases.Add_Routine (14) in routine name: 'Test_Lock'
main_task_00007FB417008800: [00:00:10] aunit-test_cases.adb:50 AUnit.Test_Cases.Add_Routine (14) out
main_task_00007FB417008800: [00:00:10] aunit-test_cases.adb:48 AUnit.Test_Cases.Add_Routine (14) in routine name: 'Test_Relock'
main_task_00007FB417008800: [00:00:10] aunit-test_cases.adb:50 AUnit.Test_Cases.Add_Routine (14) out
main_task_00007FB417008800: [00:00:10] aunit-test_cases.adb:48 AUnit.Test_Cases.Add_Routine (14) in routine name: 'Test_Async_Lock'
main_task_00007FB417008800: [00:00:10] aunit-test_cases.adb:50 AUnit.Test_Cases.Add_Routine (14) out
main_task_00007FB417008800: [00:00:10] aunit-test_filters.adb:71 AUnit.Test_Filters.Is_Active (13) in Filter 0000000104754E10 no filter name tag ADA_LIB.LOCK.TESTS.TEST_TYPE test address 046B6CA0
main_task_00007FB417008800: [00:00:10] aunit-test_filters.adb:79 AUnit.Test_Filters.Is_Active (13) out  no fiter its active
main_task_00007FB417008800: [00:00:10] aunit-test_cases.adb:93 AUnit.Test_Cases.Run (12)
main_task_00007FB417008800: [00:00:10] aunit-test_cases.adb:116 AUnit.Test_Cases.Routine_Name (12) Test_Lock
main_task_00007FB417008800: [00:00:10] aunit-simple_test_cases.adb:101 AUnit.Simple_Test_Cases.Run (13) in  suite: 'Lock' routine: 'Test_Lock'
main_task_00007FB417008800: [00:00:10] aunit-test_cases.adb:116 AUnit.Test_Cases.Routine_Name (13) Test_Lock
main_task_00007FB417008800: [00:00:10] aunit-simple_test_cases.adb:105 AUnit.Simple_Test_Cases.Run (13) check running suite: 'Lock' routine: 'Test_Lock'
main_task_00007FB417008800: [00:00:10] aunit-test_filters.adb:71 AUnit.Test_Filters.Is_Active (14) in Filter 0000000104754E10 no filter name tag ADA_LIB.LOCK.TESTS.TEST_TYPE test address 046B6CA0
main_task_00007FB417008800: [00:00:10] aunit-test_filters.adb:79 AUnit.Test_Filters.Is_Active (14) out  no fiter its active
main_task_00007FB417008800: [00:00:10] aunit-test_cases.adb:116 AUnit.Test_Cases.Routine_Name (13) Test_Lock
running suite: 'Lock' routine: 'Test_Lock'
main_task_00007FB417008800: [00:00:10] aunit-simple_test_cases.adb:113 AUnit.Simple_Test_Cases.Run (13)
main_task_00007FB417008800: [00:00:10] aunit-test_results.adb:298 AUnit.Test_Results.Start_Test (14) in Tests_Run 9 Subtest_Count 1
main_task_00007FB417008800: [00:00:10] aunit-test_results.adb:301 AUnit.Test_Results.Start_Test (14) out
main_task_00007FB417008800: [00:00:10] aunit-simple_test_cases.adb:120 AUnit.Simple_Test_Cases.Run (13)
main_task_00007FB417008800: [00:00:10] aunit-simple_test_cases.adb:134 AUnit.Simple_Test_Cases.Run (13)
main_task_00007FB417008800: [00:00:10] aunit-simple_test_cases-run_routine.adb:55 AUnit.Simple_Test_Cases.Run_Routine (14) in
main_task_00007FB417008800: [00:00:10] aunit-test_cases.adb:59 AUnit.Test_Cases.Run_Test (15) in
main_task_00007FB417008800: [00:00:10] aunit-test_cases.adb:61 AUnit.Test_Cases.Run_Test (15) out
main_task_00007FB417008800: [00:00:10] aunit-test_cases.adb:116 AUnit.Test_Cases.Routine_Name (14) Test_Lock
main_task_00007FB417008800: [00:00:10] aunit-test_results.adb:221 AUnit.Test_Results.Add_Success (15) in Test_Name: 'Lock' Routine_Name: 'Test_Lock'
main_task_00007FB417008800: [00:00:10] aunit-test_results.adb:224 AUnit.Test_Results.Add_Success (15) out
main_task_00007FB417008800: [00:00:10] aunit-simple_test_cases-run_routine.adb:110 AUnit.Simple_Test_Cases.Run_Routine (14) out
main_task_00007FB417008800: [00:00:10] aunit-simple_test_cases.adb:136 AUnit.Simple_Test_Cases.Run (13)
main_task_00007FB417008800: [00:00:10] aunit-simple_test_cases.adb:138 AUnit.Simple_Test_Cases.Run (13)
main_task_00007FB417008800: [00:00:10] aunit-simple_test_cases.adb:144 AUnit.Simple_Test_Cases.Run (13) out  outcome SUCCESS
main_task_00007FB417008800: [00:00:10] aunit-test_filters.adb:71 AUnit.Test_Filters.Is_Active (13) in Filter 0000000104754E10 no filter name tag ADA_LIB.LOCK.TESTS.TEST_TYPE test address 046B6CA0
main_task_00007FB417008800: [00:00:10] aunit-test_filters.adb:79 AUnit.Test_Filters.Is_Active (13) out  no fiter its active
main_task_00007FB417008800: [00:00:10] aunit-test_cases.adb:93 AUnit.Test_Cases.Run (12)
main_task_00007FB417008800: [00:00:10] aunit-test_cases.adb:116 AUnit.Test_Cases.Routine_Name (12) Test_Relock
main_task_00007FB417008800: [00:00:10] aunit-simple_test_cases.adb:101 AUnit.Simple_Test_Cases.Run (13) in  suite: 'Lock' routine: 'Test_Relock'
main_task_00007FB417008800: [00:00:10] aunit-test_cases.adb:116 AUnit.Test_Cases.Routine_Name (13) Test_Relock
main_task_00007FB417008800: [00:00:10] aunit-simple_test_cases.adb:105 AUnit.Simple_Test_Cases.Run (13) check running suite: 'Lock' routine: 'Test_Relock'
main_task_00007FB417008800: [00:00:10] aunit-test_filters.adb:71 AUnit.Test_Filters.Is_Active (14) in Filter 0000000104754E10 no filter name tag ADA_LIB.LOCK.TESTS.TEST_TYPE test address 046B6CA0
main_task_00007FB417008800: [00:00:10] aunit-test_filters.adb:79 AUnit.Test_Filters.Is_Active (14) out  no fiter its active
main_task_00007FB417008800: [00:00:10] aunit-test_cases.adb:116 AUnit.Test_Cases.Routine_Name (13) Test_Relock
running suite: 'Lock' routine: 'Test_Relock'
main_task_00007FB417008800: [00:00:10] aunit-simple_test_cases.adb:113 AUnit.Simple_Test_Cases.Run (13)
main_task_00007FB417008800: [00:00:10] aunit-test_results.adb:298 AUnit.Test_Results.Start_Test (14) in Tests_Run 10 Subtest_Count 1
main_task_00007FB417008800: [00:00:10] aunit-test_results.adb:301 AUnit.Test_Results.Start_Test (14) out
main_task_00007FB417008800: [00:00:10] aunit-simple_test_cases.adb:120 AUnit.Simple_Test_Cases.Run (13)
main_task_00007FB417008800: [00:00:10] aunit-simple_test_cases.adb:134 AUnit.Simple_Test_Cases.Run (13)
main_task_00007FB417008800: [00:00:10] aunit-simple_test_cases-run_routine.adb:55 AUnit.Simple_Test_Cases.Run_Routine (14) in
main_task_00007FB417008800: [00:00:10] aunit-test_cases.adb:59 AUnit.Test_Cases.Run_Test (15) in
main_task_00007FB417008800: [00:00:10] aunit-test_cases.adb:61 AUnit.Test_Cases.Run_Test (15) out
main_task_00007FB417008800: [00:00:10] aunit-test_cases.adb:116 AUnit.Test_Cases.Routine_Name (14) Test_Relock
main_task_00007FB417008800: [00:00:10] aunit-test_results.adb:221 AUnit.Test_Results.Add_Success (15) in Test_Name: 'Lock' Routine_Name: 'Test_Relock'
main_task_00007FB417008800: [00:00:10] aunit-test_results.adb:224 AUnit.Test_Results.Add_Success (15) out
main_task_00007FB417008800: [00:00:10] aunit-simple_test_cases-run_routine.adb:110 AUnit.Simple_Test_Cases.Run_Routine (14) out
main_task_00007FB417008800: [00:00:10] aunit-simple_test_cases.adb:136 AUnit.Simple_Test_Cases.Run (13)
main_task_00007FB417008800: [00:00:10] aunit-simple_test_cases.adb:138 AUnit.Simple_Test_Cases.Run (13)
main_task_00007FB417008800: [00:00:10] aunit-simple_test_cases.adb:144 AUnit.Simple_Test_Cases.Run (13) out  outcome SUCCESS
main_task_00007FB417008800: [00:00:10] aunit-test_filters.adb:71 AUnit.Test_Filters.Is_Active (13) in Filter 0000000104754E10 no filter name tag ADA_LIB.LOCK.TESTS.TEST_TYPE test address 046B6CA0
main_task_00007FB417008800: [00:00:10] aunit-test_filters.adb:79 AUnit.Test_Filters.Is_Active (13) out  no fiter its active
main_task_00007FB417008800: [00:00:10] aunit-test_cases.adb:93 AUnit.Test_Cases.Run (12)
main_task_00007FB417008800: [00:00:10] aunit-test_cases.adb:116 AUnit.Test_Cases.Routine_Name (12) Test_Async_Lock
main_task_00007FB417008800: [00:00:10] aunit-simple_test_cases.adb:101 AUnit.Simple_Test_Cases.Run (13) in  suite: 'Lock' routine: 'Test_Async_Lock'
main_task_00007FB417008800: [00:00:10] aunit-test_cases.adb:116 AUnit.Test_Cases.Routine_Name (13) Test_Async_Lock
main_task_00007FB417008800: [00:00:10] aunit-simple_test_cases.adb:105 AUnit.Simple_Test_Cases.Run (13) check running suite: 'Lock' routine: 'Test_Async_Lock'
main_task_00007FB417008800: [00:00:10] aunit-test_filters.adb:71 AUnit.Test_Filters.Is_Active (14) in Filter 0000000104754E10 no filter name tag ADA_LIB.LOCK.TESTS.TEST_TYPE test address 046B6CA0
main_task_00007FB417008800: [00:00:10] aunit-test_filters.adb:79 AUnit.Test_Filters.Is_Active (14) out  no fiter its active
main_task_00007FB417008800: [00:00:10] aunit-test_cases.adb:116 AUnit.Test_Cases.Routine_Name (13) Test_Async_Lock
running suite: 'Lock' routine: 'Test_Async_Lock'
main_task_00007FB417008800: [00:00:10] aunit-simple_test_cases.adb:113 AUnit.Simple_Test_Cases.Run (13)
main_task_00007FB417008800: [00:00:10] aunit-test_results.adb:298 AUnit.Test_Results.Start_Test (14) in Tests_Run 11 Subtest_Count 1
main_task_00007FB417008800: [00:00:10] aunit-test_results.adb:301 AUnit.Test_Results.Start_Test (14) out
main_task_00007FB417008800: [00:00:10] aunit-simple_test_cases.adb:120 AUnit.Simple_Test_Cases.Run (13)
main_task_00007FB417008800: [00:00:10] aunit-simple_test_cases.adb:134 AUnit.Simple_Test_Cases.Run (13)
main_task_00007FB417008800: [00:00:10] aunit-simple_test_cases-run_routine.adb:55 AUnit.Simple_Test_Cases.Run_Routine (14) in
main_task_00007FB417008800: [00:00:10] aunit-test_cases.adb:59 AUnit.Test_Cases.Run_Test (15) in
main_task_00007FB417008800: [00:00:11] aunit-test_cases.adb:61 AUnit.Test_Cases.Run_Test (15) out
main_task_00007FB417008800: [00:00:11] aunit-test_cases.adb:116 AUnit.Test_Cases.Routine_Name (14) Test_Async_Lock
main_task_00007FB417008800: [00:00:11] aunit-test_results.adb:221 AUnit.Test_Results.Add_Success (15) in Test_Name: 'Lock' Routine_Name: 'Test_Async_Lock'
main_task_00007FB417008800: [00:00:11] aunit-test_results.adb:224 AUnit.Test_Results.Add_Success (15) out
main_task_00007FB417008800: [00:00:11] aunit-simple_test_cases-run_routine.adb:110 AUnit.Simple_Test_Cases.Run_Routine (14) out
main_task_00007FB417008800: [00:00:11] aunit-simple_test_cases.adb:136 AUnit.Simple_Test_Cases.Run (13)
main_task_00007FB417008800: [00:00:11] aunit-simple_test_cases.adb:138 AUnit.Simple_Test_Cases.Run (13)
main_task_00007FB417008800: [00:00:11] aunit-simple_test_cases.adb:144 AUnit.Simple_Test_Cases.Run (13) out  outcome SUCCESS
main_task_00007FB417008800: [00:00:11] aunit-test_cases.adb:107 AUnit.Test_Cases.Run (12) out
main_task_00007FB417008800: [00:00:11] aunit-test_suites.adb:108 AUnit.Test_Suites.Run (11) out
main_task_00007FB417008800: [00:00:11] aunit-test_suites.adb:92 AUnit.Test_Suites.Run (10) Element find TS_ELT
main_task_00007FB417008800: [00:00:11] aunit-test_suites.adb:89 AUnit.Test_Suites.Run (11) in AUnit_Options 000000030CEE0CB0
main_task_00007FB417008800: [00:00:11] aunit-test_suites.adb:92 AUnit.Test_Suites.Run (11) Element find TC_ELT
main_task_00007FB417008800: [00:00:11] aunit-test_cases.adb:78 AUnit.Test_Cases.Run (12) in run options 000000030CEE0C00 have filter 0000000104754E10 test tag ADA_LIB.EVENT.UNIT_TEST.TEST_TYPE
main_task_00007FB417008800: [00:00:11] aunit-test_cases.adb:48 AUnit.Test_Cases.Add_Routine (14) in routine name: 'Wait_For_Event'
main_task_00007FB417008800: [00:00:11] aunit-test_cases.adb:50 AUnit.Test_Cases.Add_Routine (14) out
main_task_00007FB417008800: [00:00:11] aunit-test_filters.adb:71 AUnit.Test_Filters.Is_Active (13) in Filter 0000000104754E10 no filter name tag ADA_LIB.EVENT.UNIT_TEST.TEST_TYPE test address 046B67A0
main_task_00007FB417008800: [00:00:11] aunit-test_filters.adb:79 AUnit.Test_Filters.Is_Active (13) out  no fiter its active
main_task_00007FB417008800: [00:00:11] aunit-test_cases.adb:93 AUnit.Test_Cases.Run (12)
main_task_00007FB417008800: [00:00:11] aunit-test_cases.adb:116 AUnit.Test_Cases.Routine_Name (12) Wait_For_Event
main_task_00007FB417008800: [00:00:11] aunit-simple_test_cases.adb:101 AUnit.Simple_Test_Cases.Run (13) in  suite: 'Event' routine: 'Wait_For_Event'
main_task_00007FB417008800: [00:00:11] aunit-test_cases.adb:116 AUnit.Test_Cases.Routine_Name (13) Wait_For_Event
main_task_00007FB417008800: [00:00:11] aunit-simple_test_cases.adb:105 AUnit.Simple_Test_Cases.Run (13) check running suite: 'Event' routine: 'Wait_For_Event'
main_task_00007FB417008800: [00:00:11] aunit-test_filters.adb:71 AUnit.Test_Filters.Is_Active (14) in Filter 0000000104754E10 no filter name tag ADA_LIB.EVENT.UNIT_TEST.TEST_TYPE test address 046B67A0
main_task_00007FB417008800: [00:00:11] aunit-test_filters.adb:79 AUnit.Test_Filters.Is_Active (14) out  no fiter its active
main_task_00007FB417008800: [00:00:11] aunit-test_cases.adb:116 AUnit.Test_Cases.Routine_Name (13) Wait_For_Event
running suite: 'Event' routine: 'Wait_For_Event'
main_task_00007FB417008800: [00:00:11] aunit-simple_test_cases.adb:113 AUnit.Simple_Test_Cases.Run (13)
main_task_00007FB417008800: [00:00:11] aunit-test_results.adb:298 AUnit.Test_Results.Start_Test (14) in Tests_Run 12 Subtest_Count 1
main_task_00007FB417008800: [00:00:11] aunit-test_results.adb:301 AUnit.Test_Results.Start_Test (14) out
main_task_00007FB417008800: [00:00:11] aunit-simple_test_cases.adb:120 AUnit.Simple_Test_Cases.Run (13)
main_task_00007FB417008800: [00:00:11] aunit-simple_test_cases.adb:134 AUnit.Simple_Test_Cases.Run (13)
main_task_00007FB417008800: [00:00:11] aunit-simple_test_cases-run_routine.adb:55 AUnit.Simple_Test_Cases.Run_Routine (14) in
main_task_00007FB417008800: [00:00:11] aunit-test_cases.adb:59 AUnit.Test_Cases.Run_Test (15) in
main_task_00007FB417008800: [00:00:13] aunit-test_cases.adb:61 AUnit.Test_Cases.Run_Test (15) out
main_task_00007FB417008800: [00:00:13] aunit-test_cases.adb:116 AUnit.Test_Cases.Routine_Name (14) Wait_For_Event
main_task_00007FB417008800: [00:00:13] aunit-test_results.adb:221 AUnit.Test_Results.Add_Success (15) in Test_Name: 'Event' Routine_Name: 'Wait_For_Event'
main_task_00007FB417008800: [00:00:13] aunit-test_results.adb:224 AUnit.Test_Results.Add_Success (15) out
main_task_00007FB417008800: [00:00:13] aunit-simple_test_cases-run_routine.adb:110 AUnit.Simple_Test_Cases.Run_Routine (14) out
main_task_00007FB417008800: [00:00:13] aunit-simple_test_cases.adb:136 AUnit.Simple_Test_Cases.Run (13)
main_task_00007FB417008800: [00:00:13] aunit-simple_test_cases.adb:138 AUnit.Simple_Test_Cases.Run (13)
main_task_00007FB417008800: [00:00:13] aunit-simple_test_cases.adb:144 AUnit.Simple_Test_Cases.Run (13) out  outcome SUCCESS
main_task_00007FB417008800: [00:00:13] aunit-test_cases.adb:107 AUnit.Test_Cases.Run (12) out
main_task_00007FB417008800: [00:00:13] aunit-test_suites.adb:108 AUnit.Test_Suites.Run (11) out
main_task_00007FB417008800: [00:00:13] aunit-test_suites.adb:92 AUnit.Test_Suites.Run (10) Element find TS_ELT
main_task_00007FB417008800: [00:00:13] aunit-test_suites.adb:89 AUnit.Test_Suites.Run (11) in AUnit_Options 000000030CEE0CB0
main_task_00007FB417008800: [00:00:13] aunit-test_suites.adb:92 AUnit.Test_Suites.Run (11) Element find TC_ELT
main_task_00007FB417008800: [00:00:13] aunit-test_cases.adb:78 AUnit.Test_Cases.Run (12) in run options 000000030CEE0C00 have filter 0000000104754E10 test tag ADA_LIB.GNOGA.UNIT_TEST.EVENTS.EVENT_TEST_TYPE
main_task_00007FB417008800: [00:00:13] ada_lib-gnoga-unit_test-events.adb:450 Ada_Lib.GNOGA.Unit_Test.Events.Register_Tests (13) in
main_task_00007FB417008800: [00:00:13] aunit-test_cases.adb:48 AUnit.Test_Cases.Add_Routine (15) in routine name: 'Keyboard_Test'
main_task_00007FB417008800: [00:00:13] aunit-test_cases.adb:50 AUnit.Test_Cases.Add_Routine (15) out
main_task_00007FB417008800: [00:00:13] aunit-test_cases.adb:48 AUnit.Test_Cases.Add_Routine (15) in routine name: 'Mouse_Click'
main_task_00007FB417008800: [00:00:13] aunit-test_cases.adb:50 AUnit.Test_Cases.Add_Routine (15) out
main_task_00007FB417008800: [00:00:13] aunit-test_cases.adb:48 AUnit.Test_Cases.Add_Routine (15) in routine name: 'Test_Mouse_Move'
main_task_00007FB417008800: [00:00:13] aunit-test_cases.adb:50 AUnit.Test_Cases.Add_Routine (15) out
main_task_00007FB417008800: [00:00:13] ada_lib-gnoga-unit_test-events.adb:464 Ada_Lib.GNOGA.Unit_Test.Events.Register_Tests (13) out
main_task_00007FB417008800: [00:00:13] aunit-test_filters.adb:71 AUnit.Test_Filters.Is_Active (13) in Filter 0000000104754E10 no filter name tag ADA_LIB.GNOGA.UNIT_TEST.EVENTS.EVENT_TEST_TYPE test address 046B8A20
main_task_00007FB417008800: [00:00:13] aunit-test_filters.adb:79 AUnit.Test_Filters.Is_Active (13) out  no fiter its active
main_task_00007FB417008800: [00:00:13] aunit-test_cases.adb:93 AUnit.Test_Cases.Run (12)
main_task_00007FB417008800: [00:00:13] aunit-test_cases.adb:116 AUnit.Test_Cases.Routine_Name (12) Keyboard_Test
main_task_00007FB417008800: [00:00:13] aunit-simple_test_cases.adb:101 AUnit.Simple_Test_Cases.Run (13) in  suite: 'AUnit_Events' routine: 'Keyboard_Test'
main_task_00007FB417008800: [00:00:13] aunit-test_cases.adb:116 AUnit.Test_Cases.Routine_Name (13) Keyboard_Test
main_task_00007FB417008800: [00:00:13] aunit-simple_test_cases.adb:105 AUnit.Simple_Test_Cases.Run (13) check running suite: 'AUnit_Events' routine: 'Keyboard_Test'
main_task_00007FB417008800: [00:00:13] aunit-test_filters.adb:71 AUnit.Test_Filters.Is_Active (14) in Filter 0000000104754E10 no filter name tag ADA_LIB.GNOGA.UNIT_TEST.EVENTS.EVENT_TEST_TYPE test address 046B8A20
main_task_00007FB417008800: [00:00:13] aunit-test_filters.adb:79 AUnit.Test_Filters.Is_Active (14) out  no fiter its active
main_task_00007FB417008800: [00:00:13] aunit-test_cases.adb:116 AUnit.Test_Cases.Routine_Name (13) Keyboard_Test
running suite: 'AUnit_Events' routine: 'Keyboard_Test'
main_task_00007FB417008800: [00:00:13] aunit-simple_test_cases.adb:113 AUnit.Simple_Test_Cases.Run (13)
main_task_00007FB417008800: [00:00:13] aunit-test_results.adb:298 AUnit.Test_Results.Start_Test (14) in Tests_Run 13 Subtest_Count 1
main_task_00007FB417008800: [00:00:13] aunit-test_results.adb:301 AUnit.Test_Results.Start_Test (14) out
main_task_00007FB417008800: [00:00:13] aunit-simple_test_cases.adb:120 AUnit.Simple_Test_Cases.Run (13)
main_task_00007FB417008800: [00:00:13] ada_lib-gnoga-unit_test-events.adb:474 Ada_Lib.GNOGA.Unit_Test.Events.Set_Up (14) in
main_task_00007FB417008800: [00:00:13] ada_lib-gnoga-unit_test-events.adb:475 Ada_Lib.GNOGA.Unit_Test.Events.Set_Up (14) parent debug TRUE
main_task_00007FB417008800: [00:00:13] ada_lib-gnoga-unit_test.adb:138 Ada_Lib.GNOGA.Unit_Test.Set_Up (14) debug TRUE local debug TRUE
main_task_00007FB417008800: [00:00:13] ada_lib-gnoga-unit_test.adb:139 Ada_Lib.GNOGA.Unit_Test.Set_Up (15) in Initialize_GNOGA TRUE test driver FALSE
main_task_00007FB417008800: [00:00:13] ada_lib-gnoga-unit_test.adb:144 Ada_Lib.GNOGA.Unit_Test.Set_Up (15)  Initialize_GNOGA TRUE
main_task_00007FB417008800: [00:00:13] ada_lib-gnoga-unit_test.adb:147 Ada_Lib.GNOGA.Unit_Test.Set_Up (15)
Gnoga            :1.2b
Application root :/Users/wayne/Project/git/alr/applications/ada_lib/ada_lib_tests/
Executable at    :/Users/wayne/Project/git/alr/applications/ada_lib/ada_lib_tests/bin/
HTML root        :/Users/wayne/Project/git/alr/applications/ada_lib/ada_lib_tests/html/
Upload directory :/Users/wayne/Project/git/alr/applications/ada_lib/ada_lib_tests/html/
Templates root   :/Users/wayne/Project/git/alr/applications/ada_lib/ada_lib_tests/templates/
/js  at          :/Users/wayne/Project/git/alr/applications/ada_lib/ada_lib_tests/js/
/css at          :/Users/wayne/Project/git/alr/applications/ada_lib/ada_lib_tests/css/
/img at          :/Users/wayne/Project/git/alr/applications/ada_lib/ada_lib_tests/img/
Boot file        :boot_jqueryui.html
HTTP listen on   ::8080
Press Ctrl-C to close server.
2024-04-03 21:45:08.48 : HTTP Server Started
2024-04-03 21:45:08.69 : New long polling connection - ID 1
2024-04-03 21:45:08.73 : Swapping websocket connection  2 <=> 1
2024-04-03 21:45:08.99 : Shutting down long polling connection - 2
S4767b_00007FB422808200: [00:00:13] ada_lib-gnoga-unit_test.adb:206 Ada_Lib.GNOGA.Unit_Test.Test_Handler (2) in URL: 'http://127.0.0.1:8080/'
S4767b_00007FB422808200: [00:00:13] ada_lib-gnoga-unit_test.adb:212 Ada_Lib.GNOGA.Unit_Test.Test_Handler (2) out
main_task_00007FB417008800: [00:00:13] ada_lib-gnoga-unit_test.adb:158 Ada_Lib.GNOGA.Unit_Test.Set_Up (15)
main_task_00007FB417008800: [00:00:13] ada_lib-gnoga-unit_test.adb:161 Ada_Lib.GNOGA.Unit_Test.Set_Up (15) out
main_task_00007FB417008800: [00:00:13] ada_lib-gnoga-unit_test-events.adb:484 Ada_Lib.GNOGA.Unit_Test.Events.Set_Up (14) out
main_task_00007FB417008800: [00:00:13] aunit-simple_test_cases.adb:134 AUnit.Simple_Test_Cases.Run (13)
main_task_00007FB417008800: [00:00:13] aunit-simple_test_cases-run_routine.adb:55 AUnit.Simple_Test_Cases.Run_Routine (14) in
main_task_00007FB417008800: [00:00:13] aunit-test_cases.adb:59 AUnit.Test_Cases.Run_Test (15) in
main_task_00007FB417008800: [00:00:13] ada_lib-gnoga-unit_test-events.adb:246 Ada_Lib.GNOGA.Unit_Test.Events.Keyboard_Test (16) in data address 000000030CEE0418have main window
main_task_00007FB417008800: [00:00:13] ada_lib-gnoga-unit_test-events.adb:103 Ada_Lib.GNOGA.Unit_Test.Events.Character_Event_Handler (17) in key 'A'
key A
main_task_00007FB417008800: [00:00:13] ada_lib-gnoga-unit_test-events.adb:107 Ada_Lib.GNOGA.Unit_Test.Events.Character_Event_Handler (17) out
main_task_00007FB417008800: [00:00:13] ada_lib-gnoga-unit_test-events.adb:179 Ada_Lib.GNOGA.Unit_Test.Events.Keyboard_Event_Handler (17) in
message type KEY_DOWN key code  100 unknown 'B' Alt FALSE Control FALSE Shift FALSE Meta FALSE
main_task_00007FB417008800: [00:00:13] ada_lib-gnoga-unit_test-events.adb:200 Ada_Lib.GNOGA.Unit_Test.Events.Keyboard_Event_Handler (17) out
main_task_00007FB417008800: [00:00:13] ada_lib-gnoga-unit_test-events.adb:179 Ada_Lib.GNOGA.Unit_Test.Events.Keyboard_Event_Handler (17) in
message type KEY_PRESS key code  100 unknown 'C' Alt FALSE Control FALSE Shift FALSE Meta FALSE
main_task_00007FB417008800: [00:00:13] ada_lib-gnoga-unit_test-events.adb:200 Ada_Lib.GNOGA.Unit_Test.Events.Keyboard_Event_Handler (17) out
main_task_00007FB417008800: [00:00:13] ada_lib-gnoga-unit_test-events.adb:179 Ada_Lib.GNOGA.Unit_Test.Events.Keyboard_Event_Handler (17) in
message type KEY_UP key code  100 unknown 'D' Alt FALSE Control FALSE Shift FALSE Meta FALSE
main_task_00007FB417008800: [00:00:13] ada_lib-gnoga-unit_test-events.adb:200 Ada_Lib.GNOGA.Unit_Test.Events.Keyboard_Event_Handler (17) out
main_task_00007FB417008800: [00:00:13] ada_lib-gnoga-unit_test-events.adb:280 Ada_Lib.GNOGA.Unit_Test.Events.Keyboard_Test (16) out
main_task_00007FB417008800: [00:00:13] aunit-test_cases.adb:61 AUnit.Test_Cases.Run_Test (15) out
main_task_00007FB417008800: [00:00:13] aunit-test_cases.adb:116 AUnit.Test_Cases.Routine_Name (14) Keyboard_Test
main_task_00007FB417008800: [00:00:13] aunit-test_results.adb:221 AUnit.Test_Results.Add_Success (15) in Test_Name: 'AUnit_Events' Routine_Name: 'Keyboard_Test'
main_task_00007FB417008800: [00:00:13] aunit-test_results.adb:224 AUnit.Test_Results.Add_Success (15) out
main_task_00007FB417008800: [00:00:13] aunit-simple_test_cases-run_routine.adb:110 AUnit.Simple_Test_Cases.Run_Routine (14) out
main_task_00007FB417008800: [00:00:13] aunit-simple_test_cases.adb:136 AUnit.Simple_Test_Cases.Run (13)
main_task_00007FB417008800: [00:00:13] aunit-simple_test_cases.adb:138 AUnit.Simple_Test_Cases.Run (13)
main_task_00007FB417008800: [00:00:13] ada_lib-gnoga-unit_test-events.adb:507  (13) Ada_Lib.GNOGA.Unit_Test.Events.Tear_Downmain_task_00007FB417008800: [00:00:13] ada_lib-gnoga-unit_test.adb:171 Ada_Lib.GNOGA.Unit_Test.Tear_Down (14) in Initialize_GNOGA TRUE
2024-04-03 21:45:09.09 : Deleting connection - 1
2024-04-03 21:45:09.09 : Deleting connection - 2
2024-04-03 21:45:09.10 : HTTP Server Stopping
main_task_00007FB417008800: [00:00:14] ada_lib-gnoga-unit_test.adb:185 Ada_Lib.GNOGA.Unit_Test.Tear_Down (14) out
main_task_00007FB417008800: [00:00:14] aunit-simple_test_cases.adb:144 AUnit.Simple_Test_Cases.Run (13) out  outcome SUCCESS
main_task_00007FB417008800: [00:00:14] aunit-test_filters.adb:71 AUnit.Test_Filters.Is_Active (13) in Filter 0000000104754E10 no filter name tag ADA_LIB.GNOGA.UNIT_TEST.EVENTS.EVENT_TEST_TYPE test address 046B8A20
main_task_00007FB417008800: [00:00:14] aunit-test_filters.adb:79 AUnit.Test_Filters.Is_Active (13) out  no fiter its active
main_task_00007FB417008800: [00:00:14] aunit-test_cases.adb:93 AUnit.Test_Cases.Run (12)
main_task_00007FB417008800: [00:00:14] aunit-test_cases.adb:116 AUnit.Test_Cases.Routine_Name (12) Mouse_Click
main_task_00007FB417008800: [00:00:14] aunit-simple_test_cases.adb:101 AUnit.Simple_Test_Cases.Run (13) in  suite: 'AUnit_Events' routine: 'Mouse_Click'
main_task_00007FB417008800: [00:00:14] aunit-test_cases.adb:116 AUnit.Test_Cases.Routine_Name (13) Mouse_Click
main_task_00007FB417008800: [00:00:14] aunit-simple_test_cases.adb:105 AUnit.Simple_Test_Cases.Run (13) check running suite: 'AUnit_Events' routine: 'Mouse_Click'
main_task_00007FB417008800: [00:00:14] aunit-test_filters.adb:71 AUnit.Test_Filters.Is_Active (14) in Filter 0000000104754E10 no filter name tag ADA_LIB.GNOGA.UNIT_TEST.EVENTS.EVENT_TEST_TYPE test address 046B8A20
main_task_00007FB417008800: [00:00:14] aunit-test_filters.adb:79 AUnit.Test_Filters.Is_Active (14) out  no fiter its active
main_task_00007FB417008800: [00:00:14] aunit-test_cases.adb:116 AUnit.Test_Cases.Routine_Name (13) Mouse_Click
running suite: 'AUnit_Events' routine: 'Mouse_Click'
main_task_00007FB417008800: [00:00:14] aunit-simple_test_cases.adb:113 AUnit.Simple_Test_Cases.Run (13)
main_task_00007FB417008800: [00:00:14] aunit-test_results.adb:298 AUnit.Test_Results.Start_Test (14) in Tests_Run 14 Subtest_Count 1
main_task_00007FB417008800: [00:00:14] aunit-test_results.adb:301 AUnit.Test_Results.Start_Test (14) out
main_task_00007FB417008800: [00:00:14] aunit-simple_test_cases.adb:120 AUnit.Simple_Test_Cases.Run (13)
main_task_00007FB417008800: [00:00:14] ada_lib-gnoga-unit_test-events.adb:474 Ada_Lib.GNOGA.Unit_Test.Events.Set_Up (14) in
main_task_00007FB417008800: [00:00:14] ada_lib-gnoga-unit_test-events.adb:475 Ada_Lib.GNOGA.Unit_Test.Events.Set_Up (14) parent debug TRUE
main_task_00007FB417008800: [00:00:14] ada_lib-gnoga-unit_test.adb:138 Ada_Lib.GNOGA.Unit_Test.Set_Up (14) debug TRUE local debug TRUE
main_task_00007FB417008800: [00:00:14] ada_lib-gnoga-unit_test.adb:139 Ada_Lib.GNOGA.Unit_Test.Set_Up (15) in Initialize_GNOGA TRUE test driver FALSE
main_task_00007FB417008800: [00:00:14] ada_lib-gnoga-unit_test.adb:144 Ada_Lib.GNOGA.Unit_Test.Set_Up (15)  Initialize_GNOGA TRUE
main_task_00007FB417008800: [00:00:14] ada_lib-gnoga-unit_test.adb:147 Ada_Lib.GNOGA.Unit_Test.Set_Up (15)
2024-04-03 21:45:09.30 : HTTP Server Started
2024-04-03 21:45:09.39 : New long polling connection - ID 3
2024-04-03 21:45:09.43 : Swapping websocket connection  4 <=> 3
S4767b_00007FB42300B200: [00:00:14] ada_lib-gnoga-unit_test.adb:206 Ada_Lib.GNOGA.Unit_Test.Test_Handler (2) in URL: 'http://127.0.0.1:8080/'
S4767b_00007FB42300B200: [00:00:14] ada_lib-gnoga-unit_test.adb:212 Ada_Lib.GNOGA.Unit_Test.Test_Handler (2) out
main_task_00007FB417008800: [00:00:14] ada_lib-gnoga-unit_test.adb:158 Ada_Lib.GNOGA.Unit_Test.Set_Up (15)
main_task_00007FB417008800: [00:00:14] ada_lib-gnoga-unit_test.adb:161 Ada_Lib.GNOGA.Unit_Test.Set_Up (15) out
main_task_00007FB417008800: [00:00:14] ada_lib-gnoga-unit_test-events.adb:484 Ada_Lib.GNOGA.Unit_Test.Events.Set_Up (14) out
main_task_00007FB417008800: [00:00:14] aunit-simple_test_cases.adb:134 AUnit.Simple_Test_Cases.Run (13)
main_task_00007FB417008800: [00:00:14] aunit-simple_test_cases-run_routine.adb:55 AUnit.Simple_Test_Cases.Run_Routine (14) in
main_task_00007FB417008800: [00:00:14] aunit-test_cases.adb:59 AUnit.Test_Cases.Run_Test (15) in
main_task_00007FB417008800: [00:00:14] ada_lib-gnoga-unit_test-events.adb:301 Ada_Lib.GNOGA.Unit_Test.Events.Mouse_Click (16) in have main window
main_task_00007FB417008800: [00:00:14] ada_lib-gnoga-unit_test-events.adb:116 Ada_Lib.GNOGA.Unit_Test.Events.Click_Handler (17) in object type GNOGA.GUI.WINDOW.WINDOW_TYPE connection data ADA_LIB.GNOGA.UNIT_TEST.EVENTS.EVENT_CONNECTION_DATA_TYPE
mouse click occured
main_task_00007FB417008800: [00:00:14] ada_lib-gnoga-unit_test-events.adb:130 Ada_Lib.GNOGA.Unit_Test.Events.Click_Handler (17) out
main_task_00007FB417008800: [00:00:14] ada_lib-gnoga-unit_test-events.adb:144 Ada_Lib.GNOGA.Unit_Test.Events.Click_Event_Handler (17) in object type GNOGA.GUI.WINDOW.WINDOW_TYPE connection data ADA_LIB.GNOGA.UNIT_TEST.EVENTS.EVENT_CONNECTION_DATA_TYPE
main_task_00007FB417008800: [00:00:14] ada_lib-gnoga-unit_test-events.adb:163 Ada_Lib.GNOGA.Unit_Test.Events.Click_Event_Handler (17) out got click TRUE
mouse event occured
message type CLICK X  0 Y  0 Screen_X -1 Screen_Y -2
Left_Button TRUE Middle_Button FALSE Right_Button FALSE
Alt TRUE Control FALSE Shift TRUE Meta FALSE
main_task_00007FB417008800: [00:00:14] ada_lib-gnoga-unit_test-events.adb:330 Ada_Lib.GNOGA.Unit_Test.Events.Mouse_Click (16) out
main_task_00007FB417008800: [00:00:14] aunit-test_cases.adb:61 AUnit.Test_Cases.Run_Test (15) out
main_task_00007FB417008800: [00:00:14] aunit-test_cases.adb:116 AUnit.Test_Cases.Routine_Name (14) Mouse_Click
main_task_00007FB417008800: [00:00:14] aunit-test_results.adb:221 AUnit.Test_Results.Add_Success (15) in Test_Name: 'AUnit_Events' Routine_Name: 'Mouse_Click'
main_task_00007FB417008800: [00:00:14] aunit-test_results.adb:224 AUnit.Test_Results.Add_Success (15) out
main_task_00007FB417008800: [00:00:14] aunit-simple_test_cases-run_routine.adb:110 AUnit.Simple_Test_Cases.Run_Routine (14) out
main_task_00007FB417008800: [00:00:14] aunit-simple_test_cases.adb:136 AUnit.Simple_Test_Cases.Run (13)
main_task_00007FB417008800: [00:00:14] aunit-simple_test_cases.adb:138 AUnit.Simple_Test_Cases.Run (13)
main_task_00007FB417008800: [00:00:14] ada_lib-gnoga-unit_test-events.adb:507  (13) Ada_Lib.GNOGA.Unit_Test.Events.Tear_Downmain_task_00007FB417008800: [00:00:14] ada_lib-gnoga-unit_test.adb:171 Ada_Lib.GNOGA.Unit_Test.Tear_Down (14) in Initialize_GNOGA TRUE
2024-04-03 21:45:09.80 : Shutting down long polling connection - 4
main_task_00007FB417008800: [00:00:14] ada_lib-gnoga-unit_test.adb:185 Ada_Lib.GNOGA.Unit_Test.Tear_Down (14) out
main_task_00007FB417008800: [00:00:14] aunit-simple_test_cases.adb:144 AUnit.Simple_Test_Cases.Run (13) out  outcome SUCCESS
main_task_00007FB417008800: [00:00:14] aunit-test_filters.adb:71 AUnit.Test_Filters.Is_Active (13) in Filter 0000000104754E10 no filter name tag ADA_LIB.GNOGA.UNIT_TEST.EVENTS.EVENT_TEST_TYPE test address 046B8A20
main_task_00007FB417008800: [00:00:14] aunit-test_filters.adb:79 AUnit.Test_Filters.Is_Active (13) out  no fiter its active
main_task_00007FB417008800: [00:00:14] aunit-test_cases.adb:93 AUnit.Test_Cases.Run (12)
main_task_00007FB417008800: [00:00:14] aunit-test_cases.adb:116 AUnit.Test_Cases.Routine_Name (12) Test_Mouse_Move
main_task_00007FB417008800: [00:00:14] aunit-simple_test_cases.adb:101 AUnit.Simple_Test_Cases.Run (13) in  suite: 'AUnit_Events' routine: 'Test_Mouse_Move'
main_task_00007FB417008800: [00:00:14] aunit-test_cases.adb:116 AUnit.Test_Cases.Routine_Name (13) Test_Mouse_Move
main_task_00007FB417008800: [00:00:14] aunit-simple_test_cases.adb:105 AUnit.Simple_Test_Cases.Run (13) check running suite: 'AUnit_Events' routine: 'Test_Mouse_Move'
main_task_00007FB417008800: [00:00:14] aunit-test_filters.adb:71 AUnit.Test_Filters.Is_Active (14) in Filter 0000000104754E10 no filter name tag ADA_LIB.GNOGA.UNIT_TEST.EVENTS.EVENT_TEST_TYPE test address 046B8A20
main_task_00007FB417008800: [00:00:14] aunit-test_filters.adb:79 AUnit.Test_Filters.Is_Active (14) out  no fiter its active
main_task_00007FB417008800: [00:00:14] aunit-test_cases.adb:116 AUnit.Test_Cases.Routine_Name (13) Test_Mouse_Move
running suite: 'AUnit_Events' routine: 'Test_Mouse_Move'
main_task_00007FB417008800: [00:00:14] aunit-simple_test_cases.adb:113 AUnit.Simple_Test_Cases.Run (13)
main_task_00007FB417008800: [00:00:14] aunit-test_results.adb:298 AUnit.Test_Results.Start_Test (14) in Tests_Run 15 Subtest_Count 1
main_task_00007FB417008800: [00:00:14] aunit-test_results.adb:301 AUnit.Test_Results.Start_Test (14) out
main_task_00007FB417008800: [00:00:14] aunit-simple_test_cases.adb:120 AUnit.Simple_Test_Cases.Run (13)
main_task_00007FB417008800: [00:00:14] ada_lib-gnoga-unit_test-events.adb:474 Ada_Lib.GNOGA.Unit_Test.Events.Set_Up (14) in
main_task_00007FB417008800: [00:00:14] ada_lib-gnoga-unit_test-events.adb:475 Ada_Lib.GNOGA.Unit_Test.Events.Set_Up (14) parent debug TRUE
main_task_00007FB417008800: [00:00:14] ada_lib-gnoga-unit_test.adb:138 Ada_Lib.GNOGA.Unit_Test.Set_Up (14) debug TRUE local debug TRUE
main_task_00007FB417008800: [00:00:14] ada_lib-gnoga-unit_test.adb:139 Ada_Lib.GNOGA.Unit_Test.Set_Up (15) in Initialize_GNOGA TRUE test driver FALSE
main_task_00007FB417008800: [00:00:14] ada_lib-gnoga-unit_test.adb:144 Ada_Lib.GNOGA.Unit_Test.Set_Up (15)  Initialize_GNOGA TRUE
main_task_00007FB417008800: [00:00:14] ada_lib-gnoga-unit_test.adb:147 Ada_Lib.GNOGA.Unit_Test.Set_Up (15)
2024-04-03 21:45:09.91 : HTTP Server Started
2024-04-03 21:45:10.02 : New long polling connection - ID 5
2024-04-03 21:45:10.06 : Swapping websocket connection  6 <=> 5
2024-04-03 21:45:10.31 : Shutting down long polling connection - 4
S4767b_00007FB42400A000: [00:00:15] ada_lib-gnoga-unit_test.adb:206 Ada_Lib.GNOGA.Unit_Test.Test_Handler (2) in URL: 'http://127.0.0.1:8080/'
S4767b_00007FB42400A000: [00:00:15] ada_lib-gnoga-unit_test.adb:212 Ada_Lib.GNOGA.Unit_Test.Test_Handler (2) out
main_task_00007FB417008800: [00:00:15] ada_lib-gnoga-unit_test.adb:158 Ada_Lib.GNOGA.Unit_Test.Set_Up (15)
main_task_00007FB417008800: [00:00:15] ada_lib-gnoga-unit_test.adb:161 Ada_Lib.GNOGA.Unit_Test.Set_Up (15) out
main_task_00007FB417008800: [00:00:15] ada_lib-gnoga-unit_test-events.adb:484 Ada_Lib.GNOGA.Unit_Test.Events.Set_Up (14) out
main_task_00007FB417008800: [00:00:15] aunit-simple_test_cases.adb:134 AUnit.Simple_Test_Cases.Run (13)
main_task_00007FB417008800: [00:00:15] aunit-simple_test_cases-run_routine.adb:55 AUnit.Simple_Test_Cases.Run_Routine (14) in
main_task_00007FB417008800: [00:00:15] aunit-test_cases.adb:59 AUnit.Test_Cases.Run_Test (15) in
main_task_00007FB417008800: [00:00:15] ada_lib-gnoga-unit_test-events.adb:380 Ada_Lib.GNOGA.Unit_Test.Events.Test_Mouse_Move (16) in manual FALSE
main_task_00007FB417008800: [00:00:15] ada_lib-gnoga-unit_test-events.adb:413 Ada_Lib.GNOGA.Unit_Test.Events.Mouse_Move_Handler (17) in x 0 -1 y 0 -2 CLICK
message type CLICK X  0 Y  0 Screen_X -1 Screen_Y -2
Left_Button TRUE Middle_Button FALSE Right_Button FALSE
Alt TRUE Control FALSE Shift TRUE Meta FALSE
mouse moved delta X 0 Y 0
main_task_00007FB417008800: [00:00:15] ada_lib-gnoga-unit_test-events.adb:431 Ada_Lib.GNOGA.Unit_Test.Events.Mouse_Move_Handler (17) out
main_task_00007FB417008800: [00:00:15] ada_lib-gnoga-unit_test-events.adb:413 Ada_Lib.GNOGA.Unit_Test.Events.Mouse_Move_Handler (17) in x 100 -1 y 200 -2 CLICK
message type CLICK X  100 Y  200 Screen_X -1 Screen_Y -2
Left_Button TRUE Middle_Button FALSE Right_Button FALSE
Alt TRUE Control FALSE Shift TRUE Meta FALSE
mouse moved delta X 100 Y 200
main_task_00007FB417008800: [00:00:15] ada_lib-gnoga-unit_test-events.adb:431 Ada_Lib.GNOGA.Unit_Test.Events.Mouse_Move_Handler (17) out
main_task_00007FB417008800: [00:00:15] ada_lib-gnoga-unit_test-events.adb:116 Ada_Lib.GNOGA.Unit_Test.Events.Click_Handler (17) in object type GNOGA.GUI.WINDOW.WINDOW_TYPE connection data ADA_LIB.GNOGA.UNIT_TEST.EVENTS.EVENT_CONNECTION_DATA_TYPE
mouse click occured
main_task_00007FB417008800: [00:00:15] ada_lib-gnoga-unit_test-events.adb:130 Ada_Lib.GNOGA.Unit_Test.Events.Click_Handler (17) out
mouse move count 2
main_task_00007FB417008800: [00:00:15] aunit-test_cases.adb:61 AUnit.Test_Cases.Run_Test (16) out
main_task_00007FB417008800: [00:00:15] aunit-test_cases.adb:116 AUnit.Test_Cases.Routine_Name (15) Test_Mouse_Move
main_task_00007FB417008800: [00:00:15] aunit-test_results.adb:221 AUnit.Test_Results.Add_Success (16) in Test_Name: 'AUnit_Events' Routine_Name: 'Test_Mouse_Move'
main_task_00007FB417008800: [00:00:15] aunit-test_results.adb:224 AUnit.Test_Results.Add_Success (16) out
main_task_00007FB417008800: [00:00:15] aunit-simple_test_cases-run_routine.adb:110 AUnit.Simple_Test_Cases.Run_Routine (15) out
main_task_00007FB417008800: [00:00:15] aunit-simple_test_cases.adb:136 AUnit.Simple_Test_Cases.Run (14)
main_task_00007FB417008800: [00:00:15] aunit-simple_test_cases.adb:138 AUnit.Simple_Test_Cases.Run (14)
main_task_00007FB417008800: [00:00:15] ada_lib-gnoga-unit_test-events.adb:507  (14) Ada_Lib.GNOGA.Unit_Test.Events.Tear_Downmain_task_00007FB417008800: [00:00:15] ada_lib-gnoga-unit_test.adb:171 Ada_Lib.GNOGA.Unit_Test.Tear_Down (15) in Initialize_GNOGA TRUE
main_task_00007FB417008800: [00:00:15] ada_lib-gnoga-unit_test.adb:185 Ada_Lib.GNOGA.Unit_Test.Tear_Down (15) out
main_task_00007FB417008800: [00:00:15] aunit-simple_test_cases.adb:144 AUnit.Simple_Test_Cases.Run (14) out  outcome SUCCESS
main_task_00007FB417008800: [00:00:15] aunit-test_cases.adb:107 AUnit.Test_Cases.Run (13) out
main_task_00007FB417008800: [00:00:15] aunit-test_suites.adb:108 AUnit.Test_Suites.Run (12) out
main_task_00007FB417008800: [00:00:15] aunit-test_suites.adb:92 AUnit.Test_Suites.Run (11) Element find TS_ELT
main_task_00007FB417008800: [00:00:15] aunit-test_suites.adb:89 AUnit.Test_Suites.Run (12) in AUnit_Options 000000030CEE0CB0
main_task_00007FB417008800: [00:00:15] aunit-test_suites.adb:92 AUnit.Test_Suites.Run (12) Element find TC_ELT
main_task_00007FB417008800: [00:00:15] aunit-test_cases.adb:78 AUnit.Test_Cases.Run (13) in run options 000000030CEE0C00 have filter 0000000104754E10 test tag ADA_LIB.GNOGA.UNIT_TEST.WINDOW_EVENTS.WINDOW_EVENT_TEST_TYPE
main_task_00007FB417008800: [00:00:15] ada_lib-gnoga-unit_test-window_events.adb:551 Ada_Lib.GNOGA.Unit_Test.Window_Events.Register_Tests (14) in
main_task_00007FB417008800: [00:00:15] aunit-test_cases.adb:48 AUnit.Test_Cases.Add_Routine (16) in routine name: 'Mouse_Move'
main_task_00007FB417008800: [00:00:15] aunit-test_cases.adb:50 AUnit.Test_Cases.Add_Routine (16) out
main_task_00007FB417008800: [00:00:15] aunit-test_cases.adb:48 AUnit.Test_Cases.Add_Routine (16) in routine name: 'Mouse_Drag'
main_task_00007FB417008800: [00:00:15] aunit-test_cases.adb:50 AUnit.Test_Cases.Add_Routine (16) out
main_task_00007FB417008800: [00:00:15] aunit-test_cases.adb:48 AUnit.Test_Cases.Add_Routine (16) in routine name: 'Keyboard_Press'
main_task_00007FB417008800: [00:00:15] aunit-test_cases.adb:50 AUnit.Test_Cases.Add_Routine (16) out
main_task_00007FB417008800: [00:00:15] ada_lib-gnoga-unit_test-window_events.adb:565 Ada_Lib.GNOGA.Unit_Test.Window_Events.Register_Tests (14) out
main_task_00007FB417008800: [00:00:15] aunit-test_filters.adb:71 AUnit.Test_Filters.Is_Active (14) in Filter 0000000104754E10 no filter name tag ADA_LIB.GNOGA.UNIT_TEST.WINDOW_EVENTS.WINDOW_EVENT_TEST_TYPE test address 046BBC00
main_task_00007FB417008800: [00:00:15] aunit-test_filters.adb:79 AUnit.Test_Filters.Is_Active (14) out  no fiter its active
main_task_00007FB417008800: [00:00:15] aunit-test_cases.adb:93 AUnit.Test_Cases.Run (13)
main_task_00007FB417008800: [00:00:15] aunit-test_cases.adb:116 AUnit.Test_Cases.Routine_Name (13) Mouse_Move
main_task_00007FB417008800: [00:00:15] aunit-simple_test_cases.adb:101 AUnit.Simple_Test_Cases.Run (14) in  suite: 'GNOGA_Window_Events' routine: 'Mouse_Move'
main_task_00007FB417008800: [00:00:15] aunit-test_cases.adb:116 AUnit.Test_Cases.Routine_Name (14) Mouse_Move
main_task_00007FB417008800: [00:00:15] aunit-simple_test_cases.adb:105 AUnit.Simple_Test_Cases.Run (14) check running suite: 'GNOGA_Window_Events' routine: 'Mouse_Move'
main_task_00007FB417008800: [00:00:15] aunit-test_filters.adb:71 AUnit.Test_Filters.Is_Active (15) in Filter 0000000104754E10 no filter name tag ADA_LIB.GNOGA.UNIT_TEST.WINDOW_EVENTS.WINDOW_EVENT_TEST_TYPE test address 046BBC00
main_task_00007FB417008800: [00:00:15] aunit-test_filters.adb:79 AUnit.Test_Filters.Is_Active (15) out  no fiter its active
main_task_00007FB417008800: [00:00:15] aunit-test_cases.adb:116 AUnit.Test_Cases.Routine_Name (14) Mouse_Move
running suite: 'GNOGA_Window_Events' routine: 'Mouse_Move'
main_task_00007FB417008800: [00:00:15] aunit-simple_test_cases.adb:113 AUnit.Simple_Test_Cases.Run (14)
main_task_00007FB417008800: [00:00:15] aunit-test_results.adb:298 AUnit.Test_Results.Start_Test (15) in Tests_Run 16 Subtest_Count 1
main_task_00007FB417008800: [00:00:15] aunit-test_results.adb:301 AUnit.Test_Results.Start_Test (15) out
main_task_00007FB417008800: [00:00:15] aunit-simple_test_cases.adb:120 AUnit.Simple_Test_Cases.Run (14)
main_task_00007FB417008800: [00:00:15] ada_lib-gnoga-unit_test-window_events.adb:579 Ada_Lib.GNOGA.Unit_Test.Window_Events.Set_Up (15) in
main_task_00007FB417008800: [00:00:15] ada_lib-gnoga-unit_test.adb:138 Ada_Lib.GNOGA.Unit_Test.Set_Up (15) debug TRUE local debug TRUE
main_task_00007FB417008800: [00:00:15] ada_lib-gnoga-unit_test.adb:139 Ada_Lib.GNOGA.Unit_Test.Set_Up (16) in Initialize_GNOGA TRUE test driver FALSE
main_task_00007FB417008800: [00:00:15] ada_lib-gnoga-unit_test.adb:144 Ada_Lib.GNOGA.Unit_Test.Set_Up (16)  Initialize_GNOGA TRUE
main_task_00007FB417008800: [00:00:15] ada_lib-gnoga-unit_test.adb:147 Ada_Lib.GNOGA.Unit_Test.Set_Up (16)
2024-04-03 21:45:10.64 : HTTP Server Started
2024-04-03 21:45:10.75 : New long polling connection - ID 7
2024-04-03 21:45:10.78 : Swapping websocket connection  8 <=> 7
2024-04-03 21:45:10.83 : Shutting down long polling connection - 4
S4767b_00007FB42200D600: [00:00:15] ada_lib-gnoga-unit_test.adb:206 Ada_Lib.GNOGA.Unit_Test.Test_Handler (2) in URL: 'http://127.0.0.1:8080/'
S4767b_00007FB42200D600: [00:00:15] ada_lib-gnoga-unit_test.adb:212 Ada_Lib.GNOGA.Unit_Test.Test_Handler (2) out
main_task_00007FB417008800: [00:00:15] ada_lib-gnoga-unit_test.adb:158 Ada_Lib.GNOGA.Unit_Test.Set_Up (16)
main_task_00007FB417008800: [00:00:15] ada_lib-gnoga-unit_test.adb:161 Ada_Lib.GNOGA.Unit_Test.Set_Up (16) out
main_task_00007FB417008800: [00:00:15] ada_lib-gnoga-unit_test-window_events.adb:600 Ada_Lib.GNOGA.Unit_Test.Window_Events.Set_Up (15) out
main_task_00007FB417008800: [00:00:15] aunit-simple_test_cases.adb:134 AUnit.Simple_Test_Cases.Run (14)
main_task_00007FB417008800: [00:00:15] aunit-simple_test_cases-run_routine.adb:55 AUnit.Simple_Test_Cases.Run_Routine (15) in
main_task_00007FB417008800: [00:00:15] aunit-test_cases.adb:59 AUnit.Test_Cases.Run_Test (16) in
main_task_00007FB417008800: [00:00:15] ada_lib-gnoga-unit_test-window_events.adb:414 Ada_Lib.GNOGA.Unit_Test.Window_Events.Mouse_Move (17) in
main_task_00007FB417008800: [00:00:15] ada_lib-gnoga-unit_test-window_events.adb:435 Ada_Lib.GNOGA.Unit_Test.Window_Events.Mouse_Move (17)
main_task_00007FB417008800: [00:00:15] ada_lib-gnoga-unit_test-window_events.adb:478 Ada_Lib.GNOGA.Unit_Test.Window_Events.Mouse_Move_Handler (18) in moveing FALSE event MOUSE_DOWN
message type MOUSE_DOWN X  0 Y  0 Screen_X  30 Screen_Y  40
Left_Button TRUE Middle_Button FALSE Right_Button FALSE
Alt TRUE Control FALSE Shift TRUE Meta FALSE
main_task_00007FB417008800: [00:00:15] ada_lib-gnoga-unit_test-window_events.adb:532 Ada_Lib.GNOGA.Unit_Test.Window_Events.Mouse_Move_Handler (18) out
main_task_00007FB417008800: [00:00:15] ada_lib-gnoga-unit_test-window_events.adb:478 Ada_Lib.GNOGA.Unit_Test.Window_Events.Mouse_Move_Handler (18) in moveing TRUE event MOUSE_MOVE
message type MOUSE_MOVE X  1 Y  1 Screen_X  30 Screen_Y  40
Left_Button TRUE Middle_Button FALSE Right_Button FALSE
Alt TRUE Control FALSE Shift TRUE Meta FALSE
main_task_00007FB417008800: [00:00:15] ada_lib-gnoga-unit_test-window_events.adb:380 Ada_Lib.GNOGA.Unit_Test.Window_Events.Mouse_Location (18) pan  0 tilt  0 delta x  0 y  0
main_task_00007FB417008800: [00:00:15] ada_lib-gnoga-unit_test-window_events.adb:510 Ada_Lib.GNOGA.Unit_Test.Window_Events.Mouse_Move_Handler (18)  current left  0 top 0 x:  1 y:  1 last x:  0 y:  0 delta x: 1 y: 1pan  0 tilt  0 delta x  0 y  0
main_task_00007FB417008800: [00:00:15] ada_lib-gnoga-unit_test-window_events.adb:380 Ada_Lib.GNOGA.Unit_Test.Window_Events.Mouse_Location (18) pan  1 tilt  1 delta x  1 y  1
main_task_00007FB417008800: [00:00:15] ada_lib-gnoga-unit_test-window_events.adb:532 Ada_Lib.GNOGA.Unit_Test.Window_Events.Mouse_Move_Handler (18) out
main_task_00007FB417008800: [00:00:16] ada_lib-gnoga-unit_test-window_events.adb:478 Ada_Lib.GNOGA.Unit_Test.Window_Events.Mouse_Move_Handler (18) in moveing TRUE event MOUSE_MOVE
message type MOUSE_MOVE X  2 Y  2 Screen_X  30 Screen_Y  40
Left_Button TRUE Middle_Button FALSE Right_Button FALSE
Alt TRUE Control FALSE Shift TRUE Meta FALSE
main_task_00007FB417008800: [00:00:16] ada_lib-gnoga-unit_test-window_events.adb:380 Ada_Lib.GNOGA.Unit_Test.Window_Events.Mouse_Location (18) pan  1 tilt  1 delta x  1 y  1
main_task_00007FB417008800: [00:00:16] ada_lib-gnoga-unit_test-window_events.adb:510 Ada_Lib.GNOGA.Unit_Test.Window_Events.Mouse_Move_Handler (18)  current left  0 top 0 x:  2 y:  2 last x:  1 y:  1 delta x: 1 y: 1pan  1 tilt  1 delta x  1 y  1
main_task_00007FB417008800: [00:00:16] ada_lib-gnoga-unit_test-window_events.adb:380 Ada_Lib.GNOGA.Unit_Test.Window_Events.Mouse_Location (18) pan  2 tilt  2 delta x  2 y  2
main_task_00007FB417008800: [00:00:16] ada_lib-gnoga-unit_test-window_events.adb:532 Ada_Lib.GNOGA.Unit_Test.Window_Events.Mouse_Move_Handler (18) out
main_task_00007FB417008800: [00:00:16] ada_lib-gnoga-unit_test-window_events.adb:478 Ada_Lib.GNOGA.Unit_Test.Window_Events.Mouse_Move_Handler (18) in moveing TRUE event MOUSE_MOVE
message type MOUSE_MOVE X  3 Y  3 Screen_X  30 Screen_Y  40
Left_Button TRUE Middle_Button FALSE Right_Button FALSE
Alt TRUE Control FALSE Shift TRUE Meta FALSE
main_task_00007FB417008800: [00:00:16] ada_lib-gnoga-unit_test-window_events.adb:380 Ada_Lib.GNOGA.Unit_Test.Window_Events.Mouse_Location (18) pan  2 tilt  2 delta x  2 y  2
main_task_00007FB417008800: [00:00:16] ada_lib-gnoga-unit_test-window_events.adb:510 Ada_Lib.GNOGA.Unit_Test.Window_Events.Mouse_Move_Handler (18)  current left  0 top 0 x:  3 y:  3 last x:  2 y:  2 delta x: 1 y: 1pan  2 tilt  2 delta x  2 y  2
main_task_00007FB417008800: [00:00:16] ada_lib-gnoga-unit_test-window_events.adb:380 Ada_Lib.GNOGA.Unit_Test.Window_Events.Mouse_Location (18) pan  3 tilt  3 delta x  3 y  3
main_task_00007FB417008800: [00:00:16] ada_lib-gnoga-unit_test-window_events.adb:532 Ada_Lib.GNOGA.Unit_Test.Window_Events.Mouse_Move_Handler (18) out
main_task_00007FB417008800: [00:00:16] ada_lib-gnoga-unit_test-window_events.adb:478 Ada_Lib.GNOGA.Unit_Test.Window_Events.Mouse_Move_Handler (18) in moveing TRUE event MOUSE_MOVE
message type MOUSE_MOVE X  4 Y  4 Screen_X  30 Screen_Y  40
Left_Button TRUE Middle_Button FALSE Right_Button FALSE
Alt TRUE Control FALSE Shift TRUE Meta FALSE
main_task_00007FB417008800: [00:00:16] ada_lib-gnoga-unit_test-window_events.adb:380 Ada_Lib.GNOGA.Unit_Test.Window_Events.Mouse_Location (18) pan  3 tilt  3 delta x  3 y  3
main_task_00007FB417008800: [00:00:16] ada_lib-gnoga-unit_test-window_events.adb:510 Ada_Lib.GNOGA.Unit_Test.Window_Events.Mouse_Move_Handler (18)  current left  0 top 0 x:  4 y:  4 last x:  3 y:  3 delta x: 1 y: 1pan  3 tilt  3 delta x  3 y  3
main_task_00007FB417008800: [00:00:16] ada_lib-gnoga-unit_test-window_events.adb:380 Ada_Lib.GNOGA.Unit_Test.Window_Events.Mouse_Location (18) pan  4 tilt  4 delta x  4 y  4
main_task_00007FB417008800: [00:00:16] ada_lib-gnoga-unit_test-window_events.adb:532 Ada_Lib.GNOGA.Unit_Test.Window_Events.Mouse_Move_Handler (18) out
main_task_00007FB417008800: [00:00:16] ada_lib-gnoga-unit_test-window_events.adb:478 Ada_Lib.GNOGA.Unit_Test.Window_Events.Mouse_Move_Handler (18) in moveing TRUE event MOUSE_MOVE
message type MOUSE_MOVE X  5 Y  5 Screen_X  30 Screen_Y  40
Left_Button TRUE Middle_Button FALSE Right_Button FALSE
Alt TRUE Control FALSE Shift TRUE Meta FALSE
main_task_00007FB417008800: [00:00:16] ada_lib-gnoga-unit_test-window_events.adb:380 Ada_Lib.GNOGA.Unit_Test.Window_Events.Mouse_Location (18) pan  4 tilt  4 delta x  4 y  4
main_task_00007FB417008800: [00:00:16] ada_lib-gnoga-unit_test-window_events.adb:510 Ada_Lib.GNOGA.Unit_Test.Window_Events.Mouse_Move_Handler (18)  current left  0 top 0 x:  5 y:  5 last x:  4 y:  4 delta x: 1 y: 1pan  4 tilt  4 delta x  4 y  4
main_task_00007FB417008800: [00:00:16] ada_lib-gnoga-unit_test-window_events.adb:380 Ada_Lib.GNOGA.Unit_Test.Window_Events.Mouse_Location (18) pan  5 tilt  5 delta x  5 y  5
main_task_00007FB417008800: [00:00:16] ada_lib-gnoga-unit_test-window_events.adb:532 Ada_Lib.GNOGA.Unit_Test.Window_Events.Mouse_Move_Handler (18) out
main_task_00007FB417008800: [00:00:16] ada_lib-gnoga-unit_test-window_events.adb:478 Ada_Lib.GNOGA.Unit_Test.Window_Events.Mouse_Move_Handler (18) in moveing TRUE event MOUSE_MOVE
message type MOUSE_MOVE X  6 Y  6 Screen_X  30 Screen_Y  40
Left_Button TRUE Middle_Button FALSE Right_Button FALSE
Alt TRUE Control FALSE Shift TRUE Meta FALSE
main_task_00007FB417008800: [00:00:16] ada_lib-gnoga-unit_test-window_events.adb:380 Ada_Lib.GNOGA.Unit_Test.Window_Events.Mouse_Location (18) pan  5 tilt  5 delta x  5 y  5
main_task_00007FB417008800: [00:00:16] ada_lib-gnoga-unit_test-window_events.adb:510 Ada_Lib.GNOGA.Unit_Test.Window_Events.Mouse_Move_Handler (18)  current left  0 top 0 x:  6 y:  6 last x:  5 y:  5 delta x: 1 y: 1pan  5 tilt  5 delta x  5 y  5
main_task_00007FB417008800: [00:00:16] ada_lib-gnoga-unit_test-window_events.adb:380 Ada_Lib.GNOGA.Unit_Test.Window_Events.Mouse_Location (18) pan  6 tilt  6 delta x  6 y  6
main_task_00007FB417008800: [00:00:16] ada_lib-gnoga-unit_test-window_events.adb:532 Ada_Lib.GNOGA.Unit_Test.Window_Events.Mouse_Move_Handler (18) out
main_task_00007FB417008800: [00:00:17] ada_lib-gnoga-unit_test-window_events.adb:478 Ada_Lib.GNOGA.Unit_Test.Window_Events.Mouse_Move_Handler (18) in moveing TRUE event MOUSE_MOVE
message type MOUSE_MOVE X  7 Y  7 Screen_X  30 Screen_Y  40
Left_Button TRUE Middle_Button FALSE Right_Button FALSE
Alt TRUE Control FALSE Shift TRUE Meta FALSE
main_task_00007FB417008800: [00:00:17] ada_lib-gnoga-unit_test-window_events.adb:380 Ada_Lib.GNOGA.Unit_Test.Window_Events.Mouse_Location (18) pan  6 tilt  6 delta x  6 y  6
main_task_00007FB417008800: [00:00:17] ada_lib-gnoga-unit_test-window_events.adb:510 Ada_Lib.GNOGA.Unit_Test.Window_Events.Mouse_Move_Handler (18)  current left  0 top 0 x:  7 y:  7 last x:  6 y:  6 delta x: 1 y: 1pan  6 tilt  6 delta x  6 y  6
main_task_00007FB417008800: [00:00:17] ada_lib-gnoga-unit_test-window_events.adb:380 Ada_Lib.GNOGA.Unit_Test.Window_Events.Mouse_Location (18) pan  7 tilt  7 delta x  7 y  7
main_task_00007FB417008800: [00:00:17] ada_lib-gnoga-unit_test-window_events.adb:532 Ada_Lib.GNOGA.Unit_Test.Window_Events.Mouse_Move_Handler (18) out
main_task_00007FB417008800: [00:00:17] ada_lib-gnoga-unit_test-window_events.adb:478 Ada_Lib.GNOGA.Unit_Test.Window_Events.Mouse_Move_Handler (18) in moveing TRUE event MOUSE_MOVE
message type MOUSE_MOVE X  8 Y  8 Screen_X  30 Screen_Y  40
Left_Button TRUE Middle_Button FALSE Right_Button FALSE
Alt TRUE Control FALSE Shift TRUE Meta FALSE
main_task_00007FB417008800: [00:00:17] ada_lib-gnoga-unit_test-window_events.adb:380 Ada_Lib.GNOGA.Unit_Test.Window_Events.Mouse_Location (18) pan  7 tilt  7 delta x  7 y  7
main_task_00007FB417008800: [00:00:17] ada_lib-gnoga-unit_test-window_events.adb:510 Ada_Lib.GNOGA.Unit_Test.Window_Events.Mouse_Move_Handler (18)  current left  0 top 0 x:  8 y:  8 last x:  7 y:  7 delta x: 1 y: 1pan  7 tilt  7 delta x  7 y  7
main_task_00007FB417008800: [00:00:17] ada_lib-gnoga-unit_test-window_events.adb:380 Ada_Lib.GNOGA.Unit_Test.Window_Events.Mouse_Location (18) pan  8 tilt  8 delta x  8 y  8
main_task_00007FB417008800: [00:00:17] ada_lib-gnoga-unit_test-window_events.adb:532 Ada_Lib.GNOGA.Unit_Test.Window_Events.Mouse_Move_Handler (18) out
main_task_00007FB417008800: [00:00:17] ada_lib-gnoga-unit_test-window_events.adb:478 Ada_Lib.GNOGA.Unit_Test.Window_Events.Mouse_Move_Handler (18) in moveing TRUE event MOUSE_MOVE
message type MOUSE_MOVE X  9 Y  9 Screen_X  30 Screen_Y  40
Left_Button TRUE Middle_Button FALSE Right_Button FALSE
Alt TRUE Control FALSE Shift TRUE Meta FALSE
main_task_00007FB417008800: [00:00:17] ada_lib-gnoga-unit_test-window_events.adb:380 Ada_Lib.GNOGA.Unit_Test.Window_Events.Mouse_Location (18) pan  8 tilt  8 delta x  8 y  8
main_task_00007FB417008800: [00:00:17] ada_lib-gnoga-unit_test-window_events.adb:510 Ada_Lib.GNOGA.Unit_Test.Window_Events.Mouse_Move_Handler (18)  current left  0 top 0 x:  9 y:  9 last x:  8 y:  8 delta x: 1 y: 1pan  8 tilt  8 delta x  8 y  8
main_task_00007FB417008800: [00:00:17] ada_lib-gnoga-unit_test-window_events.adb:380 Ada_Lib.GNOGA.Unit_Test.Window_Events.Mouse_Location (18) pan  9 tilt  9 delta x  9 y  9
main_task_00007FB417008800: [00:00:17] ada_lib-gnoga-unit_test-window_events.adb:532 Ada_Lib.GNOGA.Unit_Test.Window_Events.Mouse_Move_Handler (18) out
main_task_00007FB417008800: [00:00:17] ada_lib-gnoga-unit_test-window_events.adb:478 Ada_Lib.GNOGA.Unit_Test.Window_Events.Mouse_Move_Handler (18) in moveing TRUE event MOUSE_MOVE
message type MOUSE_MOVE X  10 Y  10 Screen_X  30 Screen_Y  40
Left_Button TRUE Middle_Button FALSE Right_Button FALSE
Alt TRUE Control FALSE Shift TRUE Meta FALSE
main_task_00007FB417008800: [00:00:17] ada_lib-gnoga-unit_test-window_events.adb:380 Ada_Lib.GNOGA.Unit_Test.Window_Events.Mouse_Location (18) pan  9 tilt  9 delta x  9 y  9
main_task_00007FB417008800: [00:00:17] ada_lib-gnoga-unit_test-window_events.adb:510 Ada_Lib.GNOGA.Unit_Test.Window_Events.Mouse_Move_Handler (18)  current left  0 top 0 x:  10 y:  10 last x:  9 y:  9 delta x: 1 y: 1pan  9 tilt  9 delta x  9 y  9
main_task_00007FB417008800: [00:00:17] ada_lib-gnoga-unit_test-window_events.adb:380 Ada_Lib.GNOGA.Unit_Test.Window_Events.Mouse_Location (18) pan  10 tilt  10 delta x  10 y  10
main_task_00007FB417008800: [00:00:17] ada_lib-gnoga-unit_test-window_events.adb:532 Ada_Lib.GNOGA.Unit_Test.Window_Events.Mouse_Move_Handler (18) out
main_task_00007FB417008800: [00:00:17] ada_lib-gnoga-unit_test-window_events.adb:478 Ada_Lib.GNOGA.Unit_Test.Window_Events.Mouse_Move_Handler (18) in moveing TRUE event MOUSE_DOWN
message type MOUSE_DOWN X  10 Y  10 Screen_X  30 Screen_Y  40
Left_Button TRUE Middle_Button FALSE Right_Button FALSE
Alt TRUE Control FALSE Shift TRUE Meta FALSE
main_task_00007FB417008800: [00:00:17] ada_lib-gnoga-unit_test-window_events.adb:532 Ada_Lib.GNOGA.Unit_Test.Window_Events.Mouse_Move_Handler (18) out
main_task_00007FB417008800: [00:00:17] ada_lib-gnoga-unit_test-window_events.adb:461 Ada_Lib.GNOGA.Unit_Test.Window_Events.Mouse_Move (17) out
main_task_00007FB417008800: [00:00:17] aunit-test_cases.adb:61 AUnit.Test_Cases.Run_Test (16) out
main_task_00007FB417008800: [00:00:17] aunit-test_cases.adb:116 AUnit.Test_Cases.Routine_Name (15) Mouse_Move
main_task_00007FB417008800: [00:00:17] aunit-test_results.adb:221 AUnit.Test_Results.Add_Success (16) in Test_Name: 'GNOGA_Window_Events' Routine_Name: 'Mouse_Move'
main_task_00007FB417008800: [00:00:17] aunit-test_results.adb:224 AUnit.Test_Results.Add_Success (16) out
main_task_00007FB417008800: [00:00:17] aunit-simple_test_cases-run_routine.adb:110 AUnit.Simple_Test_Cases.Run_Routine (15) out
main_task_00007FB417008800: [00:00:17] aunit-simple_test_cases.adb:136 AUnit.Simple_Test_Cases.Run (14)
main_task_00007FB417008800: [00:00:17] aunit-simple_test_cases.adb:138 AUnit.Simple_Test_Cases.Run (14)
main_task_00007FB417008800: [00:00:17] ada_lib-gnoga-unit_test-window_events.adb:631  (14) Ada_Lib.GNOGA.Unit_Test.Window_Events.Tear_Downmain_task_00007FB417008800: [00:00:17] ada_lib-gnoga-unit_test.adb:171 Ada_Lib.GNOGA.Unit_Test.Tear_Down (15) in Initialize_GNOGA TRUE
main_task_00007FB417008800: [00:00:18] ada_lib-gnoga-unit_test.adb:185 Ada_Lib.GNOGA.Unit_Test.Tear_Down (15) out
main_task_00007FB417008800: [00:00:18] aunit-simple_test_cases.adb:144 AUnit.Simple_Test_Cases.Run (14) out  outcome SUCCESS
main_task_00007FB417008800: [00:00:18] aunit-test_filters.adb:71 AUnit.Test_Filters.Is_Active (14) in Filter 0000000104754E10 no filter name tag ADA_LIB.GNOGA.UNIT_TEST.WINDOW_EVENTS.WINDOW_EVENT_TEST_TYPE test address 046BBC00
main_task_00007FB417008800: [00:00:18] aunit-test_filters.adb:79 AUnit.Test_Filters.Is_Active (14) out  no fiter its active
main_task_00007FB417008800: [00:00:18] aunit-test_cases.adb:93 AUnit.Test_Cases.Run (13)
main_task_00007FB417008800: [00:00:18] aunit-test_cases.adb:116 AUnit.Test_Cases.Routine_Name (13) Mouse_Drag
main_task_00007FB417008800: [00:00:18] aunit-simple_test_cases.adb:101 AUnit.Simple_Test_Cases.Run (14) in  suite: 'GNOGA_Window_Events' routine: 'Mouse_Drag'
main_task_00007FB417008800: [00:00:18] aunit-test_cases.adb:116 AUnit.Test_Cases.Routine_Name (14) Mouse_Drag
main_task_00007FB417008800: [00:00:18] aunit-simple_test_cases.adb:105 AUnit.Simple_Test_Cases.Run (14) check running suite: 'GNOGA_Window_Events' routine: 'Mouse_Drag'
main_task_00007FB417008800: [00:00:18] aunit-test_filters.adb:71 AUnit.Test_Filters.Is_Active (15) in Filter 0000000104754E10 no filter name tag ADA_LIB.GNOGA.UNIT_TEST.WINDOW_EVENTS.WINDOW_EVENT_TEST_TYPE test address 046BBC00
main_task_00007FB417008800: [00:00:18] aunit-test_filters.adb:79 AUnit.Test_Filters.Is_Active (15) out  no fiter its active
main_task_00007FB417008800: [00:00:18] aunit-test_cases.adb:116 AUnit.Test_Cases.Routine_Name (14) Mouse_Drag
running suite: 'GNOGA_Window_Events' routine: 'Mouse_Drag'
main_task_00007FB417008800: [00:00:18] aunit-simple_test_cases.adb:113 AUnit.Simple_Test_Cases.Run (14)
main_task_00007FB417008800: [00:00:18] aunit-test_results.adb:298 AUnit.Test_Results.Start_Test (15) in Tests_Run 17 Subtest_Count 1
main_task_00007FB417008800: [00:00:18] aunit-test_results.adb:301 AUnit.Test_Results.Start_Test (15) out
main_task_00007FB417008800: [00:00:18] aunit-simple_test_cases.adb:120 AUnit.Simple_Test_Cases.Run (14)
main_task_00007FB417008800: [00:00:18] ada_lib-gnoga-unit_test-window_events.adb:579 Ada_Lib.GNOGA.Unit_Test.Window_Events.Set_Up (15) in
main_task_00007FB417008800: [00:00:18] ada_lib-gnoga-unit_test.adb:138 Ada_Lib.GNOGA.Unit_Test.Set_Up (15) debug TRUE local debug TRUE
main_task_00007FB417008800: [00:00:18] ada_lib-gnoga-unit_test.adb:139 Ada_Lib.GNOGA.Unit_Test.Set_Up (16) in Initialize_GNOGA TRUE test driver FALSE
main_task_00007FB417008800: [00:00:18] ada_lib-gnoga-unit_test.adb:144 Ada_Lib.GNOGA.Unit_Test.Set_Up (16)  Initialize_GNOGA TRUE
main_task_00007FB417008800: [00:00:18] ada_lib-gnoga-unit_test.adb:147 Ada_Lib.GNOGA.Unit_Test.Set_Up (16)
2024-04-03 21:45:13.40 : HTTP Server Started
2024-04-03 21:45:13.54 : New long polling connection - ID 9
2024-04-03 21:45:13.58 : Swapping websocket connection  10 <=> 9
S4767b_00007FB422808800: [00:00:18] ada_lib-gnoga-unit_test.adb:206 Ada_Lib.GNOGA.Unit_Test.Test_Handler (2) in URL: 'http://127.0.0.1:8080/'
S4767b_00007FB422808800: [00:00:18] ada_lib-gnoga-unit_test.adb:212 Ada_Lib.GNOGA.Unit_Test.Test_Handler (2) out
2024-04-03 21:45:13.86 : Shutting down long polling connection - 4
main_task_00007FB417008800: [00:00:18] ada_lib-gnoga-unit_test.adb:158 Ada_Lib.GNOGA.Unit_Test.Set_Up (16)
main_task_00007FB417008800: [00:00:18] ada_lib-gnoga-unit_test.adb:161 Ada_Lib.GNOGA.Unit_Test.Set_Up (16) out
main_task_00007FB417008800: [00:00:18] ada_lib-gnoga-unit_test-window_events.adb:600 Ada_Lib.GNOGA.Unit_Test.Window_Events.Set_Up (15) out
main_task_00007FB417008800: [00:00:18] aunit-simple_test_cases.adb:134 AUnit.Simple_Test_Cases.Run (14)
main_task_00007FB417008800: [00:00:18] aunit-simple_test_cases-run_routine.adb:55 AUnit.Simple_Test_Cases.Run_Routine (15) in
main_task_00007FB417008800: [00:00:18] aunit-test_cases.adb:59 AUnit.Test_Cases.Run_Test (16) in
main_task_00007FB417008800: [00:00:18] ada_lib-gnoga-unit_test-window_events.adb:216 Ada_Lib.GNOGA.Unit_Test.Window_Events.Mouse_Drag (17) in
main_task_00007FB417008800: [00:00:18] ada_lib-gnoga-unit_test-window_events.adb:242 Ada_Lib.GNOGA.Unit_Test.Window_Events.Mouse_Drag (17) Initial left:  100 top:  50
main_task_00007FB417008800: [00:00:18] ada_lib-gnoga-unit_test-window_events.adb:255 Ada_Lib.GNOGA.Unit_Test.Window_Events.Mouse_Drag (17)
main_task_00007FB417008800: [00:00:18] ada_lib-gnoga-unit_test-window_events.adb:363 Ada_Lib.GNOGA.Unit_Test.Window_Events.Mouse_Drag_Start_Handler (18) in
main_task_00007FB417008800: [00:00:18] ada_lib-gnoga-unit_test-window_events.adb:364 Ada_Lib.GNOGA.Unit_Test.Window_Events.Mouse_Drag_Start_Handler (18) out
main_task_00007FB417008800: [00:00:20] ada_lib-gnoga-unit_test-window_events.adb:333 Ada_Lib.GNOGA.Unit_Test.Window_Events.Mouse_Drop_Handler (18) in x  50 y  75 text: 'dropped'
main_task_00007FB417008800: [00:00:20] ada_lib-gnoga-unit_test-window_events.adb:335 Ada_Lib.GNOGA.Unit_Test.Window_Events.Mouse_Drop_Handler (18) out
main_task_00007FB417008800: [00:00:20] ada_lib-gnoga-unit_test-window_events.adb:286 Ada_Lib.GNOGA.Unit_Test.Window_Events.Mouse_Drag_End_Handler (18) in
main_task_00007FB417008800: [00:00:20] ada_lib-gnoga-unit_test-window_events.adb:288 Ada_Lib.GNOGA.Unit_Test.Window_Events.Mouse_Drag_End_Handler (18) out
main_task_00007FB417008800: [00:00:20] ada_lib-gnoga-unit_test-window_events.adb:301 Ada_Lib.GNOGA.Unit_Test.Window_Events.Mouse_Drag_Enter_Handler (18) in
main_task_00007FB417008800: [00:00:20] ada_lib-gnoga-unit_test-window_events.adb:303 Ada_Lib.GNOGA.Unit_Test.Window_Events.Mouse_Drag_Enter_Handler (18) out
main_task_00007FB417008800: [00:00:20] ada_lib-gnoga-unit_test-window_events.adb:348 Ada_Lib.GNOGA.Unit_Test.Window_Events.Mouse_Drag_Leave_Handler (18) in
main_task_00007FB417008800: [00:00:20] ada_lib-gnoga-unit_test-window_events.adb:350 Ada_Lib.GNOGA.Unit_Test.Window_Events.Mouse_Drag_Leave_Handler (18) out
main_task_00007FB417008800: [00:00:20] ada_lib-gnoga-unit_test-window_events.adb:273 Ada_Lib.GNOGA.Unit_Test.Window_Events.Mouse_Drag (17) out
main_task_00007FB417008800: [00:00:20] aunit-test_cases.adb:61 AUnit.Test_Cases.Run_Test (16) out
main_task_00007FB417008800: [00:00:20] aunit-test_cases.adb:116 AUnit.Test_Cases.Routine_Name (15) Mouse_Drag
main_task_00007FB417008800: [00:00:20] aunit-test_results.adb:221 AUnit.Test_Results.Add_Success (16) in Test_Name: 'GNOGA_Window_Events' Routine_Name: 'Mouse_Drag'
main_task_00007FB417008800: [00:00:20] aunit-test_results.adb:224 AUnit.Test_Results.Add_Success (16) out
main_task_00007FB417008800: [00:00:20] aunit-simple_test_cases-run_routine.adb:110 AUnit.Simple_Test_Cases.Run_Routine (15) out
main_task_00007FB417008800: [00:00:20] aunit-simple_test_cases.adb:136 AUnit.Simple_Test_Cases.Run (14)
main_task_00007FB417008800: [00:00:20] aunit-simple_test_cases.adb:138 AUnit.Simple_Test_Cases.Run (14)
main_task_00007FB417008800: [00:00:20] ada_lib-gnoga-unit_test-window_events.adb:631  (14) Ada_Lib.GNOGA.Unit_Test.Window_Events.Tear_Downmain_task_00007FB417008800: [00:00:20] ada_lib-gnoga-unit_test.adb:171 Ada_Lib.GNOGA.Unit_Test.Tear_Down (15) in Initialize_GNOGA TRUE
main_task_00007FB417008800: [00:00:20] ada_lib-gnoga-unit_test.adb:185 Ada_Lib.GNOGA.Unit_Test.Tear_Down (15) out
main_task_00007FB417008800: [00:00:20] aunit-simple_test_cases.adb:144 AUnit.Simple_Test_Cases.Run (14) out  outcome SUCCESS
main_task_00007FB417008800: [00:00:20] aunit-test_filters.adb:71 AUnit.Test_Filters.Is_Active (14) in Filter 0000000104754E10 no filter name tag ADA_LIB.GNOGA.UNIT_TEST.WINDOW_EVENTS.WINDOW_EVENT_TEST_TYPE test address 046BBC00
main_task_00007FB417008800: [00:00:20] aunit-test_filters.adb:79 AUnit.Test_Filters.Is_Active (14) out  no fiter its active
main_task_00007FB417008800: [00:00:20] aunit-test_cases.adb:93 AUnit.Test_Cases.Run (13)
main_task_00007FB417008800: [00:00:20] aunit-test_cases.adb:116 AUnit.Test_Cases.Routine_Name (13) Keyboard_Press
main_task_00007FB417008800: [00:00:20] aunit-simple_test_cases.adb:101 AUnit.Simple_Test_Cases.Run (14) in  suite: 'GNOGA_Window_Events' routine: 'Keyboard_Press'
main_task_00007FB417008800: [00:00:20] aunit-test_cases.adb:116 AUnit.Test_Cases.Routine_Name (14) Keyboard_Press
main_task_00007FB417008800: [00:00:20] aunit-simple_test_cases.adb:105 AUnit.Simple_Test_Cases.Run (14) check running suite: 'GNOGA_Window_Events' routine: 'Keyboard_Press'
main_task_00007FB417008800: [00:00:20] aunit-test_filters.adb:71 AUnit.Test_Filters.Is_Active (15) in Filter 0000000104754E10 no filter name tag ADA_LIB.GNOGA.UNIT_TEST.WINDOW_EVENTS.WINDOW_EVENT_TEST_TYPE test address 046BBC00
main_task_00007FB417008800: [00:00:20] aunit-test_filters.adb:79 AUnit.Test_Filters.Is_Active (15) out  no fiter its active
main_task_00007FB417008800: [00:00:20] aunit-test_cases.adb:116 AUnit.Test_Cases.Routine_Name (14) Keyboard_Press
running suite: 'GNOGA_Window_Events' routine: 'Keyboard_Press'
main_task_00007FB417008800: [00:00:20] aunit-simple_test_cases.adb:113 AUnit.Simple_Test_Cases.Run (14)
main_task_00007FB417008800: [00:00:20] aunit-test_results.adb:298 AUnit.Test_Results.Start_Test (15) in Tests_Run 18 Subtest_Count 1
main_task_00007FB417008800: [00:00:20] aunit-test_results.adb:301 AUnit.Test_Results.Start_Test (15) out
main_task_00007FB417008800: [00:00:20] aunit-simple_test_cases.adb:120 AUnit.Simple_Test_Cases.Run (14)
main_task_00007FB417008800: [00:00:20] ada_lib-gnoga-unit_test-window_events.adb:579 Ada_Lib.GNOGA.Unit_Test.Window_Events.Set_Up (15) in
main_task_00007FB417008800: [00:00:20] ada_lib-gnoga-unit_test.adb:138 Ada_Lib.GNOGA.Unit_Test.Set_Up (15) debug TRUE local debug TRUE
main_task_00007FB417008800: [00:00:20] ada_lib-gnoga-unit_test.adb:139 Ada_Lib.GNOGA.Unit_Test.Set_Up (16) in Initialize_GNOGA TRUE test driver FALSE
main_task_00007FB417008800: [00:00:20] ada_lib-gnoga-unit_test.adb:144 Ada_Lib.GNOGA.Unit_Test.Set_Up (16)  Initialize_GNOGA TRUE
main_task_00007FB417008800: [00:00:20] ada_lib-gnoga-unit_test.adb:147 Ada_Lib.GNOGA.Unit_Test.Set_Up (16)
2024-04-03 21:45:16.17 : HTTP Server Started
2024-04-03 21:45:16.33 : New long polling connection - ID 11
2024-04-03 21:45:16.37 : Swapping websocket connection  12 <=> 11
2024-04-03 21:45:16.42 : Shutting down long polling connection - 4
S4767b_00007FB42300EA00: [00:00:21] ada_lib-gnoga-unit_test.adb:206 Ada_Lib.GNOGA.Unit_Test.Test_Handler (2) in URL: 'http://127.0.0.1:8080/'
S4767b_00007FB42300EA00: [00:00:21] ada_lib-gnoga-unit_test.adb:212 Ada_Lib.GNOGA.Unit_Test.Test_Handler (2) out
main_task_00007FB417008800: [00:00:21] ada_lib-gnoga-unit_test.adb:158 Ada_Lib.GNOGA.Unit_Test.Set_Up (16)
main_task_00007FB417008800: [00:00:21] ada_lib-gnoga-unit_test.adb:161 Ada_Lib.GNOGA.Unit_Test.Set_Up (16) out
main_task_00007FB417008800: [00:00:21] ada_lib-gnoga-unit_test-window_events.adb:600 Ada_Lib.GNOGA.Unit_Test.Window_Events.Set_Up (15) out
main_task_00007FB417008800: [00:00:21] aunit-simple_test_cases.adb:134 AUnit.Simple_Test_Cases.Run (14)
main_task_00007FB417008800: [00:00:21] aunit-simple_test_cases-run_routine.adb:55 AUnit.Simple_Test_Cases.Run_Routine (15) in
main_task_00007FB417008800: [00:00:21] aunit-test_cases.adb:59 AUnit.Test_Cases.Run_Test (16) in
main_task_00007FB417008800: [00:00:21] ada_lib-gnoga-unit_test-window_events.adb:93 Ada_Lib.GNOGA.Unit_Test.Window_Events.Keyboard_Press (17) in
main_task_00007FB417008800: [00:00:21] ada_lib-gnoga-unit_test-window_events.adb:115 Ada_Lib.GNOGA.Unit_Test.Window_Events.Keyboard_Press (17)
main_task_00007FB417008800: [00:00:21] ada_lib-gnoga-unit_test-window_events.adb:152 Ada_Lib.GNOGA.Unit_Test.Window_Events.Keyboard_Down_Handler (18) in message type KEY_DOWN key code  39 Key_Char >
message type KEY_DOWN key code  39Right_Arrow Alt FALSE Control FALSE Shift FALSE Meta FALSE
main_task_00007FB417008800: [00:00:21] ada_lib-gnoga-unit_test-window_events.adb:199 Ada_Lib.GNOGA.Unit_Test.Window_Events.Keyboard_Down_Handler (18) out
main_task_00007FB417008800: [00:00:22] ada_lib-gnoga-unit_test-window_events.adb:152 Ada_Lib.GNOGA.Unit_Test.Window_Events.Keyboard_Down_Handler (18) in message type KEY_DOWN key code  39 Key_Char >
message type KEY_DOWN key code  39Right_Arrow Alt FALSE Control FALSE Shift FALSE Meta FALSE
main_task_00007FB417008800: [00:00:22] ada_lib-gnoga-unit_test-window_events.adb:199 Ada_Lib.GNOGA.Unit_Test.Window_Events.Keyboard_Down_Handler (18) out
main_task_00007FB417008800: [00:00:22] ada_lib-gnoga-unit_test-window_events.adb:152 Ada_Lib.GNOGA.Unit_Test.Window_Events.Keyboard_Down_Handler (18) in message type KEY_DOWN key code  39 Key_Char >
message type KEY_DOWN key code  39Right_Arrow Alt FALSE Control FALSE Shift FALSE Meta FALSE
main_task_00007FB417008800: [00:00:22] ada_lib-gnoga-unit_test-window_events.adb:199 Ada_Lib.GNOGA.Unit_Test.Window_Events.Keyboard_Down_Handler (18) out
main_task_00007FB417008800: [00:00:22] ada_lib-gnoga-unit_test-window_events.adb:152 Ada_Lib.GNOGA.Unit_Test.Window_Events.Keyboard_Down_Handler (18) in message type KEY_DOWN key code  39 Key_Char >
message type KEY_DOWN key code  39Right_Arrow Alt FALSE Control FALSE Shift FALSE Meta FALSE
main_task_00007FB417008800: [00:00:22] ada_lib-gnoga-unit_test-window_events.adb:199 Ada_Lib.GNOGA.Unit_Test.Window_Events.Keyboard_Down_Handler (18) out
main_task_00007FB417008800: [00:00:22] ada_lib-gnoga-unit_test-window_events.adb:152 Ada_Lib.GNOGA.Unit_Test.Window_Events.Keyboard_Down_Handler (18) in message type KEY_DOWN key code  39 Key_Char >
message type KEY_DOWN key code  39Right_Arrow Alt FALSE Control FALSE Shift FALSE Meta FALSE
main_task_00007FB417008800: [00:00:22] ada_lib-gnoga-unit_test-window_events.adb:199 Ada_Lib.GNOGA.Unit_Test.Window_Events.Keyboard_Down_Handler (18) out
main_task_00007FB417008800: [00:00:23] ada_lib-gnoga-unit_test-window_events.adb:152 Ada_Lib.GNOGA.Unit_Test.Window_Events.Keyboard_Down_Handler (18) in message type KEY_DOWN key code  39 Key_Char >
message type KEY_DOWN key code  39Right_Arrow Alt FALSE Control FALSE Shift FALSE Meta FALSE
main_task_00007FB417008800: [00:00:23] ada_lib-gnoga-unit_test-window_events.adb:199 Ada_Lib.GNOGA.Unit_Test.Window_Events.Keyboard_Down_Handler (18) out
main_task_00007FB417008800: [00:00:23] ada_lib-gnoga-unit_test-window_events.adb:152 Ada_Lib.GNOGA.Unit_Test.Window_Events.Keyboard_Down_Handler (18) in message type KEY_DOWN key code  39 Key_Char >
message type KEY_DOWN key code  39Right_Arrow Alt FALSE Control FALSE Shift FALSE Meta FALSE
main_task_00007FB417008800: [00:00:23] ada_lib-gnoga-unit_test-window_events.adb:199 Ada_Lib.GNOGA.Unit_Test.Window_Events.Keyboard_Down_Handler (18) out
main_task_00007FB417008800: [00:00:23] ada_lib-gnoga-unit_test-window_events.adb:152 Ada_Lib.GNOGA.Unit_Test.Window_Events.Keyboard_Down_Handler (18) in message type KEY_DOWN key code  39 Key_Char >
message type KEY_DOWN key code  39Right_Arrow Alt FALSE Control FALSE Shift FALSE Meta FALSE
main_task_00007FB417008800: [00:00:23] ada_lib-gnoga-unit_test-window_events.adb:199 Ada_Lib.GNOGA.Unit_Test.Window_Events.Keyboard_Down_Handler (18) out
main_task_00007FB417008800: [00:00:23] ada_lib-gnoga-unit_test-window_events.adb:152 Ada_Lib.GNOGA.Unit_Test.Window_Events.Keyboard_Down_Handler (18) in message type KEY_DOWN key code  39 Key_Char >
message type KEY_DOWN key code  39Right_Arrow Alt FALSE Control FALSE Shift FALSE Meta FALSE
main_task_00007FB417008800: [00:00:23] ada_lib-gnoga-unit_test-window_events.adb:199 Ada_Lib.GNOGA.Unit_Test.Window_Events.Keyboard_Down_Handler (18) out
main_task_00007FB417008800: [00:00:24] ada_lib-gnoga-unit_test-window_events.adb:152 Ada_Lib.GNOGA.Unit_Test.Window_Events.Keyboard_Down_Handler (18) in message type KEY_DOWN key code  39 Key_Char >
message type KEY_DOWN key code  39Right_Arrow Alt FALSE Control FALSE Shift FALSE Meta FALSE
main_task_00007FB417008800: [00:00:24] ada_lib-gnoga-unit_test-window_events.adb:199 Ada_Lib.GNOGA.Unit_Test.Window_Events.Keyboard_Down_Handler (18) out
main_task_00007FB417008800: [00:00:24] ada_lib-gnoga-unit_test-window_events.adb:126 Ada_Lib.GNOGA.Unit_Test.Window_Events.Keyboard_Press (17) out
main_task_00007FB417008800: [00:00:24] aunit-test_cases.adb:61 AUnit.Test_Cases.Run_Test (16) out
main_task_00007FB417008800: [00:00:24] aunit-test_cases.adb:116 AUnit.Test_Cases.Routine_Name (15) Keyboard_Press
main_task_00007FB417008800: [00:00:24] aunit-test_results.adb:221 AUnit.Test_Results.Add_Success (16) in Test_Name: 'GNOGA_Window_Events' Routine_Name: 'Keyboard_Press'
main_task_00007FB417008800: [00:00:24] aunit-test_results.adb:224 AUnit.Test_Results.Add_Success (16) out
main_task_00007FB417008800: [00:00:24] aunit-simple_test_cases-run_routine.adb:110 AUnit.Simple_Test_Cases.Run_Routine (15) out
main_task_00007FB417008800: [00:00:24] aunit-simple_test_cases.adb:136 AUnit.Simple_Test_Cases.Run (14)
main_task_00007FB417008800: [00:00:24] aunit-simple_test_cases.adb:138 AUnit.Simple_Test_Cases.Run (14)
main_task_00007FB417008800: [00:00:24] ada_lib-gnoga-unit_test-window_events.adb:631  (14) Ada_Lib.GNOGA.Unit_Test.Window_Events.Tear_Downmain_task_00007FB417008800: [00:00:24] ada_lib-gnoga-unit_test.adb:171 Ada_Lib.GNOGA.Unit_Test.Tear_Down (15) in Initialize_GNOGA TRUE
main_task_00007FB417008800: [00:00:24] ada_lib-gnoga-unit_test.adb:185 Ada_Lib.GNOGA.Unit_Test.Tear_Down (15) out
main_task_00007FB417008800: [00:00:24] aunit-simple_test_cases.adb:144 AUnit.Simple_Test_Cases.Run (14) out  outcome SUCCESS
main_task_00007FB417008800: [00:00:24] aunit-test_cases.adb:107 AUnit.Test_Cases.Run (13) out
main_task_00007FB417008800: [00:00:24] aunit-test_suites.adb:108 AUnit.Test_Suites.Run (12) out
main_task_00007FB417008800: [00:00:24] aunit-test_suites.adb:92 AUnit.Test_Suites.Run (11) Element find TS_ELT
main_task_00007FB417008800: [00:00:24] aunit-test_suites.adb:89 AUnit.Test_Suites.Run (12) in AUnit_Options 000000030CEE0CB0
main_task_00007FB417008800: [00:00:24] aunit-test_suites.adb:92 AUnit.Test_Suites.Run (12) Element find TC_ELT
main_task_00007FB417008800: [00:00:24] aunit-test_cases.adb:78 AUnit.Test_Cases.Run (13) in run options 000000030CEE0C00 have filter 0000000104754E10 test tag ADA_LIB.SOCKET_IO.CLIENT.UNIT_TEST.SOCKET_CLIENT_TEST_TYPE
main_task_00007FB417008800: [00:00:24] aunit-test_cases.adb:48 AUnit.Test_Cases.Add_Routine (16) in routine name: 'Test_Connect'
main_task_00007FB417008800: [00:00:24] aunit-test_cases.adb:50 AUnit.Test_Cases.Add_Routine (16) out
main_task_00007FB417008800: [00:00:24] aunit-test_filters.adb:71 AUnit.Test_Filters.Is_Active (14) in Filter 0000000104754E10 no filter name tag ADA_LIB.SOCKET_IO.CLIENT.UNIT_TEST.SOCKET_CLIENT_TEST_TYPE test address 046B7540
main_task_00007FB417008800: [00:00:24] aunit-test_filters.adb:79 AUnit.Test_Filters.Is_Active (14) out  no fiter its active
main_task_00007FB417008800: [00:00:24] aunit-test_cases.adb:93 AUnit.Test_Cases.Run (13)
main_task_00007FB417008800: [00:00:24] aunit-test_cases.adb:116 AUnit.Test_Cases.Routine_Name (13) Test_Connect
main_task_00007FB417008800: [00:00:24] aunit-simple_test_cases.adb:101 AUnit.Simple_Test_Cases.Run (14) in  suite: 'Client_Socket_IO' routine: 'Test_Connect'
main_task_00007FB417008800: [00:00:24] aunit-test_cases.adb:116 AUnit.Test_Cases.Routine_Name (14) Test_Connect
main_task_00007FB417008800: [00:00:24] aunit-simple_test_cases.adb:105 AUnit.Simple_Test_Cases.Run (14) check running suite: 'Client_Socket_IO' routine: 'Test_Connect'
main_task_00007FB417008800: [00:00:24] aunit-test_filters.adb:71 AUnit.Test_Filters.Is_Active (15) in Filter 0000000104754E10 no filter name tag ADA_LIB.SOCKET_IO.CLIENT.UNIT_TEST.SOCKET_CLIENT_TEST_TYPE test address 046B7540
main_task_00007FB417008800: [00:00:24] aunit-test_filters.adb:79 AUnit.Test_Filters.Is_Active (15) out  no fiter its active
main_task_00007FB417008800: [00:00:24] aunit-test_cases.adb:116 AUnit.Test_Cases.Routine_Name (14) Test_Connect
running suite: 'Client_Socket_IO' routine: 'Test_Connect'
main_task_00007FB417008800: [00:00:24] aunit-simple_test_cases.adb:113 AUnit.Simple_Test_Cases.Run (14)
main_task_00007FB417008800: [00:00:24] aunit-test_results.adb:298 AUnit.Test_Results.Start_Test (15) in Tests_Run 19 Subtest_Count 1
main_task_00007FB417008800: [00:00:24] aunit-test_results.adb:301 AUnit.Test_Results.Start_Test (15) out
main_task_00007FB417008800: [00:00:24] aunit-simple_test_cases.adb:120 AUnit.Simple_Test_Cases.Run (14)
main_task_00007FB417008800: [00:00:24] aunit-simple_test_cases.adb:134 AUnit.Simple_Test_Cases.Run (14)
main_task_00007FB417008800: [00:00:24] aunit-simple_test_cases-run_routine.adb:55 AUnit.Simple_Test_Cases.Run_Routine (15) in
main_task_00007FB417008800: [00:00:24] aunit-test_cases.adb:59 AUnit.Test_Cases.Run_Test (16) in
main_task_00007FB417008800: [00:00:24] aunit-test_cases.adb:61 AUnit.Test_Cases.Run_Test (16) out
main_task_00007FB417008800: [00:00:24] aunit-test_cases.adb:116 AUnit.Test_Cases.Routine_Name (15) Test_Connect
main_task_00007FB417008800: [00:00:24] aunit-test_results.adb:221 AUnit.Test_Results.Add_Success (16) in Test_Name: 'Client_Socket_IO' Routine_Name: 'Test_Connect'
main_task_00007FB417008800: [00:00:24] aunit-test_results.adb:224 AUnit.Test_Results.Add_Success (16) out
main_task_00007FB417008800: [00:00:24] aunit-simple_test_cases-run_routine.adb:110 AUnit.Simple_Test_Cases.Run_Routine (15) out
main_task_00007FB417008800: [00:00:24] aunit-simple_test_cases.adb:136 AUnit.Simple_Test_Cases.Run (14)
main_task_00007FB417008800: [00:00:24] aunit-simple_test_cases.adb:138 AUnit.Simple_Test_Cases.Run (14)
main_task_00007FB417008800: [00:00:24] aunit-simple_test_cases.adb:144 AUnit.Simple_Test_Cases.Run (14) out  outcome SUCCESS
main_task_00007FB417008800: [00:00:24] aunit-test_cases.adb:107 AUnit.Test_Cases.Run (13) out
main_task_00007FB417008800: [00:00:24] aunit-test_suites.adb:108 AUnit.Test_Suites.Run (12) out
main_task_00007FB417008800: [00:00:24] aunit-test_suites.adb:92 AUnit.Test_Suites.Run (11) Element find TS_ELT
main_task_00007FB417008800: [00:00:24] aunit-test_suites.adb:89 AUnit.Test_Suites.Run (12) in AUnit_Options 000000030CEE0CB0
main_task_00007FB417008800: [00:00:24] aunit-test_suites.adb:92 AUnit.Test_Suites.Run (12) Element find TC_ELT
main_task_00007FB417008800: [00:00:24] aunit-test_cases.adb:78 AUnit.Test_Cases.Run (13) in run options 000000030CEE0C00 have filter 0000000104754E10 test tag ADA_LIB.SOCKET_IO.STREAM_IO.UNIT_TEST.SOCKET_TEST_TYPE
main_task_00007FB417008800: [00:00:24] aunit-test_cases.adb:48 AUnit.Test_Cases.Add_Routine (16) in routine name: 'Socket_Open_Close'
main_task_00007FB417008800: [00:00:24] aunit-test_cases.adb:50 AUnit.Test_Cases.Add_Routine (16) out
main_task_00007FB417008800: [00:00:24] aunit-test_cases.adb:48 AUnit.Test_Cases.Add_Routine (16) in routine name: 'Socket_Send_Receive'
main_task_00007FB417008800: [00:00:24] aunit-test_cases.adb:50 AUnit.Test_Cases.Add_Routine (16) out
main_task_00007FB417008800: [00:00:24] aunit-test_cases.adb:48 AUnit.Test_Cases.Add_Routine (16) in routine name: 'Socket_Acknowledge_Send_Receive'
main_task_00007FB417008800: [00:00:24] aunit-test_cases.adb:50 AUnit.Test_Cases.Add_Routine (16) out
main_task_00007FB417008800: [00:00:24] aunit-test_cases.adb:48 AUnit.Test_Cases.Add_Routine (16) in routine name: 'Send_Receive_Missmatch_Read_Length'
main_task_00007FB417008800: [00:00:24] aunit-test_cases.adb:50 AUnit.Test_Cases.Add_Routine (16) out
main_task_00007FB417008800: [00:00:24] aunit-test_cases.adb:48 AUnit.Test_Cases.Add_Routine (16) in routine name: 'Socket_Timeout_Send_Receive'
main_task_00007FB417008800: [00:00:24] aunit-test_cases.adb:50 AUnit.Test_Cases.Add_Routine (16) out
main_task_00007FB417008800: [00:00:24] aunit-test_cases.adb:48 AUnit.Test_Cases.Add_Routine (16) in routine name: 'Server_Failure'
main_task_00007FB417008800: [00:00:24] aunit-test_cases.adb:50 AUnit.Test_Cases.Add_Routine (16) out
main_task_00007FB417008800: [00:00:24] aunit-test_filters.adb:71 AUnit.Test_Filters.Is_Active (14) in Filter 0000000104754E10 no filter name tag ADA_LIB.SOCKET_IO.STREAM_IO.UNIT_TEST.SOCKET_TEST_TYPE test address 046BA000
main_task_00007FB417008800: [00:00:24] aunit-test_filters.adb:79 AUnit.Test_Filters.Is_Active (14) out  no fiter its active
main_task_00007FB417008800: [00:00:24] aunit-test_cases.adb:93 AUnit.Test_Cases.Run (13)
main_task_00007FB417008800: [00:00:24] aunit-test_cases.adb:116 AUnit.Test_Cases.Routine_Name (13) Socket_Open_Close
main_task_00007FB417008800: [00:00:24] aunit-simple_test_cases.adb:101 AUnit.Simple_Test_Cases.Run (14) in  suite: 'Socket_Stream' routine: 'Socket_Open_Close'
main_task_00007FB417008800: [00:00:24] aunit-test_cases.adb:116 AUnit.Test_Cases.Routine_Name (14) Socket_Open_Close
main_task_00007FB417008800: [00:00:24] aunit-simple_test_cases.adb:105 AUnit.Simple_Test_Cases.Run (14) check running suite: 'Socket_Stream' routine: 'Socket_Open_Close'
main_task_00007FB417008800: [00:00:24] aunit-test_filters.adb:71 AUnit.Test_Filters.Is_Active (15) in Filter 0000000104754E10 no filter name tag ADA_LIB.SOCKET_IO.STREAM_IO.UNIT_TEST.SOCKET_TEST_TYPE test address 046BA000
main_task_00007FB417008800: [00:00:24] aunit-test_filters.adb:79 AUnit.Test_Filters.Is_Active (15) out  no fiter its active
main_task_00007FB417008800: [00:00:24] aunit-test_cases.adb:116 AUnit.Test_Cases.Routine_Name (14) Socket_Open_Close
running suite: 'Socket_Stream' routine: 'Socket_Open_Close'
main_task_00007FB417008800: [00:00:24] aunit-simple_test_cases.adb:113 AUnit.Simple_Test_Cases.Run (14)
main_task_00007FB417008800: [00:00:24] aunit-test_results.adb:298 AUnit.Test_Results.Start_Test (15) in Tests_Run 20 Subtest_Count 1
main_task_00007FB417008800: [00:00:24] aunit-test_results.adb:301 AUnit.Test_Results.Start_Test (15) out
main_task_00007FB417008800: [00:00:24] aunit-simple_test_cases.adb:120 AUnit.Simple_Test_Cases.Run (14)
main_task_00007FB417008800: [00:00:24] aunit-simple_test_cases.adb:134 AUnit.Simple_Test_Cases.Run (14)
main_task_00007FB417008800: [00:00:24] aunit-simple_test_cases-run_routine.adb:55 AUnit.Simple_Test_Cases.Run_Routine (15) in
main_task_00007FB417008800: [00:00:24] aunit-test_cases.adb:59 AUnit.Test_Cases.Run_Test (16) in
main_task_00007FB417008800: [00:00:25] aunit-test_cases.adb:61 AUnit.Test_Cases.Run_Test (15) out
main_task_00007FB417008800: [00:00:25] aunit-test_cases.adb:116 AUnit.Test_Cases.Routine_Name (14) Socket_Open_Close
main_task_00007FB417008800: [00:00:25] aunit-test_results.adb:221 AUnit.Test_Results.Add_Success (15) in Test_Name: 'Socket_Stream' Routine_Name: 'Socket_Open_Close'
main_task_00007FB417008800: [00:00:25] aunit-test_results.adb:224 AUnit.Test_Results.Add_Success (15) out
main_task_00007FB417008800: [00:00:25] aunit-simple_test_cases-run_routine.adb:110 AUnit.Simple_Test_Cases.Run_Routine (14) out
main_task_00007FB417008800: [00:00:25] aunit-simple_test_cases.adb:136 AUnit.Simple_Test_Cases.Run (13)
main_task_00007FB417008800: [00:00:25] aunit-simple_test_cases.adb:138 AUnit.Simple_Test_Cases.Run (13)
main_task_00007FB417008800: [00:00:25] aunit-simple_test_cases.adb:144 AUnit.Simple_Test_Cases.Run (13) out  outcome SUCCESS
main_task_00007FB417008800: [00:00:25] aunit-test_filters.adb:71 AUnit.Test_Filters.Is_Active (13) in Filter 0000000104754E10 no filter name tag ADA_LIB.SOCKET_IO.STREAM_IO.UNIT_TEST.SOCKET_TEST_TYPE test address 046BA000
main_task_00007FB417008800: [00:00:25] aunit-test_filters.adb:79 AUnit.Test_Filters.Is_Active (13) out  no fiter its active
main_task_00007FB417008800: [00:00:25] aunit-test_cases.adb:93 AUnit.Test_Cases.Run (12)
main_task_00007FB417008800: [00:00:25] aunit-test_cases.adb:116 AUnit.Test_Cases.Routine_Name (12) Socket_Send_Receive
main_task_00007FB417008800: [00:00:25] aunit-simple_test_cases.adb:101 AUnit.Simple_Test_Cases.Run (13) in  suite: 'Socket_Stream' routine: 'Socket_Send_Receive'
main_task_00007FB417008800: [00:00:25] aunit-test_cases.adb:116 AUnit.Test_Cases.Routine_Name (13) Socket_Send_Receive
main_task_00007FB417008800: [00:00:25] aunit-simple_test_cases.adb:105 AUnit.Simple_Test_Cases.Run (13) check running suite: 'Socket_Stream' routine: 'Socket_Send_Receive'
main_task_00007FB417008800: [00:00:25] aunit-test_filters.adb:71 AUnit.Test_Filters.Is_Active (14) in Filter 0000000104754E10 no filter name tag ADA_LIB.SOCKET_IO.STREAM_IO.UNIT_TEST.SOCKET_TEST_TYPE test address 046BA000
main_task_00007FB417008800: [00:00:25] aunit-test_filters.adb:79 AUnit.Test_Filters.Is_Active (14) out  no fiter its active
main_task_00007FB417008800: [00:00:25] aunit-test_cases.adb:116 AUnit.Test_Cases.Routine_Name (13) Socket_Send_Receive
running suite: 'Socket_Stream' routine: 'Socket_Send_Receive'
main_task_00007FB417008800: [00:00:25] aunit-simple_test_cases.adb:113 AUnit.Simple_Test_Cases.Run (13)
main_task_00007FB417008800: [00:00:25] aunit-test_results.adb:298 AUnit.Test_Results.Start_Test (14) in Tests_Run 21 Subtest_Count 1
main_task_00007FB417008800: [00:00:25] aunit-test_results.adb:301 AUnit.Test_Results.Start_Test (14) out
main_task_00007FB417008800: [00:00:25] aunit-simple_test_cases.adb:120 AUnit.Simple_Test_Cases.Run (13)
main_task_00007FB417008800: [00:00:25] aunit-simple_test_cases.adb:134 AUnit.Simple_Test_Cases.Run (13)
main_task_00007FB417008800: [00:00:25] aunit-simple_test_cases-run_routine.adb:55 AUnit.Simple_Test_Cases.Run_Routine (14) in
main_task_00007FB417008800: [00:00:25] aunit-test_cases.adb:59 AUnit.Test_Cases.Run_Test (15) in
missing log in from ada_lib-socket_io-stream_io-unit_test.adb:972:Ada_Lib.Socket_IO.Stream_IO.Unit_Test.Server_Task_Type
missing log in from ada_lib-socket_io-stream_io-unit_test.adb:752:Ada_Lib.Socket_IO.Stream_IO.Unit_Test.Client_Task_Type
main_task_00007FB417008800: [00:00:25] aunit-test_cases.adb:61 AUnit.Test_Cases.Run_Test (15) out
main_task_00007FB417008800: [00:00:25] aunit-test_cases.adb:116 AUnit.Test_Cases.Routine_Name (14) Socket_Send_Receive
main_task_00007FB417008800: [00:00:25] aunit-test_results.adb:221 AUnit.Test_Results.Add_Success (15) in Test_Name: 'Socket_Stream' Routine_Name: 'Socket_Send_Receive'
main_task_00007FB417008800: [00:00:25] aunit-test_results.adb:224 AUnit.Test_Results.Add_Success (15) out
main_task_00007FB417008800: [00:00:25] aunit-simple_test_cases-run_routine.adb:110 AUnit.Simple_Test_Cases.Run_Routine (14) out
main_task_00007FB417008800: [00:00:25] aunit-simple_test_cases.adb:136 AUnit.Simple_Test_Cases.Run (13)
main_task_00007FB417008800: [00:00:25] aunit-simple_test_cases.adb:138 AUnit.Simple_Test_Cases.Run (13)
main_task_00007FB417008800: [00:00:25] aunit-simple_test_cases.adb:144 AUnit.Simple_Test_Cases.Run (13) out  outcome SUCCESS
main_task_00007FB417008800: [00:00:25] aunit-test_filters.adb:71 AUnit.Test_Filters.Is_Active (13) in Filter 0000000104754E10 no filter name tag ADA_LIB.SOCKET_IO.STREAM_IO.UNIT_TEST.SOCKET_TEST_TYPE test address 046BA000
main_task_00007FB417008800: [00:00:25] aunit-test_filters.adb:79 AUnit.Test_Filters.Is_Active (13) out  no fiter its active
main_task_00007FB417008800: [00:00:25] aunit-test_cases.adb:93 AUnit.Test_Cases.Run (12)
main_task_00007FB417008800: [00:00:25] aunit-test_cases.adb:116 AUnit.Test_Cases.Routine_Name (12) Socket_Acknowledge_Send_Receive
main_task_00007FB417008800: [00:00:25] aunit-simple_test_cases.adb:101 AUnit.Simple_Test_Cases.Run (13) in  suite: 'Socket_Stream' routine: 'Socket_Acknowledge_Send_Receive'
main_task_00007FB417008800: [00:00:25] aunit-test_cases.adb:116 AUnit.Test_Cases.Routine_Name (13) Socket_Acknowledge_Send_Receive
main_task_00007FB417008800: [00:00:25] aunit-simple_test_cases.adb:105 AUnit.Simple_Test_Cases.Run (13) check running suite: 'Socket_Stream' routine: 'Socket_Acknowledge_Send_Receive'
main_task_00007FB417008800: [00:00:25] aunit-test_filters.adb:71 AUnit.Test_Filters.Is_Active (14) in Filter 0000000104754E10 no filter name tag ADA_LIB.SOCKET_IO.STREAM_IO.UNIT_TEST.SOCKET_TEST_TYPE test address 046BA000
main_task_00007FB417008800: [00:00:25] aunit-test_filters.adb:79 AUnit.Test_Filters.Is_Active (14) out  no fiter its active
main_task_00007FB417008800: [00:00:25] aunit-test_cases.adb:116 AUnit.Test_Cases.Routine_Name (13) Socket_Acknowledge_Send_Receive
running suite: 'Socket_Stream' routine: 'Socket_Acknowledge_Send_Receive'
main_task_00007FB417008800: [00:00:25] aunit-simple_test_cases.adb:113 AUnit.Simple_Test_Cases.Run (13)
main_task_00007FB417008800: [00:00:25] aunit-test_results.adb:298 AUnit.Test_Results.Start_Test (14) in Tests_Run 22 Subtest_Count 1
main_task_00007FB417008800: [00:00:25] aunit-test_results.adb:301 AUnit.Test_Results.Start_Test (14) out
main_task_00007FB417008800: [00:00:25] aunit-simple_test_cases.adb:120 AUnit.Simple_Test_Cases.Run (13)
main_task_00007FB417008800: [00:00:25] aunit-simple_test_cases.adb:134 AUnit.Simple_Test_Cases.Run (13)
main_task_00007FB417008800: [00:00:25] aunit-simple_test_cases-run_routine.adb:55 AUnit.Simple_Test_Cases.Run_Routine (14) in
main_task_00007FB417008800: [00:00:25] aunit-test_cases.adb:59 AUnit.Test_Cases.Run_Test (15) in
long test ~45 seconds
records 0
records 10
records 20
records 30
records 40
records 50
records 60
records 70
records 80
missing log in from ada_lib-socket_io-stream_io-unit_test.adb:752:Ada_Lib.Socket_IO.Stream_IO.Unit_Test.Client_Task_Type
missing log in from ada_lib-socket_io-stream_io-unit_test.adb:972:Ada_Lib.Socket_IO.Stream_IO.Unit_Test.Server_Task_Type
main_task_00007FB417008800: [00:00:41] aunit-test_cases.adb:61 AUnit.Test_Cases.Run_Test (15) out
main_task_00007FB417008800: [00:00:41] aunit-test_cases.adb:116 AUnit.Test_Cases.Routine_Name (14) Socket_Acknowledge_Send_Receive
main_task_00007FB417008800: [00:00:41] aunit-test_results.adb:221 AUnit.Test_Results.Add_Success (15) in Test_Name: 'Socket_Stream' Routine_Name: 'Socket_Acknowledge_Send_Receive'
main_task_00007FB417008800: [00:00:41] aunit-test_results.adb:224 AUnit.Test_Results.Add_Success (15) out
main_task_00007FB417008800: [00:00:41] aunit-simple_test_cases-run_routine.adb:110 AUnit.Simple_Test_Cases.Run_Routine (14) out
main_task_00007FB417008800: [00:00:41] aunit-simple_test_cases.adb:136 AUnit.Simple_Test_Cases.Run (13)
main_task_00007FB417008800: [00:00:41] aunit-simple_test_cases.adb:138 AUnit.Simple_Test_Cases.Run (13)
main_task_00007FB417008800: [00:00:41] aunit-simple_test_cases.adb:144 AUnit.Simple_Test_Cases.Run (13) out  outcome SUCCESS
main_task_00007FB417008800: [00:00:41] aunit-test_filters.adb:71 AUnit.Test_Filters.Is_Active (13) in Filter 0000000104754E10 no filter name tag ADA_LIB.SOCKET_IO.STREAM_IO.UNIT_TEST.SOCKET_TEST_TYPE test address 046BA000
main_task_00007FB417008800: [00:00:41] aunit-test_filters.adb:79 AUnit.Test_Filters.Is_Active (13) out  no fiter its active
main_task_00007FB417008800: [00:00:41] aunit-test_cases.adb:93 AUnit.Test_Cases.Run (12)
main_task_00007FB417008800: [00:00:41] aunit-test_cases.adb:116 AUnit.Test_Cases.Routine_Name (12) Send_Receive_Missmatch_Read_Length
main_task_00007FB417008800: [00:00:41] aunit-simple_test_cases.adb:101 AUnit.Simple_Test_Cases.Run (13) in  suite: 'Socket_Stream' routine: 'Send_Receive_Missmatch_Read_Length'
main_task_00007FB417008800: [00:00:41] aunit-test_cases.adb:116 AUnit.Test_Cases.Routine_Name (13) Send_Receive_Missmatch_Read_Length
main_task_00007FB417008800: [00:00:41] aunit-simple_test_cases.adb:105 AUnit.Simple_Test_Cases.Run (13) check running suite: 'Socket_Stream' routine: 'Send_Receive_Missmatch_Read_Length'
main_task_00007FB417008800: [00:00:41] aunit-test_filters.adb:71 AUnit.Test_Filters.Is_Active (14) in Filter 0000000104754E10 no filter name tag ADA_LIB.SOCKET_IO.STREAM_IO.UNIT_TEST.SOCKET_TEST_TYPE test address 046BA000
main_task_00007FB417008800: [00:00:41] aunit-test_filters.adb:79 AUnit.Test_Filters.Is_Active (14) out  no fiter its active
main_task_00007FB417008800: [00:00:41] aunit-test_cases.adb:116 AUnit.Test_Cases.Routine_Name (13) Send_Receive_Missmatch_Read_Length
running suite: 'Socket_Stream' routine: 'Send_Receive_Missmatch_Read_Length'
main_task_00007FB417008800: [00:00:41] aunit-simple_test_cases.adb:113 AUnit.Simple_Test_Cases.Run (13)
main_task_00007FB417008800: [00:00:41] aunit-test_results.adb:298 AUnit.Test_Results.Start_Test (14) in Tests_Run 23 Subtest_Count 1
main_task_00007FB417008800: [00:00:41] aunit-test_results.adb:301 AUnit.Test_Results.Start_Test (14) out
main_task_00007FB417008800: [00:00:41] aunit-simple_test_cases.adb:120 AUnit.Simple_Test_Cases.Run (13)
main_task_00007FB417008800: [00:00:41] aunit-simple_test_cases.adb:134 AUnit.Simple_Test_Cases.Run (13)
main_task_00007FB417008800: [00:00:41] aunit-simple_test_cases-run_routine.adb:55 AUnit.Simple_Test_Cases.Run_Routine (14) in
main_task_00007FB417008800: [00:00:41] aunit-test_cases.adb:59 AUnit.Test_Cases.Run_Test (15) in
long test ~45 seconds
-------------------- exception ----------------
server_00007FB421816E00: [00:00:41] caught at ada_lib-socket_io-stream_io-unit_test.adb:950  (4) exception: ADA_LIB.SOCKET_IO.STREAM_IO.TIMEOUT
exception message: ada_lib-socket_io-stream_io.adb:800
message: 'timeout not expected'
-----------------------------------------------
Server task failed with unexpected timeout ada_lib-socket_io-stream_io.adb:800
